[ 2017-07-12T04:51:41+08:00 ] 140.205.225.188 /
INFO: [ app_init ] --START--
INFO: Run Behavior\BuildLiteBehavior [ RunTime:0.000021s ]
INFO: [ app_init ] --END-- [ RunTime:0.002414s ]
INFO: [ app_begin ] --START--
INFO: Run Behavior\ReadHtmlCacheBehavior [ RunTime:0.003120s ]
INFO: [ app_begin ] --END-- [ RunTime:0.003225s ]
NOTIC: [8] Undefined index: openid /data/wwwroot/tpshop/Application/Mobile/Controller/MobileBaseController.class.php 第 49 行.
NOTIC: [8] Undefined index: openid /data/wwwroot/tpshop/Application/Mobile/Controller/MobileBaseController.class.php 第 127 行.

[ 2017-07-12T04:53:38+08:00 ] 140.205.225.188 /extensions/kindeditor/themes/default/default.png)
INFO: [ app_init ] --START--
INFO: Run Behavior\BuildLiteBehavior [ RunTime:0.000013s ]
INFO: [ app_init ] --END-- [ RunTime:0.000089s ]
NOTIC: [2] preg_replace(): Compilation failed: unmatched parentheses at offset 5 /data/wwwroot/tpshop/ThinkPHP/Library/Think/Dispatcher.class.php 第 127 行.
INFO: [ app_begin ] --START--
INFO: Run Behavior\ReadHtmlCacheBehavior [ RunTime:0.000064s ]
INFO: [ app_begin ] --END-- [ RunTime:0.000103s ]
ERR: 无法加载控制器:Kindeditor

[ 2017-07-12T15:31:26+08:00 ] 182.131.11.20 /
INFO: [ app_init ] --START--
INFO: Run Behavior\BuildLiteBehavior [ RunTime:0.000022s ]
INFO: [ app_init ] --END-- [ RunTime:0.002830s ]
INFO: [ app_begin ] --START--
INFO: Run Behavior\ReadHtmlCacheBehavior [ RunTime:0.002699s ]
INFO: [ app_begin ] --END-- [ RunTime:0.002773s ]
NOTIC: [8] Undefined index: openid /data/wwwroot/tpshop/Application/Mobile/Controller/MobileBaseController.class.php 第 49 行.
NOTIC: [8] Undefined index: openid /data/wwwroot/tpshop/Application/Mobile/Controller/MobileBaseController.class.php 第 127 行.

