[ 2017-07-25T11:00:55+08:00 ] 223.86.185.234 /Mobile
INFO: [ app_init ] --START--
INFO: Run Behavior\BuildLiteBehavior [ RunTime:0.000016s ]
INFO: [ app_init ] --END-- [ RunTime:0.003240s ]
INFO: [ app_begin ] --START--
INFO: Run Behavior\ReadHtmlCacheBehavior [ RunTime:0.000100s ]
INFO: [ app_begin ] --END-- [ RunTime:0.000170s ]
NOTIC: [8] Undefined index: openid /data/wwwroot/tpshop/Application/Mobile/Controller/MobileBaseController.class.php 第 49 行.
NOTIC: [8] Undefined index: openid /data/wwwroot/tpshop/Application/Mobile/Controller/MobileBaseController.class.php 第 127 行.

[ 2017-07-25T11:00:57+08:00 ] 223.86.185.234 /Mobile?code=071fQ0hH1YYNA602DziH1Ny7hH1fQ0hn&state=STATE
INFO: [ app_init ] --START--
INFO: Run Behavior\BuildLiteBehavior [ RunTime:0.000014s ]
INFO: [ app_init ] --END-- [ RunTime:0.000088s ]
INFO: [ app_begin ] --START--
INFO: Run Behavior\ReadHtmlCacheBehavior [ RunTime:0.000051s ]
INFO: [ app_begin ] --END-- [ RunTime:0.000090s ]
NOTIC: [8] Undefined index: openid /data/wwwroot/tpshop/Application/Mobile/Controller/MobileBaseController.class.php 第 49 行.
NOTIC: [8] Undefined index: openid /data/wwwroot/tpshop/Application/Mobile/Controller/MobileBaseController.class.php 第 127 行.
NOTIC: [8] Use of undefined constant appid - assumed 'appid' /data/wwwroot/tpshop/Application/Mobile/Controller/MobileBaseController.class.php 第 228 行.
NOTIC: [8] Use of undefined constant appsecret - assumed 'appsecret' /data/wwwroot/tpshop/Application/Mobile/Controller/MobileBaseController.class.php 第 228 行.
NOTIC: [2] Invalid argument supplied for foreach() /data/wwwroot/tpshop/ThinkPHP/Library/Think/Db/Driver.class.php 第 494 行.
INFO: [ view_begin ] --START--
INFO: Run Home\Behaviors\testBehavior [ RunTime:0.007583s ]
INFO: [ view_begin ] --END-- [ RunTime:0.007668s ]
INFO: [ view_parse ] --START--
NOTIC: [8] Undefined index: order /data/wwwroot/tpshop/ThinkPHP/Library/Think/Template/TagLib/Tpshop.class.php 第 35 行.
NOTIC: [8] Undefined index: where /data/wwwroot/tpshop/ThinkPHP/Library/Think/Template/TagLib/Tpshop.class.php 第 37 行.
NOTIC: [8] Undefined index: order /data/wwwroot/tpshop/ThinkPHP/Library/Think/Template/TagLib/Tpshop.class.php 第 35 行.
NOTIC: [8] Undefined index: where /data/wwwroot/tpshop/ThinkPHP/Library/Think/Template/TagLib/Tpshop.class.php 第 37 行.
NOTIC: [8] Undefined index: order /data/wwwroot/tpshop/ThinkPHP/Library/Think/Template/TagLib/Tpshop.class.php 第 35 行.
NOTIC: [8] Undefined index: where /data/wwwroot/tpshop/ThinkPHP/Library/Think/Template/TagLib/Tpshop.class.php 第 37 行.
NOTIC: [8] Undefined index: order /data/wwwroot/tpshop/ThinkPHP/Library/Think/Template/TagLib/Tpshop.class.php 第 35 行.
NOTIC: [8] Undefined index: where /data/wwwroot/tpshop/ThinkPHP/Library/Think/Template/TagLib/Tpshop.class.php 第 37 行.
NOTIC: [8] Undefined index: order /data/wwwroot/tpshop/ThinkPHP/Library/Think/Template/TagLib/Tpshop.class.php 第 35 行.
NOTIC: [8] Undefined index: where /data/wwwroot/tpshop/ThinkPHP/Library/Think/Template/TagLib/Tpshop.class.php 第 37 行.
NOTIC: [8] Undefined index: order /data/wwwroot/tpshop/ThinkPHP/Library/Think/Template/TagLib/Tpshop.class.php 第 35 行.
NOTIC: [8] Undefined index: where /data/wwwroot/tpshop/ThinkPHP/Library/Think/Template/TagLib/Tpshop.class.php 第 37 行.
NOTIC: [8] Undefined index: order /data/wwwroot/tpshop/ThinkPHP/Library/Think/Template/TagLib/Tpshop.class.php 第 35 行.
NOTIC: [8] Undefined index: where /data/wwwroot/tpshop/ThinkPHP/Library/Think/Template/TagLib/Tpshop.class.php 第 37 行.
NOTIC: [8] Undefined index: level /data/wwwroot/tpshop/ThinkPHP/Library/Think/Template/TagLib/Tpshop.class.php 第 155 行.
NOTIC: [8] Undefined index: level /data/wwwroot/tpshop/ThinkPHP/Library/Think/Template/TagLib/Tpshop.class.php 第 155 行.
NOTIC: [8] Undefined index: level /data/wwwroot/tpshop/ThinkPHP/Library/Think/Template/TagLib/Tpshop.class.php 第 155 行.
NOTIC: [8] Undefined index: level /data/wwwroot/tpshop/ThinkPHP/Library/Think/Template/TagLib/Tpshop.class.php 第 155 行.
NOTIC: [8] Undefined index: level /data/wwwroot/tpshop/ThinkPHP/Library/Think/Template/TagLib/Tpshop.class.php 第 155 行.
NOTIC: [8] Undefined index: level /data/wwwroot/tpshop/ThinkPHP/Library/Think/Template/TagLib/Tpshop.class.php 第 155 行.
INFO: [ template_filter ] --START--
INFO: Run Behavior\ContentReplaceBehavior [ RunTime:0.000297s ]
INFO: [ template_filter ] --END-- [ RunTime:0.000361s ]
NOTIC: [8] Use of undefined constant edit_ad - assumed 'edit_ad' /data/wwwroot/tpshop/Application/Runtime/Cache/Mobile/b5bbc2774616647d2eecc9fe44b263ed.php 第 83 行.
NOTIC: [8] Undefined index: edit_ad /data/wwwroot/tpshop/Application/Runtime/Cache/Mobile/b5bbc2774616647d2eecc9fe44b263ed.php 第 83 行.
NOTIC: [8] Use of undefined constant position - assumed 'position' /data/wwwroot/tpshop/Application/Runtime/Cache/Mobile/b5bbc2774616647d2eecc9fe44b263ed.php 第 83 行.
NOTIC: [8] Use of undefined constant pid - assumed 'pid' /data/wwwroot/tpshop/Application/Runtime/Cache/Mobile/b5bbc2774616647d2eecc9fe44b263ed.php 第 83 行.
NOTIC: [8] Use of undefined constant edit_ad - assumed 'edit_ad' /data/wwwroot/tpshop/Application/Runtime/Cache/Mobile/b5bbc2774616647d2eecc9fe44b263ed.php 第 83 行.
NOTIC: [8] Undefined index: edit_ad /data/wwwroot/tpshop/Application/Runtime/Cache/Mobile/b5bbc2774616647d2eecc9fe44b263ed.php 第 83 行.
NOTIC: [8] Use of undefined constant ad_code - assumed 'ad_code' /data/wwwroot/tpshop/Application/Runtime/Cache/Mobile/b5bbc2774616647d2eecc9fe44b263ed.php 第 83 行.
NOTIC: [8] Use of undefined constant title - assumed 'title' /data/wwwroot/tpshop/Application/Runtime/Cache/Mobile/b5bbc2774616647d2eecc9fe44b263ed.php 第 83 行.
NOTIC: [8] Undefined index: title /data/wwwroot/tpshop/Application/Runtime/Cache/Mobile/b5bbc2774616647d2eecc9fe44b263ed.php 第 83 行.
NOTIC: [8] Use of undefined constant style - assumed 'style' /data/wwwroot/tpshop/Application/Runtime/Cache/Mobile/b5bbc2774616647d2eecc9fe44b263ed.php 第 83 行.
NOTIC: [8] Undefined index: style /data/wwwroot/tpshop/Application/Runtime/Cache/Mobile/b5bbc2774616647d2eecc9fe44b263ed.php 第 83 行.
NOTIC: [8] Use of undefined constant position - assumed 'position' /data/wwwroot/tpshop/Application/Runtime/Cache/Mobile/b5bbc2774616647d2eecc9fe44b263ed.php 第 83 行.
NOTIC: [8] Use of undefined constant pid - assumed 'pid' /data/wwwroot/tpshop/Application/Runtime/Cache/Mobile/b5bbc2774616647d2eecc9fe44b263ed.php 第 83 行.
NOTIC: [8] Use of undefined constant edit_ad - assumed 'edit_ad' /data/wwwroot/tpshop/Application/Runtime/Cache/Mobile/b5bbc2774616647d2eecc9fe44b263ed.php 第 83 行.
NOTIC: [8] Undefined index: edit_ad /data/wwwroot/tpshop/Application/Runtime/Cache/Mobile/b5bbc2774616647d2eecc9fe44b263ed.php 第 83 行.
NOTIC: [8] Use of undefined constant ad_code - assumed 'ad_code' /data/wwwroot/tpshop/Application/Runtime/Cache/Mobile/b5bbc2774616647d2eecc9fe44b263ed.php 第 83 行.
NOTIC: [8] Use of undefined constant title - assumed 'title' /data/wwwroot/tpshop/Application/Runtime/Cache/Mobile/b5bbc2774616647d2eecc9fe44b263ed.php 第 83 行.
NOTIC: [8] Undefined index: title /data/wwwroot/tpshop/Application/Runtime/Cache/Mobile/b5bbc2774616647d2eecc9fe44b263ed.php 第 83 行.
NOTIC: [8] Use of undefined constant style - assumed 'style' /data/wwwroot/tpshop/Application/Runtime/Cache/Mobile/b5bbc2774616647d2eecc9fe44b263ed.php 第 83 行.
NOTIC: [8] Undefined index: style /data/wwwroot/tpshop/Application/Runtime/Cache/Mobile/b5bbc2774616647d2eecc9fe44b263ed.php 第 83 行.
NOTIC: [8] Use of undefined constant position - assumed 'position' /data/wwwroot/tpshop/Application/Runtime/Cache/Mobile/b5bbc2774616647d2eecc9fe44b263ed.php 第 83 行.
NOTIC: [8] Use of undefined constant pid - assumed 'pid' /data/wwwroot/tpshop/Application/Runtime/Cache/Mobile/b5bbc2774616647d2eecc9fe44b263ed.php 第 83 行.
NOTIC: [8] Use of undefined constant edit_ad - assumed 'edit_ad' /data/wwwroot/tpshop/Application/Runtime/Cache/Mobile/b5bbc2774616647d2eecc9fe44b263ed.php 第 83 行.
NOTIC: [8] Undefined index: edit_ad /data/wwwroot/tpshop/Application/Runtime/Cache/Mobile/b5bbc2774616647d2eecc9fe44b263ed.php 第 83 行.
NOTIC: [8] Use of undefined constant ad_code - assumed 'ad_code' /data/wwwroot/tpshop/Application/Runtime/Cache/Mobile/b5bbc2774616647d2eecc9fe44b263ed.php 第 83 行.
NOTIC: [8] Use of undefined constant title - assumed 'title' /data/wwwroot/tpshop/Application/Runtime/Cache/Mobile/b5bbc2774616647d2eecc9fe44b263ed.php 第 83 行.
NOTIC: [8] Undefined index: title /data/wwwroot/tpshop/Application/Runtime/Cache/Mobile/b5bbc2774616647d2eecc9fe44b263ed.php 第 83 行.
NOTIC: [8] Use of undefined constant style - assumed 'style' /data/wwwroot/tpshop/Application/Runtime/Cache/Mobile/b5bbc2774616647d2eecc9fe44b263ed.php 第 83 行.
NOTIC: [8] Undefined index: style /data/wwwroot/tpshop/Application/Runtime/Cache/Mobile/b5bbc2774616647d2eecc9fe44b263ed.php 第 83 行.
NOTIC: [8] Use of undefined constant position - assumed 'position' /data/wwwroot/tpshop/Application/Runtime/Cache/Mobile/b5bbc2774616647d2eecc9fe44b263ed.php 第 83 行.
NOTIC: [8] Use of undefined constant pid - assumed 'pid' /data/wwwroot/tpshop/Application/Runtime/Cache/Mobile/b5bbc2774616647d2eecc9fe44b263ed.php 第 83 行.
NOTIC: [8] Use of undefined constant edit_ad - assumed 'edit_ad' /data/wwwroot/tpshop/Application/Runtime/Cache/Mobile/b5bbc2774616647d2eecc9fe44b263ed.php 第 83 行.
NOTIC: [8] Undefined index: edit_ad /data/wwwroot/tpshop/Application/Runtime/Cache/Mobile/b5bbc2774616647d2eecc9fe44b263ed.php 第 83 行.
NOTIC: [8] Use of undefined constant ad_code - assumed 'ad_code' /data/wwwroot/tpshop/Application/Runtime/Cache/Mobile/b5bbc2774616647d2eecc9fe44b263ed.php 第 83 行.
NOTIC: [8] Use of undefined constant title - assumed 'title' /data/wwwroot/tpshop/Application/Runtime/Cache/Mobile/b5bbc2774616647d2eecc9fe44b263ed.php 第 83 行.
NOTIC: [8] Undefined index: title /data/wwwroot/tpshop/Application/Runtime/Cache/Mobile/b5bbc2774616647d2eecc9fe44b263ed.php 第 83 行.
NOTIC: [8] Use of undefined constant style - assumed 'style' /data/wwwroot/tpshop/Application/Runtime/Cache/Mobile/b5bbc2774616647d2eecc9fe44b263ed.php 第 83 行.
NOTIC: [8] Undefined index: style /data/wwwroot/tpshop/Application/Runtime/Cache/Mobile/b5bbc2774616647d2eecc9fe44b263ed.php 第 83 行.
NOTIC: [8] Use of undefined constant position - assumed 'position' /data/wwwroot/tpshop/Application/Runtime/Cache/Mobile/b5bbc2774616647d2eecc9fe44b263ed.php 第 186 行.
NOTIC: [8] Use of undefined constant pid - assumed 'pid' /data/wwwroot/tpshop/Application/Runtime/Cache/Mobile/b5bbc2774616647d2eecc9fe44b263ed.php 第 186 行.
NOTIC: [8] Use of undefined constant edit_ad - assumed 'edit_ad' /data/wwwroot/tpshop/Application/Runtime/Cache/Mobile/b5bbc2774616647d2eecc9fe44b263ed.php 第 186 行.
NOTIC: [8] Undefined index: edit_ad /data/wwwroot/tpshop/Application/Runtime/Cache/Mobile/b5bbc2774616647d2eecc9fe44b263ed.php 第 186 行.
NOTIC: [8] Use of undefined constant ad_code - assumed 'ad_code' /data/wwwroot/tpshop/Application/Runtime/Cache/Mobile/b5bbc2774616647d2eecc9fe44b263ed.php 第 187 行.
NOTIC: [8] Use of undefined constant title - assumed 'title' /data/wwwroot/tpshop/Application/Runtime/Cache/Mobile/b5bbc2774616647d2eecc9fe44b263ed.php 第 187 行.
NOTIC: [8] Undefined index: title /data/wwwroot/tpshop/Application/Runtime/Cache/Mobile/b5bbc2774616647d2eecc9fe44b263ed.php 第 187 行.
NOTIC: [8] Use of undefined constant style - assumed 'style' /data/wwwroot/tpshop/Application/Runtime/Cache/Mobile/b5bbc2774616647d2eecc9fe44b263ed.php 第 187 行.
NOTIC: [8] Undefined index: style /data/wwwroot/tpshop/Application/Runtime/Cache/Mobile/b5bbc2774616647d2eecc9fe44b263ed.php 第 187 行.
NOTIC: [8] Use of undefined constant position - assumed 'position' /data/wwwroot/tpshop/Application/Runtime/Cache/Mobile/b5bbc2774616647d2eecc9fe44b263ed.php 第 192 行.
NOTIC: [8] Use of undefined constant pid - assumed 'pid' /data/wwwroot/tpshop/Application/Runtime/Cache/Mobile/b5bbc2774616647d2eecc9fe44b263ed.php 第 192 行.
NOTIC: [8] Use of undefined constant edit_ad - assumed 'edit_ad' /data/wwwroot/tpshop/Application/Runtime/Cache/Mobile/b5bbc2774616647d2eecc9fe44b263ed.php 第 192 行.
NOTIC: [8] Undefined index: edit_ad /data/wwwroot/tpshop/Application/Runtime/Cache/Mobile/b5bbc2774616647d2eecc9fe44b263ed.php 第 192 行.
NOTIC: [8] Use of undefined constant ad_code - assumed 'ad_code' /data/wwwroot/tpshop/Application/Runtime/Cache/Mobile/b5bbc2774616647d2eecc9fe44b263ed.php 第 193 行.
NOTIC: [8] Use of undefined constant title - assumed 'title' /data/wwwroot/tpshop/Application/Runtime/Cache/Mobile/b5bbc2774616647d2eecc9fe44b263ed.php 第 193 行.
NOTIC: [8] Undefined index: title /data/wwwroot/tpshop/Application/Runtime/Cache/Mobile/b5bbc2774616647d2eecc9fe44b263ed.php 第 193 行.
NOTIC: [8] Use of undefined constant style - assumed 'style' /data/wwwroot/tpshop/Application/Runtime/Cache/Mobile/b5bbc2774616647d2eecc9fe44b263ed.php 第 193 行.
NOTIC: [8] Undefined index: style /data/wwwroot/tpshop/Application/Runtime/Cache/Mobile/b5bbc2774616647d2eecc9fe44b263ed.php 第 193 行.
NOTIC: [8] Use of undefined constant position - assumed 'position' /data/wwwroot/tpshop/Application/Runtime/Cache/Mobile/b5bbc2774616647d2eecc9fe44b263ed.php 第 197 行.
NOTIC: [8] Use of undefined constant pid - assumed 'pid' /data/wwwroot/tpshop/Application/Runtime/Cache/Mobile/b5bbc2774616647d2eecc9fe44b263ed.php 第 197 行.
NOTIC: [8] Use of undefined constant edit_ad - assumed 'edit_ad' /data/wwwroot/tpshop/Application/Runtime/Cache/Mobile/b5bbc2774616647d2eecc9fe44b263ed.php 第 197 行.
NOTIC: [8] Undefined index: edit_ad /data/wwwroot/tpshop/Application/Runtime/Cache/Mobile/b5bbc2774616647d2eecc9fe44b263ed.php 第 197 行.
NOTIC: [8] Use of undefined constant ad_code - assumed 'ad_code' /data/wwwroot/tpshop/Application/Runtime/Cache/Mobile/b5bbc2774616647d2eecc9fe44b263ed.php 第 198 行.
NOTIC: [8] Use of undefined constant title - assumed 'title' /data/wwwroot/tpshop/Application/Runtime/Cache/Mobile/b5bbc2774616647d2eecc9fe44b263ed.php 第 198 行.
NOTIC: [8] Undefined index: title /data/wwwroot/tpshop/Application/Runtime/Cache/Mobile/b5bbc2774616647d2eecc9fe44b263ed.php 第 198 行.
NOTIC: [8] Use of undefined constant style - assumed 'style' /data/wwwroot/tpshop/Application/Runtime/Cache/Mobile/b5bbc2774616647d2eecc9fe44b263ed.php 第 198 行.
NOTIC: [8] Undefined index: style /data/wwwroot/tpshop/Application/Runtime/Cache/Mobile/b5bbc2774616647d2eecc9fe44b263ed.php 第 198 行.
NOTIC: [8] Use of undefined constant position - assumed 'position' /data/wwwroot/tpshop/Application/Runtime/Cache/Mobile/b5bbc2774616647d2eecc9fe44b263ed.php 第 205 行.
NOTIC: [8] Use of undefined constant pid - assumed 'pid' /data/wwwroot/tpshop/Application/Runtime/Cache/Mobile/b5bbc2774616647d2eecc9fe44b263ed.php 第 205 行.
NOTIC: [8] Use of undefined constant edit_ad - assumed 'edit_ad' /data/wwwroot/tpshop/Application/Runtime/Cache/Mobile/b5bbc2774616647d2eecc9fe44b263ed.php 第 205 行.
NOTIC: [8] Undefined index: edit_ad /data/wwwroot/tpshop/Application/Runtime/Cache/Mobile/b5bbc2774616647d2eecc9fe44b263ed.php 第 205 行.
NOTIC: [8] Use of undefined constant ad_code - assumed 'ad_code' /data/wwwroot/tpshop/Application/Runtime/Cache/Mobile/b5bbc2774616647d2eecc9fe44b263ed.php 第 206 行.
NOTIC: [8] Use of undefined constant title - assumed 'title' /data/wwwroot/tpshop/Application/Runtime/Cache/Mobile/b5bbc2774616647d2eecc9fe44b263ed.php 第 206 行.
NOTIC: [8] Undefined index: title /data/wwwroot/tpshop/Application/Runtime/Cache/Mobile/b5bbc2774616647d2eecc9fe44b263ed.php 第 206 行.
NOTIC: [8] Use of undefined constant style - assumed 'style' /data/wwwroot/tpshop/Application/Runtime/Cache/Mobile/b5bbc2774616647d2eecc9fe44b263ed.php 第 206 行.
NOTIC: [8] Undefined index: style /data/wwwroot/tpshop/Application/Runtime/Cache/Mobile/b5bbc2774616647d2eecc9fe44b263ed.php 第 206 行.
NOTIC: [8] Use of undefined constant position - assumed 'position' /data/wwwroot/tpshop/Application/Runtime/Cache/Mobile/b5bbc2774616647d2eecc9fe44b263ed.php 第 210 行.
NOTIC: [8] Use of undefined constant pid - assumed 'pid' /data/wwwroot/tpshop/Application/Runtime/Cache/Mobile/b5bbc2774616647d2eecc9fe44b263ed.php 第 210 行.
NOTIC: [8] Use of undefined constant edit_ad - assumed 'edit_ad' /data/wwwroot/tpshop/Application/Runtime/Cache/Mobile/b5bbc2774616647d2eecc9fe44b263ed.php 第 210 行.
NOTIC: [8] Undefined index: edit_ad /data/wwwroot/tpshop/Application/Runtime/Cache/Mobile/b5bbc2774616647d2eecc9fe44b263ed.php 第 210 行.
NOTIC: [8] Use of undefined constant ad_code - assumed 'ad_code' /data/wwwroot/tpshop/Application/Runtime/Cache/Mobile/b5bbc2774616647d2eecc9fe44b263ed.php 第 211 行.
NOTIC: [8] Use of undefined constant title - assumed 'title' /data/wwwroot/tpshop/Application/Runtime/Cache/Mobile/b5bbc2774616647d2eecc9fe44b263ed.php 第 211 行.
NOTIC: [8] Undefined index: title /data/wwwroot/tpshop/Application/Runtime/Cache/Mobile/b5bbc2774616647d2eecc9fe44b263ed.php 第 211 行.
NOTIC: [8] Use of undefined constant style - assumed 'style' /data/wwwroot/tpshop/Application/Runtime/Cache/Mobile/b5bbc2774616647d2eecc9fe44b263ed.php 第 211 行.
NOTIC: [8] Undefined index: style /data/wwwroot/tpshop/Application/Runtime/Cache/Mobile/b5bbc2774616647d2eecc9fe44b263ed.php 第 211 行.
NOTIC: [8] Use of undefined constant goods_id - assumed 'goods_id' /data/wwwroot/tpshop/Application/Runtime/Cache/Mobile/b5bbc2774616647d2eecc9fe44b263ed.php 第 263 行.
NOTIC: [8] Use of undefined constant goods_id - assumed 'goods_id' /data/wwwroot/tpshop/Application/Runtime/Cache/Mobile/b5bbc2774616647d2eecc9fe44b263ed.php 第 265 行.
NOTIC: [8] Use of undefined constant goods_id - assumed 'goods_id' /data/wwwroot/tpshop/Application/Runtime/Cache/Mobile/b5bbc2774616647d2eecc9fe44b263ed.php 第 266 行.
NOTIC: [8] Use of undefined constant goods_id - assumed 'goods_id' /data/wwwroot/tpshop/Application/Runtime/Cache/Mobile/b5bbc2774616647d2eecc9fe44b263ed.php 第 268 行.
NOTIC: [8] Use of undefined constant goods_id - assumed 'goods_id' /data/wwwroot/tpshop/Application/Runtime/Cache/Mobile/b5bbc2774616647d2eecc9fe44b263ed.php 第 268 行.
NOTIC: [8] Use of undefined constant goods_id - assumed 'goods_id' /data/wwwroot/tpshop/Application/Runtime/Cache/Mobile/b5bbc2774616647d2eecc9fe44b263ed.php 第 263 行.
NOTIC: [8] Use of undefined constant goods_id - assumed 'goods_id' /data/wwwroot/tpshop/Application/Runtime/Cache/Mobile/b5bbc2774616647d2eecc9fe44b263ed.php 第 265 行.
NOTIC: [8] Use of undefined constant goods_id - assumed 'goods_id' /data/wwwroot/tpshop/Application/Runtime/Cache/Mobile/b5bbc2774616647d2eecc9fe44b263ed.php 第 266 行.
NOTIC: [8] Use of undefined constant goods_id - assumed 'goods_id' /data/wwwroot/tpshop/Application/Runtime/Cache/Mobile/b5bbc2774616647d2eecc9fe44b263ed.php 第 268 行.
NOTIC: [8] Use of undefined constant goods_id - assumed 'goods_id' /data/wwwroot/tpshop/Application/Runtime/Cache/Mobile/b5bbc2774616647d2eecc9fe44b263ed.php 第 268 行.
NOTIC: [8] Use of undefined constant goods_id - assumed 'goods_id' /data/wwwroot/tpshop/Application/Runtime/Cache/Mobile/b5bbc2774616647d2eecc9fe44b263ed.php 第 263 行.
NOTIC: [8] Use of undefined constant goods_id - assumed 'goods_id' /data/wwwroot/tpshop/Application/Runtime/Cache/Mobile/b5bbc2774616647d2eecc9fe44b263ed.php 第 265 行.
NOTIC: [8] Use of undefined constant goods_id - assumed 'goods_id' /data/wwwroot/tpshop/Application/Runtime/Cache/Mobile/b5bbc2774616647d2eecc9fe44b263ed.php 第 266 行.
NOTIC: [8] Use of undefined constant goods_id - assumed 'goods_id' /data/wwwroot/tpshop/Application/Runtime/Cache/Mobile/b5bbc2774616647d2eecc9fe44b263ed.php 第 268 行.
NOTIC: [8] Use of undefined constant goods_id - assumed 'goods_id' /data/wwwroot/tpshop/Application/Runtime/Cache/Mobile/b5bbc2774616647d2eecc9fe44b263ed.php 第 268 行.
NOTIC: [8] Use of undefined constant goods_id - assumed 'goods_id' /data/wwwroot/tpshop/Application/Runtime/Cache/Mobile/b5bbc2774616647d2eecc9fe44b263ed.php 第 282 行.
NOTIC: [8] Use of undefined constant goods_id - assumed 'goods_id' /data/wwwroot/tpshop/Application/Runtime/Cache/Mobile/b5bbc2774616647d2eecc9fe44b263ed.php 第 284 行.
NOTIC: [8] Use of undefined constant goods_id - assumed 'goods_id' /data/wwwroot/tpshop/Application/Runtime/Cache/Mobile/b5bbc2774616647d2eecc9fe44b263ed.php 第 286 行.
NOTIC: [8] Use of undefined constant goods_id - assumed 'goods_id' /data/wwwroot/tpshop/Application/Runtime/Cache/Mobile/b5bbc2774616647d2eecc9fe44b263ed.php 第 292 行.
NOTIC: [8] Use of undefined constant goods_id - assumed 'goods_id' /data/wwwroot/tpshop/Application/Runtime/Cache/Mobile/b5bbc2774616647d2eecc9fe44b263ed.php 第 282 行.
NOTIC: [8] Use of undefined constant goods_id - assumed 'goods_id' /data/wwwroot/tpshop/Application/Runtime/Cache/Mobile/b5bbc2774616647d2eecc9fe44b263ed.php 第 284 行.
NOTIC: [8] Use of undefined constant goods_id - assumed 'goods_id' /data/wwwroot/tpshop/Application/Runtime/Cache/Mobile/b5bbc2774616647d2eecc9fe44b263ed.php 第 286 行.
NOTIC: [8] Use of undefined constant goods_id - assumed 'goods_id' /data/wwwroot/tpshop/Application/Runtime/Cache/Mobile/b5bbc2774616647d2eecc9fe44b263ed.php 第 292 行.
NOTIC: [8] Use of undefined constant goods_id - assumed 'goods_id' /data/wwwroot/tpshop/Application/Runtime/Cache/Mobile/b5bbc2774616647d2eecc9fe44b263ed.php 第 282 行.
NOTIC: [8] Use of undefined constant goods_id - assumed 'goods_id' /data/wwwroot/tpshop/Application/Runtime/Cache/Mobile/b5bbc2774616647d2eecc9fe44b263ed.php 第 284 行.
NOTIC: [8] Use of undefined constant goods_id - assumed 'goods_id' /data/wwwroot/tpshop/Application/Runtime/Cache/Mobile/b5bbc2774616647d2eecc9fe44b263ed.php 第 286 行.
NOTIC: [8] Use of undefined constant goods_id - assumed 'goods_id' /data/wwwroot/tpshop/Application/Runtime/Cache/Mobile/b5bbc2774616647d2eecc9fe44b263ed.php 第 292 行.
NOTIC: [8] Use of undefined constant goods_id - assumed 'goods_id' /data/wwwroot/tpshop/Application/Runtime/Cache/Mobile/b5bbc2774616647d2eecc9fe44b263ed.php 第 314 行.
NOTIC: [8] Use of undefined constant goods_id - assumed 'goods_id' /data/wwwroot/tpshop/Application/Runtime/Cache/Mobile/b5bbc2774616647d2eecc9fe44b263ed.php 第 317 行.
NOTIC: [8] Use of undefined constant goods_id - assumed 'goods_id' /data/wwwroot/tpshop/Application/Runtime/Cache/Mobile/b5bbc2774616647d2eecc9fe44b263ed.php 第 321 行.
NOTIC: [8] Use of undefined constant goods_id - assumed 'goods_id' /data/wwwroot/tpshop/Application/Runtime/Cache/Mobile/b5bbc2774616647d2eecc9fe44b263ed.php 第 324 行.
NOTIC: [8] Use of undefined constant goods_id - assumed 'goods_id' /data/wwwroot/tpshop/Application/Runtime/Cache/Mobile/b5bbc2774616647d2eecc9fe44b263ed.php 第 314 行.
NOTIC: [8] Use of undefined constant goods_id - assumed 'goods_id' /data/wwwroot/tpshop/Application/Runtime/Cache/Mobile/b5bbc2774616647d2eecc9fe44b263ed.php 第 317 行.
NOTIC: [8] Use of undefined constant goods_id - assumed 'goods_id' /data/wwwroot/tpshop/Application/Runtime/Cache/Mobile/b5bbc2774616647d2eecc9fe44b263ed.php 第 321 行.
NOTIC: [8] Use of undefined constant goods_id - assumed 'goods_id' /data/wwwroot/tpshop/Application/Runtime/Cache/Mobile/b5bbc2774616647d2eecc9fe44b263ed.php 第 324 行.
NOTIC: [8] Use of undefined constant goods_id - assumed 'goods_id' /data/wwwroot/tpshop/Application/Runtime/Cache/Mobile/b5bbc2774616647d2eecc9fe44b263ed.php 第 314 行.
NOTIC: [8] Use of undefined constant goods_id - assumed 'goods_id' /data/wwwroot/tpshop/Application/Runtime/Cache/Mobile/b5bbc2774616647d2eecc9fe44b263ed.php 第 317 行.
NOTIC: [8] Use of undefined constant goods_id - assumed 'goods_id' /data/wwwroot/tpshop/Application/Runtime/Cache/Mobile/b5bbc2774616647d2eecc9fe44b263ed.php 第 321 行.
NOTIC: [8] Use of undefined constant goods_id - assumed 'goods_id' /data/wwwroot/tpshop/Application/Runtime/Cache/Mobile/b5bbc2774616647d2eecc9fe44b263ed.php 第 324 行.
NOTIC: [8] Use of undefined constant goods_id - assumed 'goods_id' /data/wwwroot/tpshop/Application/Runtime/Cache/Mobile/b5bbc2774616647d2eecc9fe44b263ed.php 第 314 行.
NOTIC: [8] Use of undefined constant goods_id - assumed 'goods_id' /data/wwwroot/tpshop/Application/Runtime/Cache/Mobile/b5bbc2774616647d2eecc9fe44b263ed.php 第 317 行.
NOTIC: [8] Use of undefined constant goods_id - assumed 'goods_id' /data/wwwroot/tpshop/Application/Runtime/Cache/Mobile/b5bbc2774616647d2eecc9fe44b263ed.php 第 321 行.
NOTIC: [8] Use of undefined constant goods_id - assumed 'goods_id' /data/wwwroot/tpshop/Application/Runtime/Cache/Mobile/b5bbc2774616647d2eecc9fe44b263ed.php 第 324 行.
NOTIC: [8] Use of undefined constant goods_id - assumed 'goods_id' /data/wwwroot/tpshop/Application/Runtime/Cache/Mobile/b5bbc2774616647d2eecc9fe44b263ed.php 第 314 行.
NOTIC: [8] Use of undefined constant goods_id - assumed 'goods_id' /data/wwwroot/tpshop/Application/Runtime/Cache/Mobile/b5bbc2774616647d2eecc9fe44b263ed.php 第 317 行.
NOTIC: [8] Use of undefined constant goods_id - assumed 'goods_id' /data/wwwroot/tpshop/Application/Runtime/Cache/Mobile/b5bbc2774616647d2eecc9fe44b263ed.php 第 321 行.
NOTIC: [8] Use of undefined constant goods_id - assumed 'goods_id' /data/wwwroot/tpshop/Application/Runtime/Cache/Mobile/b5bbc2774616647d2eecc9fe44b263ed.php 第 324 行.
NOTIC: [8] Use of undefined constant goods_id - assumed 'goods_id' /data/wwwroot/tpshop/Application/Runtime/Cache/Mobile/b5bbc2774616647d2eecc9fe44b263ed.php 第 314 行.
NOTIC: [8] Use of undefined constant goods_id - assumed 'goods_id' /data/wwwroot/tpshop/Application/Runtime/Cache/Mobile/b5bbc2774616647d2eecc9fe44b263ed.php 第 317 行.
NOTIC: [8] Use of undefined constant goods_id - assumed 'goods_id' /data/wwwroot/tpshop/Application/Runtime/Cache/Mobile/b5bbc2774616647d2eecc9fe44b263ed.php 第 321 行.
NOTIC: [8] Use of undefined constant goods_id - assumed 'goods_id' /data/wwwroot/tpshop/Application/Runtime/Cache/Mobile/b5bbc2774616647d2eecc9fe44b263ed.php 第 324 行.
NOTIC: [8] Use of undefined constant goods_id - assumed 'goods_id' /data/wwwroot/tpshop/Application/Runtime/Cache/Mobile/b5bbc2774616647d2eecc9fe44b263ed.php 第 314 行.
NOTIC: [8] Use of undefined constant goods_id - assumed 'goods_id' /data/wwwroot/tpshop/Application/Runtime/Cache/Mobile/b5bbc2774616647d2eecc9fe44b263ed.php 第 317 行.
NOTIC: [8] Use of undefined constant goods_id - assumed 'goods_id' /data/wwwroot/tpshop/Application/Runtime/Cache/Mobile/b5bbc2774616647d2eecc9fe44b263ed.php 第 321 行.
NOTIC: [8] Use of undefined constant goods_id - assumed 'goods_id' /data/wwwroot/tpshop/Application/Runtime/Cache/Mobile/b5bbc2774616647d2eecc9fe44b263ed.php 第 324 行.
NOTIC: [8] Use of undefined constant goods_id - assumed 'goods_id' /data/wwwroot/tpshop/Application/Runtime/Cache/Mobile/b5bbc2774616647d2eecc9fe44b263ed.php 第 314 行.
NOTIC: [8] Use of undefined constant goods_id - assumed 'goods_id' /data/wwwroot/tpshop/Application/Runtime/Cache/Mobile/b5bbc2774616647d2eecc9fe44b263ed.php 第 317 行.
NOTIC: [8] Use of undefined constant goods_id - assumed 'goods_id' /data/wwwroot/tpshop/Application/Runtime/Cache/Mobile/b5bbc2774616647d2eecc9fe44b263ed.php 第 321 行.
NOTIC: [8] Use of undefined constant goods_id - assumed 'goods_id' /data/wwwroot/tpshop/Application/Runtime/Cache/Mobile/b5bbc2774616647d2eecc9fe44b263ed.php 第 324 行.
NOTIC: [8] Use of undefined constant goods_id - assumed 'goods_id' /data/wwwroot/tpshop/Application/Runtime/Cache/Mobile/b5bbc2774616647d2eecc9fe44b263ed.php 第 314 行.
NOTIC: [8] Use of undefined constant goods_id - assumed 'goods_id' /data/wwwroot/tpshop/Application/Runtime/Cache/Mobile/b5bbc2774616647d2eecc9fe44b263ed.php 第 317 行.
NOTIC: [8] Use of undefined constant goods_id - assumed 'goods_id' /data/wwwroot/tpshop/Application/Runtime/Cache/Mobile/b5bbc2774616647d2eecc9fe44b263ed.php 第 321 行.
NOTIC: [8] Use of undefined constant goods_id - assumed 'goods_id' /data/wwwroot/tpshop/Application/Runtime/Cache/Mobile/b5bbc2774616647d2eecc9fe44b263ed.php 第 324 行.
NOTIC: [8] Use of undefined constant goods_id - assumed 'goods_id' /data/wwwroot/tpshop/Application/Runtime/Cache/Mobile/b5bbc2774616647d2eecc9fe44b263ed.php 第 358 行.
NOTIC: [8] Use of undefined constant goods_id - assumed 'goods_id' /data/wwwroot/tpshop/Application/Runtime/Cache/Mobile/b5bbc2774616647d2eecc9fe44b263ed.php 第 364 行.
NOTIC: [8] Use of undefined constant goods_id - assumed 'goods_id' /data/wwwroot/tpshop/Application/Runtime/Cache/Mobile/b5bbc2774616647d2eecc9fe44b263ed.php 第 367 行.
NOTIC: [8] Use of undefined constant goods_id - assumed 'goods_id' /data/wwwroot/tpshop/Application/Runtime/Cache/Mobile/b5bbc2774616647d2eecc9fe44b263ed.php 第 358 行.
NOTIC: [8] Use of undefined constant goods_id - assumed 'goods_id' /data/wwwroot/tpshop/Application/Runtime/Cache/Mobile/b5bbc2774616647d2eecc9fe44b263ed.php 第 364 行.
NOTIC: [8] Use of undefined constant goods_id - assumed 'goods_id' /data/wwwroot/tpshop/Application/Runtime/Cache/Mobile/b5bbc2774616647d2eecc9fe44b263ed.php 第 367 行.
NOTIC: [8] Use of undefined constant goods_id - assumed 'goods_id' /data/wwwroot/tpshop/Application/Runtime/Cache/Mobile/b5bbc2774616647d2eecc9fe44b263ed.php 第 358 行.
NOTIC: [8] Use of undefined constant goods_id - assumed 'goods_id' /data/wwwroot/tpshop/Application/Runtime/Cache/Mobile/b5bbc2774616647d2eecc9fe44b263ed.php 第 364 行.
NOTIC: [8] Use of undefined constant goods_id - assumed 'goods_id' /data/wwwroot/tpshop/Application/Runtime/Cache/Mobile/b5bbc2774616647d2eecc9fe44b263ed.php 第 367 行.
NOTIC: [8] Use of undefined constant goods_id - assumed 'goods_id' /data/wwwroot/tpshop/Application/Runtime/Cache/Mobile/b5bbc2774616647d2eecc9fe44b263ed.php 第 358 行.
NOTIC: [8] Use of undefined constant goods_id - assumed 'goods_id' /data/wwwroot/tpshop/Application/Runtime/Cache/Mobile/b5bbc2774616647d2eecc9fe44b263ed.php 第 364 行.
NOTIC: [8] Use of undefined constant goods_id - assumed 'goods_id' /data/wwwroot/tpshop/Application/Runtime/Cache/Mobile/b5bbc2774616647d2eecc9fe44b263ed.php 第 367 行.
NOTIC: [8] Use of undefined constant goods_id - assumed 'goods_id' /data/wwwroot/tpshop/Application/Runtime/Cache/Mobile/b5bbc2774616647d2eecc9fe44b263ed.php 第 358 行.
NOTIC: [8] Use of undefined constant goods_id - assumed 'goods_id' /data/wwwroot/tpshop/Application/Runtime/Cache/Mobile/b5bbc2774616647d2eecc9fe44b263ed.php 第 364 行.
NOTIC: [8] Use of undefined constant goods_id - assumed 'goods_id' /data/wwwroot/tpshop/Application/Runtime/Cache/Mobile/b5bbc2774616647d2eecc9fe44b263ed.php 第 367 行.
NOTIC: [8] Use of undefined constant goods_id - assumed 'goods_id' /data/wwwroot/tpshop/Application/Runtime/Cache/Mobile/b5bbc2774616647d2eecc9fe44b263ed.php 第 358 行.
NOTIC: [8] Use of undefined constant goods_id - assumed 'goods_id' /data/wwwroot/tpshop/Application/Runtime/Cache/Mobile/b5bbc2774616647d2eecc9fe44b263ed.php 第 364 行.
NOTIC: [8] Use of undefined constant goods_id - assumed 'goods_id' /data/wwwroot/tpshop/Application/Runtime/Cache/Mobile/b5bbc2774616647d2eecc9fe44b263ed.php 第 367 行.
NOTIC: [8] Use of undefined constant goods_id - assumed 'goods_id' /data/wwwroot/tpshop/Application/Runtime/Cache/Mobile/b5bbc2774616647d2eecc9fe44b263ed.php 第 358 行.
NOTIC: [8] Use of undefined constant goods_id - assumed 'goods_id' /data/wwwroot/tpshop/Application/Runtime/Cache/Mobile/b5bbc2774616647d2eecc9fe44b263ed.php 第 364 行.
NOTIC: [8] Use of undefined constant goods_id - assumed 'goods_id' /data/wwwroot/tpshop/Application/Runtime/Cache/Mobile/b5bbc2774616647d2eecc9fe44b263ed.php 第 367 行.
NOTIC: [8] Use of undefined constant goods_id - assumed 'goods_id' /data/wwwroot/tpshop/Application/Runtime/Cache/Mobile/b5bbc2774616647d2eecc9fe44b263ed.php 第 358 行.
NOTIC: [8] Use of undefined constant goods_id - assumed 'goods_id' /data/wwwroot/tpshop/Application/Runtime/Cache/Mobile/b5bbc2774616647d2eecc9fe44b263ed.php 第 364 行.
NOTIC: [8] Use of undefined constant goods_id - assumed 'goods_id' /data/wwwroot/tpshop/Application/Runtime/Cache/Mobile/b5bbc2774616647d2eecc9fe44b263ed.php 第 367 行.
NOTIC: [8] Use of undefined constant goods_id - assumed 'goods_id' /data/wwwroot/tpshop/Application/Runtime/Cache/Mobile/b5bbc2774616647d2eecc9fe44b263ed.php 第 358 行.
NOTIC: [8] Use of undefined constant goods_id - assumed 'goods_id' /data/wwwroot/tpshop/Application/Runtime/Cache/Mobile/b5bbc2774616647d2eecc9fe44b263ed.php 第 364 行.
NOTIC: [8] Use of undefined constant goods_id - assumed 'goods_id' /data/wwwroot/tpshop/Application/Runtime/Cache/Mobile/b5bbc2774616647d2eecc9fe44b263ed.php 第 367 行.
NOTIC: [8] Use of undefined constant goods_id - assumed 'goods_id' /data/wwwroot/tpshop/Application/Runtime/Cache/Mobile/b5bbc2774616647d2eecc9fe44b263ed.php 第 403 行.
NOTIC: [8] Use of undefined constant goods_id - assumed 'goods_id' /data/wwwroot/tpshop/Application/Runtime/Cache/Mobile/b5bbc2774616647d2eecc9fe44b263ed.php 第 409 行.
NOTIC: [8] Use of undefined constant goods_id - assumed 'goods_id' /data/wwwroot/tpshop/Application/Runtime/Cache/Mobile/b5bbc2774616647d2eecc9fe44b263ed.php 第 412 行.
NOTIC: [8] Use of undefined constant goods_id - assumed 'goods_id' /data/wwwroot/tpshop/Application/Runtime/Cache/Mobile/b5bbc2774616647d2eecc9fe44b263ed.php 第 403 行.
NOTIC: [8] Use of undefined constant goods_id - assumed 'goods_id' /data/wwwroot/tpshop/Application/Runtime/Cache/Mobile/b5bbc2774616647d2eecc9fe44b263ed.php 第 409 行.
NOTIC: [8] Use of undefined constant goods_id - assumed 'goods_id' /data/wwwroot/tpshop/Application/Runtime/Cache/Mobile/b5bbc2774616647d2eecc9fe44b263ed.php 第 412 行.
NOTIC: [8] Use of undefined constant goods_id - assumed 'goods_id' /data/wwwroot/tpshop/Application/Runtime/Cache/Mobile/b5bbc2774616647d2eecc9fe44b263ed.php 第 403 行.
NOTIC: [8] Use of undefined constant goods_id - assumed 'goods_id' /data/wwwroot/tpshop/Application/Runtime/Cache/Mobile/b5bbc2774616647d2eecc9fe44b263ed.php 第 409 行.
NOTIC: [8] Use of undefined constant goods_id - assumed 'goods_id' /data/wwwroot/tpshop/Application/Runtime/Cache/Mobile/b5bbc2774616647d2eecc9fe44b263ed.php 第 412 行.
NOTIC: [8] Use of undefined constant goods_id - assumed 'goods_id' /data/wwwroot/tpshop/Application/Runtime/Cache/Mobile/b5bbc2774616647d2eecc9fe44b263ed.php 第 403 行.
NOTIC: [8] Use of undefined constant goods_id - assumed 'goods_id' /data/wwwroot/tpshop/Application/Runtime/Cache/Mobile/b5bbc2774616647d2eecc9fe44b263ed.php 第 409 行.
NOTIC: [8] Use of undefined constant goods_id - assumed 'goods_id' /data/wwwroot/tpshop/Application/Runtime/Cache/Mobile/b5bbc2774616647d2eecc9fe44b263ed.php 第 412 行.
NOTIC: [8] Use of undefined constant goods_id - assumed 'goods_id' /data/wwwroot/tpshop/Application/Runtime/Cache/Mobile/b5bbc2774616647d2eecc9fe44b263ed.php 第 403 行.
NOTIC: [8] Use of undefined constant goods_id - assumed 'goods_id' /data/wwwroot/tpshop/Application/Runtime/Cache/Mobile/b5bbc2774616647d2eecc9fe44b263ed.php 第 409 行.
NOTIC: [8] Use of undefined constant goods_id - assumed 'goods_id' /data/wwwroot/tpshop/Application/Runtime/Cache/Mobile/b5bbc2774616647d2eecc9fe44b263ed.php 第 412 行.
NOTIC: [8] Use of undefined constant goods_id - assumed 'goods_id' /data/wwwroot/tpshop/Application/Runtime/Cache/Mobile/b5bbc2774616647d2eecc9fe44b263ed.php 第 403 行.
NOTIC: [8] Use of undefined constant goods_id - assumed 'goods_id' /data/wwwroot/tpshop/Application/Runtime/Cache/Mobile/b5bbc2774616647d2eecc9fe44b263ed.php 第 409 行.
NOTIC: [8] Use of undefined constant goods_id - assumed 'goods_id' /data/wwwroot/tpshop/Application/Runtime/Cache/Mobile/b5bbc2774616647d2eecc9fe44b263ed.php 第 412 行.
NOTIC: [8] Use of undefined constant goods_id - assumed 'goods_id' /data/wwwroot/tpshop/Application/Runtime/Cache/Mobile/b5bbc2774616647d2eecc9fe44b263ed.php 第 403 行.
NOTIC: [8] Use of undefined constant goods_id - assumed 'goods_id' /data/wwwroot/tpshop/Application/Runtime/Cache/Mobile/b5bbc2774616647d2eecc9fe44b263ed.php 第 409 行.
NOTIC: [8] Use of undefined constant goods_id - assumed 'goods_id' /data/wwwroot/tpshop/Application/Runtime/Cache/Mobile/b5bbc2774616647d2eecc9fe44b263ed.php 第 412 行.
NOTIC: [8] Use of undefined constant goods_id - assumed 'goods_id' /data/wwwroot/tpshop/Application/Runtime/Cache/Mobile/b5bbc2774616647d2eecc9fe44b263ed.php 第 403 行.
NOTIC: [8] Use of undefined constant goods_id - assumed 'goods_id' /data/wwwroot/tpshop/Application/Runtime/Cache/Mobile/b5bbc2774616647d2eecc9fe44b263ed.php 第 409 行.
NOTIC: [8] Use of undefined constant goods_id - assumed 'goods_id' /data/wwwroot/tpshop/Application/Runtime/Cache/Mobile/b5bbc2774616647d2eecc9fe44b263ed.php 第 412 行.
NOTIC: [8] Use of undefined constant goods_id - assumed 'goods_id' /data/wwwroot/tpshop/Application/Runtime/Cache/Mobile/b5bbc2774616647d2eecc9fe44b263ed.php 第 403 行.
NOTIC: [8] Use of undefined constant goods_id - assumed 'goods_id' /data/wwwroot/tpshop/Application/Runtime/Cache/Mobile/b5bbc2774616647d2eecc9fe44b263ed.php 第 409 行.
NOTIC: [8] Use of undefined constant goods_id - assumed 'goods_id' /data/wwwroot/tpshop/Application/Runtime/Cache/Mobile/b5bbc2774616647d2eecc9fe44b263ed.php 第 412 行.
NOTIC: [8] Use of undefined constant goods_id - assumed 'goods_id' /data/wwwroot/tpshop/Application/Runtime/Cache/Mobile/b5bbc2774616647d2eecc9fe44b263ed.php 第 445 行.
NOTIC: [8] Use of undefined constant goods_id - assumed 'goods_id' /data/wwwroot/tpshop/Application/Runtime/Cache/Mobile/b5bbc2774616647d2eecc9fe44b263ed.php 第 451 行.
NOTIC: [8] Use of undefined constant goods_id - assumed 'goods_id' /data/wwwroot/tpshop/Application/Runtime/Cache/Mobile/b5bbc2774616647d2eecc9fe44b263ed.php 第 454 行.
NOTIC: [8] Use of undefined constant goods_id - assumed 'goods_id' /data/wwwroot/tpshop/Application/Runtime/Cache/Mobile/b5bbc2774616647d2eecc9fe44b263ed.php 第 445 行.
NOTIC: [8] Use of undefined constant goods_id - assumed 'goods_id' /data/wwwroot/tpshop/Application/Runtime/Cache/Mobile/b5bbc2774616647d2eecc9fe44b263ed.php 第 451 行.
NOTIC: [8] Use of undefined constant goods_id - assumed 'goods_id' /data/wwwroot/tpshop/Application/Runtime/Cache/Mobile/b5bbc2774616647d2eecc9fe44b263ed.php 第 454 行.
NOTIC: [8] Use of undefined constant goods_id - assumed 'goods_id' /data/wwwroot/tpshop/Application/Runtime/Cache/Mobile/b5bbc2774616647d2eecc9fe44b263ed.php 第 445 行.
NOTIC: [8] Use of undefined constant goods_id - assumed 'goods_id' /data/wwwroot/tpshop/Application/Runtime/Cache/Mobile/b5bbc2774616647d2eecc9fe44b263ed.php 第 451 行.
NOTIC: [8] Use of undefined constant goods_id - assumed 'goods_id' /data/wwwroot/tpshop/Application/Runtime/Cache/Mobile/b5bbc2774616647d2eecc9fe44b263ed.php 第 454 行.
NOTIC: [8] Use of undefined constant goods_id - assumed 'goods_id' /data/wwwroot/tpshop/Application/Runtime/Cache/Mobile/b5bbc2774616647d2eecc9fe44b263ed.php 第 445 行.
NOTIC: [8] Use of undefined constant goods_id - assumed 'goods_id' /data/wwwroot/tpshop/Application/Runtime/Cache/Mobile/b5bbc2774616647d2eecc9fe44b263ed.php 第 451 行.
NOTIC: [8] Use of undefined constant goods_id - assumed 'goods_id' /data/wwwroot/tpshop/Application/Runtime/Cache/Mobile/b5bbc2774616647d2eecc9fe44b263ed.php 第 454 行.
NOTIC: [8] Use of undefined constant goods_id - assumed 'goods_id' /data/wwwroot/tpshop/Application/Runtime/Cache/Mobile/b5bbc2774616647d2eecc9fe44b263ed.php 第 445 行.
NOTIC: [8] Use of undefined constant goods_id - assumed 'goods_id' /data/wwwroot/tpshop/Application/Runtime/Cache/Mobile/b5bbc2774616647d2eecc9fe44b263ed.php 第 451 行.
NOTIC: [8] Use of undefined constant goods_id - assumed 'goods_id' /data/wwwroot/tpshop/Application/Runtime/Cache/Mobile/b5bbc2774616647d2eecc9fe44b263ed.php 第 454 行.
NOTIC: [8] Use of undefined constant goods_id - assumed 'goods_id' /data/wwwroot/tpshop/Application/Runtime/Cache/Mobile/b5bbc2774616647d2eecc9fe44b263ed.php 第 445 行.
NOTIC: [8] Use of undefined constant goods_id - assumed 'goods_id' /data/wwwroot/tpshop/Application/Runtime/Cache/Mobile/b5bbc2774616647d2eecc9fe44b263ed.php 第 451 行.
NOTIC: [8] Use of undefined constant goods_id - assumed 'goods_id' /data/wwwroot/tpshop/Application/Runtime/Cache/Mobile/b5bbc2774616647d2eecc9fe44b263ed.php 第 454 行.
NOTIC: [8] Use of undefined constant goods_id - assumed 'goods_id' /data/wwwroot/tpshop/Application/Runtime/Cache/Mobile/b5bbc2774616647d2eecc9fe44b263ed.php 第 445 行.
NOTIC: [8] Use of undefined constant goods_id - assumed 'goods_id' /data/wwwroot/tpshop/Application/Runtime/Cache/Mobile/b5bbc2774616647d2eecc9fe44b263ed.php 第 451 行.
NOTIC: [8] Use of undefined constant goods_id - assumed 'goods_id' /data/wwwroot/tpshop/Application/Runtime/Cache/Mobile/b5bbc2774616647d2eecc9fe44b263ed.php 第 454 行.
NOTIC: [8] Use of undefined constant goods_id - assumed 'goods_id' /data/wwwroot/tpshop/Application/Runtime/Cache/Mobile/b5bbc2774616647d2eecc9fe44b263ed.php 第 445 行.
NOTIC: [8] Use of undefined constant goods_id - assumed 'goods_id' /data/wwwroot/tpshop/Application/Runtime/Cache/Mobile/b5bbc2774616647d2eecc9fe44b263ed.php 第 451 行.
NOTIC: [8] Use of undefined constant goods_id - assumed 'goods_id' /data/wwwroot/tpshop/Application/Runtime/Cache/Mobile/b5bbc2774616647d2eecc9fe44b263ed.php 第 454 行.
NOTIC: [8] Use of undefined constant goods_id - assumed 'goods_id' /data/wwwroot/tpshop/Application/Runtime/Cache/Mobile/b5bbc2774616647d2eecc9fe44b263ed.php 第 445 行.
NOTIC: [8] Use of undefined constant goods_id - assumed 'goods_id' /data/wwwroot/tpshop/Application/Runtime/Cache/Mobile/b5bbc2774616647d2eecc9fe44b263ed.php 第 451 行.
NOTIC: [8] Use of undefined constant goods_id - assumed 'goods_id' /data/wwwroot/tpshop/Application/Runtime/Cache/Mobile/b5bbc2774616647d2eecc9fe44b263ed.php 第 454 行.
NOTIC: [8] Use of undefined constant position - assumed 'position' /data/wwwroot/tpshop/Application/Runtime/Cache/Mobile/b5bbc2774616647d2eecc9fe44b263ed.php 第 491 行.
NOTIC: [8] Use of undefined constant pid - assumed 'pid' /data/wwwroot/tpshop/Application/Runtime/Cache/Mobile/b5bbc2774616647d2eecc9fe44b263ed.php 第 491 行.
NOTIC: [8] Use of undefined constant edit_ad - assumed 'edit_ad' /data/wwwroot/tpshop/Application/Runtime/Cache/Mobile/b5bbc2774616647d2eecc9fe44b263ed.php 第 491 行.
NOTIC: [8] Undefined index: edit_ad /data/wwwroot/tpshop/Application/Runtime/Cache/Mobile/b5bbc2774616647d2eecc9fe44b263ed.php 第 491 行.
NOTIC: [8] Use of undefined constant ad_code - assumed 'ad_code' /data/wwwroot/tpshop/Application/Runtime/Cache/Mobile/b5bbc2774616647d2eecc9fe44b263ed.php 第 493 行.
NOTIC: [8] Use of undefined constant title - assumed 'title' /data/wwwroot/tpshop/Application/Runtime/Cache/Mobile/b5bbc2774616647d2eecc9fe44b263ed.php 第 493 行.
NOTIC: [8] Undefined index: title /data/wwwroot/tpshop/Application/Runtime/Cache/Mobile/b5bbc2774616647d2eecc9fe44b263ed.php 第 493 行.
NOTIC: [8] Use of undefined constant style - assumed 'style' /data/wwwroot/tpshop/Application/Runtime/Cache/Mobile/b5bbc2774616647d2eecc9fe44b263ed.php 第 493 行.
NOTIC: [8] Undefined index: style /data/wwwroot/tpshop/Application/Runtime/Cache/Mobile/b5bbc2774616647d2eecc9fe44b263ed.php 第 493 行.
NOTIC: [8] Use of undefined constant position - assumed 'position' /data/wwwroot/tpshop/Application/Runtime/Cache/Mobile/b5bbc2774616647d2eecc9fe44b263ed.php 第 491 行.
NOTIC: [8] Use of undefined constant pid - assumed 'pid' /data/wwwroot/tpshop/Application/Runtime/Cache/Mobile/b5bbc2774616647d2eecc9fe44b263ed.php 第 491 行.
NOTIC: [8] Use of undefined constant edit_ad - assumed 'edit_ad' /data/wwwroot/tpshop/Application/Runtime/Cache/Mobile/b5bbc2774616647d2eecc9fe44b263ed.php 第 491 行.
NOTIC: [8] Undefined index: edit_ad /data/wwwroot/tpshop/Application/Runtime/Cache/Mobile/b5bbc2774616647d2eecc9fe44b263ed.php 第 491 行.
NOTIC: [8] Use of undefined constant ad_code - assumed 'ad_code' /data/wwwroot/tpshop/Application/Runtime/Cache/Mobile/b5bbc2774616647d2eecc9fe44b263ed.php 第 493 行.
NOTIC: [8] Use of undefined constant title - assumed 'title' /data/wwwroot/tpshop/Application/Runtime/Cache/Mobile/b5bbc2774616647d2eecc9fe44b263ed.php 第 493 行.
NOTIC: [8] Undefined index: title /data/wwwroot/tpshop/Application/Runtime/Cache/Mobile/b5bbc2774616647d2eecc9fe44b263ed.php 第 493 行.
NOTIC: [8] Use of undefined constant style - assumed 'style' /data/wwwroot/tpshop/Application/Runtime/Cache/Mobile/b5bbc2774616647d2eecc9fe44b263ed.php 第 493 行.
NOTIC: [8] Undefined index: style /data/wwwroot/tpshop/Application/Runtime/Cache/Mobile/b5bbc2774616647d2eecc9fe44b263ed.php 第 493 行.
NOTIC: [8] Undefined variable: user_id /data/wwwroot/tpshop/Application/Runtime/Cache/Mobile/b5bbc2774616647d2eecc9fe44b263ed.php 第 557 行.
NOTIC: [8] Use of undefined constant HTTP_HOST - assumed 'HTTP_HOST' /data/wwwroot/tpshop/Application/Runtime/Cache/Mobile/b5bbc2774616647d2eecc9fe44b263ed.php 第 677 行.
NOTIC: [8] Use of undefined constant HTTP_HOST - assumed 'HTTP_HOST' /data/wwwroot/tpshop/Application/Runtime/Cache/Mobile/b5bbc2774616647d2eecc9fe44b263ed.php 第 678 行.
INFO: Run Behavior\ParseTemplateBehavior [ RunTime:0.679453s ]
INFO: [ view_parse ] --END-- [ RunTime:0.679532s ]
INFO: [ view_filter ] --START--
INFO: Run Behavior\WriteHtmlCacheBehavior [ RunTime:0.002312s ]
INFO: Run Behavior\TokenBuildBehavior [ RunTime:0.004728s ]
INFO: [ view_filter ] --END-- [ RunTime:0.007110s ]
INFO: [ app_end ] --START--
INFO: Run Behavior\ShowPageTraceBehavior [ RunTime:0.000055s ]
INFO: [ app_end ] --END-- [ RunTime:0.000117s ]

[ 2017-07-25T11:00:57+08:00 ] 223.86.185.234 /index.php?m=Mobile&c=Index&a=ajaxGetMore&p=1
INFO: [ app_init ] --START--
INFO: Run Behavior\BuildLiteBehavior [ RunTime:0.000020s ]
INFO: [ app_init ] --END-- [ RunTime:0.000129s ]
INFO: [ app_begin ] --START--
INFO: Run Behavior\ReadHtmlCacheBehavior [ RunTime:0.000052s ]
INFO: [ app_begin ] --END-- [ RunTime:0.000089s ]
INFO: [ view_begin ] --START--
INFO: Run Home\Behaviors\testBehavior [ RunTime:0.000118s ]
INFO: [ view_begin ] --END-- [ RunTime:0.000190s ]
INFO: [ view_parse ] --START--
INFO: [ template_filter ] --START--
INFO: Run Behavior\ContentReplaceBehavior [ RunTime:0.000048s ]
INFO: [ template_filter ] --END-- [ RunTime:0.000139s ]
NOTIC: [8] Use of undefined constant goods_id - assumed 'goods_id' /data/wwwroot/tpshop/Application/Runtime/Cache/Mobile/1e5b965c4527df62a04c05e6f82297a7.php 第 2 行.
NOTIC: [8] Use of undefined constant goods_id - assumed 'goods_id' /data/wwwroot/tpshop/Application/Runtime/Cache/Mobile/1e5b965c4527df62a04c05e6f82297a7.php 第 8 行.
NOTIC: [8] Use of undefined constant goods_id - assumed 'goods_id' /data/wwwroot/tpshop/Application/Runtime/Cache/Mobile/1e5b965c4527df62a04c05e6f82297a7.php 第 11 行.
NOTIC: [8] Use of undefined constant goods_id - assumed 'goods_id' /data/wwwroot/tpshop/Application/Runtime/Cache/Mobile/1e5b965c4527df62a04c05e6f82297a7.php 第 2 行.
NOTIC: [8] Use of undefined constant goods_id - assumed 'goods_id' /data/wwwroot/tpshop/Application/Runtime/Cache/Mobile/1e5b965c4527df62a04c05e6f82297a7.php 第 8 行.
NOTIC: [8] Use of undefined constant goods_id - assumed 'goods_id' /data/wwwroot/tpshop/Application/Runtime/Cache/Mobile/1e5b965c4527df62a04c05e6f82297a7.php 第 11 行.
NOTIC: [8] Use of undefined constant goods_id - assumed 'goods_id' /data/wwwroot/tpshop/Application/Runtime/Cache/Mobile/1e5b965c4527df62a04c05e6f82297a7.php 第 2 行.
NOTIC: [8] Use of undefined constant goods_id - assumed 'goods_id' /data/wwwroot/tpshop/Application/Runtime/Cache/Mobile/1e5b965c4527df62a04c05e6f82297a7.php 第 8 行.
NOTIC: [8] Use of undefined constant goods_id - assumed 'goods_id' /data/wwwroot/tpshop/Application/Runtime/Cache/Mobile/1e5b965c4527df62a04c05e6f82297a7.php 第 11 行.
NOTIC: [8] Use of undefined constant goods_id - assumed 'goods_id' /data/wwwroot/tpshop/Application/Runtime/Cache/Mobile/1e5b965c4527df62a04c05e6f82297a7.php 第 2 行.
NOTIC: [8] Use of undefined constant goods_id - assumed 'goods_id' /data/wwwroot/tpshop/Application/Runtime/Cache/Mobile/1e5b965c4527df62a04c05e6f82297a7.php 第 8 行.
NOTIC: [8] Use of undefined constant goods_id - assumed 'goods_id' /data/wwwroot/tpshop/Application/Runtime/Cache/Mobile/1e5b965c4527df62a04c05e6f82297a7.php 第 11 行.
NOTIC: [8] Use of undefined constant goods_id - assumed 'goods_id' /data/wwwroot/tpshop/Application/Runtime/Cache/Mobile/1e5b965c4527df62a04c05e6f82297a7.php 第 2 行.
NOTIC: [8] Use of undefined constant goods_id - assumed 'goods_id' /data/wwwroot/tpshop/Application/Runtime/Cache/Mobile/1e5b965c4527df62a04c05e6f82297a7.php 第 8 行.
NOTIC: [8] Use of undefined constant goods_id - assumed 'goods_id' /data/wwwroot/tpshop/Application/Runtime/Cache/Mobile/1e5b965c4527df62a04c05e6f82297a7.php 第 11 行.
NOTIC: [8] Use of undefined constant goods_id - assumed 'goods_id' /data/wwwroot/tpshop/Application/Runtime/Cache/Mobile/1e5b965c4527df62a04c05e6f82297a7.php 第 2 行.
NOTIC: [8] Use of undefined constant goods_id - assumed 'goods_id' /data/wwwroot/tpshop/Application/Runtime/Cache/Mobile/1e5b965c4527df62a04c05e6f82297a7.php 第 8 行.
NOTIC: [8] Use of undefined constant goods_id - assumed 'goods_id' /data/wwwroot/tpshop/Application/Runtime/Cache/Mobile/1e5b965c4527df62a04c05e6f82297a7.php 第 11 行.
NOTIC: [8] Use of undefined constant goods_id - assumed 'goods_id' /data/wwwroot/tpshop/Application/Runtime/Cache/Mobile/1e5b965c4527df62a04c05e6f82297a7.php 第 2 行.
NOTIC: [8] Use of undefined constant goods_id - assumed 'goods_id' /data/wwwroot/tpshop/Application/Runtime/Cache/Mobile/1e5b965c4527df62a04c05e6f82297a7.php 第 8 行.
NOTIC: [8] Use of undefined constant goods_id - assumed 'goods_id' /data/wwwroot/tpshop/Application/Runtime/Cache/Mobile/1e5b965c4527df62a04c05e6f82297a7.php 第 11 行.
NOTIC: [8] Use of undefined constant goods_id - assumed 'goods_id' /data/wwwroot/tpshop/Application/Runtime/Cache/Mobile/1e5b965c4527df62a04c05e6f82297a7.php 第 2 行.
NOTIC: [8] Use of undefined constant goods_id - assumed 'goods_id' /data/wwwroot/tpshop/Application/Runtime/Cache/Mobile/1e5b965c4527df62a04c05e6f82297a7.php 第 8 行.
NOTIC: [8] Use of undefined constant goods_id - assumed 'goods_id' /data/wwwroot/tpshop/Application/Runtime/Cache/Mobile/1e5b965c4527df62a04c05e6f82297a7.php 第 11 行.
NOTIC: [8] Use of undefined constant goods_id - assumed 'goods_id' /data/wwwroot/tpshop/Application/Runtime/Cache/Mobile/1e5b965c4527df62a04c05e6f82297a7.php 第 2 行.
NOTIC: [8] Use of undefined constant goods_id - assumed 'goods_id' /data/wwwroot/tpshop/Application/Runtime/Cache/Mobile/1e5b965c4527df62a04c05e6f82297a7.php 第 8 行.
NOTIC: [8] Use of undefined constant goods_id - assumed 'goods_id' /data/wwwroot/tpshop/Application/Runtime/Cache/Mobile/1e5b965c4527df62a04c05e6f82297a7.php 第 11 行.
NOTIC: [8] Use of undefined constant goods_id - assumed 'goods_id' /data/wwwroot/tpshop/Application/Runtime/Cache/Mobile/1e5b965c4527df62a04c05e6f82297a7.php 第 2 行.
NOTIC: [8] Use of undefined constant goods_id - assumed 'goods_id' /data/wwwroot/tpshop/Application/Runtime/Cache/Mobile/1e5b965c4527df62a04c05e6f82297a7.php 第 8 行.
NOTIC: [8] Use of undefined constant goods_id - assumed 'goods_id' /data/wwwroot/tpshop/Application/Runtime/Cache/Mobile/1e5b965c4527df62a04c05e6f82297a7.php 第 11 行.
INFO: Run Behavior\ParseTemplateBehavior [ RunTime:0.039931s ]
INFO: [ view_parse ] --END-- [ RunTime:0.040028s ]
INFO: [ view_filter ] --START--
INFO: Run Behavior\WriteHtmlCacheBehavior [ RunTime:0.000060s ]
INFO: Run Behavior\TokenBuildBehavior [ RunTime:0.000124s ]
INFO: [ view_filter ] --END-- [ RunTime:0.000234s ]
INFO: [ app_end ] --START--
INFO: Run Behavior\ShowPageTraceBehavior [ RunTime:0.000037s ]
INFO: [ app_end ] --END-- [ RunTime:0.000067s ]

[ 2017-07-25T11:01:05+08:00 ] 101.226.66.180 /Mobile
INFO: [ app_init ] --START--
INFO: Run Behavior\BuildLiteBehavior [ RunTime:0.000014s ]
INFO: [ app_init ] --END-- [ RunTime:0.000089s ]
INFO: [ app_begin ] --START--
INFO: Run Behavior\ReadHtmlCacheBehavior [ RunTime:0.000114s ]
INFO: [ app_begin ] --END-- [ RunTime:0.000154s ]
NOTIC: [8] Undefined index: openid /data/wwwroot/tpshop/Application/Mobile/Controller/MobileBaseController.class.php 第 49 行.
NOTIC: [8] Undefined index: openid /data/wwwroot/tpshop/Application/Mobile/Controller/MobileBaseController.class.php 第 127 行.

[ 2017-07-25T17:09:12+08:00 ] 182.140.177.167 /
INFO: [ app_init ] --START--
INFO: Run Behavior\BuildLiteBehavior [ RunTime:0.000021s ]
INFO: [ app_init ] --END-- [ RunTime:0.000126s ]
INFO: [ app_begin ] --START--
INFO: Run Behavior\ReadHtmlCacheBehavior [ RunTime:0.000091s ]
INFO: [ app_begin ] --END-- [ RunTime:0.000168s ]
NOTIC: [8] Undefined index: openid /data/wwwroot/tpshop/Application/Mobile/Controller/MobileBaseController.class.php 第 49 行.
NOTIC: [8] Undefined index: openid /data/wwwroot/tpshop/Application/Mobile/Controller/MobileBaseController.class.php 第 127 行.

[ 2017-07-25T17:09:20+08:00 ] 101.226.66.181 /
INFO: [ app_init ] --START--
INFO: Run Behavior\BuildLiteBehavior [ RunTime:0.000015s ]
INFO: [ app_init ] --END-- [ RunTime:0.000087s ]
INFO: [ app_begin ] --START--
INFO: Run Behavior\ReadHtmlCacheBehavior [ RunTime:0.000051s ]
INFO: [ app_begin ] --END-- [ RunTime:0.000090s ]
NOTIC: [8] Undefined index: openid /data/wwwroot/tpshop/Application/Mobile/Controller/MobileBaseController.class.php 第 49 行.
NOTIC: [8] Undefined index: openid /data/wwwroot/tpshop/Application/Mobile/Controller/MobileBaseController.class.php 第 127 行.

