[ 2017-07-05T00:31:41+08:00 ] 140.205.201.40 /
INFO: [ app_init ] --START--
INFO: Run Behavior\BuildLiteBehavior [ RunTime:0.000018s ]
INFO: [ app_init ] --END-- [ RunTime:0.000121s ]
INFO: [ app_begin ] --START--
INFO: Run Behavior\ReadHtmlCacheBehavior [ RunTime:0.000095s ]
INFO: [ app_begin ] --END-- [ RunTime:0.000163s ]
NOTIC: [8] Undefined index: openid /data/wwwroot/tpshop/Application/Mobile/Controller/MobileBaseController.class.php 第 49 行.
NOTIC: [8] Undefined index: openid /data/wwwroot/tpshop/Application/Mobile/Controller/MobileBaseController.class.php 第 127 行.

[ 2017-07-05T00:33:43+08:00 ] 140.205.201.40 /extensions/kindeditor/themes/default/default.png)
INFO: [ app_init ] --START--
INFO: Run Behavior\BuildLiteBehavior [ RunTime:0.000021s ]
INFO: [ app_init ] --END-- [ RunTime:0.000136s ]
NOTIC: [2] preg_replace(): Compilation failed: unmatched parentheses at offset 5 /data/wwwroot/tpshop/ThinkPHP/Library/Think/Dispatcher.class.php 第 127 行.
INFO: [ app_begin ] --START--
INFO: Run Behavior\ReadHtmlCacheBehavior [ RunTime:0.000093s ]
INFO: [ app_begin ] --END-- [ RunTime:0.000162s ]
ERR: 无法加载控制器:Kindeditor

[ 2017-07-05T07:42:56+08:00 ] 140.205.225.190 /extensions/kindeditor/themes/default/default.png)
INFO: [ app_init ] --START--
INFO: Run Behavior\BuildLiteBehavior [ RunTime:0.000014s ]
INFO: [ app_init ] --END-- [ RunTime:0.000091s ]
NOTIC: [2] preg_replace(): Compilation failed: unmatched parentheses at offset 5 /data/wwwroot/tpshop/ThinkPHP/Library/Think/Dispatcher.class.php 第 127 行.
INFO: [ app_begin ] --START--
INFO: Run Behavior\ReadHtmlCacheBehavior [ RunTime:0.009184s ]
INFO: [ app_begin ] --END-- [ RunTime:0.009266s ]
ERR: 无法加载控制器:Kindeditor

[ 2017-07-05T20:00:16+08:00 ] 182.140.175.143 /
INFO: [ app_init ] --START--
INFO: Run Behavior\BuildLiteBehavior [ RunTime:0.000026s ]
INFO: [ app_init ] --END-- [ RunTime:0.000224s ]
INFO: [ app_begin ] --START--
INFO: Run Behavior\ReadHtmlCacheBehavior [ RunTime:0.000087s ]
INFO: [ app_begin ] --END-- [ RunTime:0.000132s ]
NOTIC: [8] Undefined index: openid /data/wwwroot/tpshop/Application/Mobile/Controller/MobileBaseController.class.php 第 49 行.
NOTIC: [8] Undefined index: openid /data/wwwroot/tpshop/Application/Mobile/Controller/MobileBaseController.class.php 第 127 行.

[ 2017-07-05T20:00:20+08:00 ] 182.140.175.143 /?code=031YRupP0M8qP72wIRoP0TWvpP0YRupe&state=STATE
INFO: [ app_init ] --START--
INFO: Run Behavior\BuildLiteBehavior [ RunTime:0.000018s ]
INFO: [ app_init ] --END-- [ RunTime:0.000103s ]
INFO: [ app_begin ] --START--
INFO: Run Behavior\ReadHtmlCacheBehavior [ RunTime:0.000058s ]
INFO: [ app_begin ] --END-- [ RunTime:0.000098s ]
NOTIC: [8] Undefined index: openid /data/wwwroot/tpshop/Application/Mobile/Controller/MobileBaseController.class.php 第 49 行.
NOTIC: [8] Undefined index: openid /data/wwwroot/tpshop/Application/Mobile/Controller/MobileBaseController.class.php 第 127 行.
NOTIC: [8] Use of undefined constant appid - assumed 'appid' /data/wwwroot/tpshop/Application/Mobile/Controller/MobileBaseController.class.php 第 228 行.
NOTIC: [8] Use of undefined constant appsecret - assumed 'appsecret' /data/wwwroot/tpshop/Application/Mobile/Controller/MobileBaseController.class.php 第 228 行.
NOTIC: [8] Undefined index: first_leader /data/wwwroot/tpshop/Application/Home/Logic/UsersLogic.class.php 第 100 行.
NOTIC: [2] Invalid argument supplied for foreach() /data/wwwroot/tpshop/ThinkPHP/Library/Think/Db/Driver.class.php 第 494 行.
INFO: [ view_begin ] --START--
INFO: Run Home\Behaviors\testBehavior [ RunTime:0.026679s ]
INFO: [ view_begin ] --END-- [ RunTime:0.026811s ]
INFO: [ view_parse ] --START--
NOTIC: [8] Undefined index: order /data/wwwroot/tpshop/ThinkPHP/Library/Think/Template/TagLib/Tpshop.class.php 第 35 行.
NOTIC: [8] Undefined index: where /data/wwwroot/tpshop/ThinkPHP/Library/Think/Template/TagLib/Tpshop.class.php 第 37 行.
NOTIC: [8] Undefined index: order /data/wwwroot/tpshop/ThinkPHP/Library/Think/Template/TagLib/Tpshop.class.php 第 35 行.
NOTIC: [8] Undefined index: where /data/wwwroot/tpshop/ThinkPHP/Library/Think/Template/TagLib/Tpshop.class.php 第 37 行.
NOTIC: [8] Undefined index: order /data/wwwroot/tpshop/ThinkPHP/Library/Think/Template/TagLib/Tpshop.class.php 第 35 行.
NOTIC: [8] Undefined index: where /data/wwwroot/tpshop/ThinkPHP/Library/Think/Template/TagLib/Tpshop.class.php 第 37 行.
NOTIC: [8] Undefined index: order /data/wwwroot/tpshop/ThinkPHP/Library/Think/Template/TagLib/Tpshop.class.php 第 35 行.
NOTIC: [8] Undefined index: where /data/wwwroot/tpshop/ThinkPHP/Library/Think/Template/TagLib/Tpshop.class.php 第 37 行.
NOTIC: [8] Undefined index: order /data/wwwroot/tpshop/ThinkPHP/Library/Think/Template/TagLib/Tpshop.class.php 第 35 行.
NOTIC: [8] Undefined index: where /data/wwwroot/tpshop/ThinkPHP/Library/Think/Template/TagLib/Tpshop.class.php 第 37 行.
NOTIC: [8] Undefined index: order /data/wwwroot/tpshop/ThinkPHP/Library/Think/Template/TagLib/Tpshop.class.php 第 35 行.
NOTIC: [8] Undefined index: where /data/wwwroot/tpshop/ThinkPHP/Library/Think/Template/TagLib/Tpshop.class.php 第 37 行.
NOTIC: [8] Undefined index: order /data/wwwroot/tpshop/ThinkPHP/Library/Think/Template/TagLib/Tpshop.class.php 第 35 行.
NOTIC: [8] Undefined index: where /data/wwwroot/tpshop/ThinkPHP/Library/Think/Template/TagLib/Tpshop.class.php 第 37 行.
NOTIC: [8] Undefined index: level /data/wwwroot/tpshop/ThinkPHP/Library/Think/Template/TagLib/Tpshop.class.php 第 155 行.
NOTIC: [8] Undefined index: level /data/wwwroot/tpshop/ThinkPHP/Library/Think/Template/TagLib/Tpshop.class.php 第 155 行.
NOTIC: [8] Undefined index: level /data/wwwroot/tpshop/ThinkPHP/Library/Think/Template/TagLib/Tpshop.class.php 第 155 行.
NOTIC: [8] Undefined index: level /data/wwwroot/tpshop/ThinkPHP/Library/Think/Template/TagLib/Tpshop.class.php 第 155 行.
NOTIC: [8] Undefined index: level /data/wwwroot/tpshop/ThinkPHP/Library/Think/Template/TagLib/Tpshop.class.php 第 155 行.
NOTIC: [8] Undefined index: level /data/wwwroot/tpshop/ThinkPHP/Library/Think/Template/TagLib/Tpshop.class.php 第 155 行.
INFO: [ template_filter ] --START--
INFO: Run Behavior\ContentReplaceBehavior [ RunTime:0.000296s ]
INFO: [ template_filter ] --END-- [ RunTime:0.000358s ]
NOTIC: [8] Use of undefined constant edit_ad - assumed 'edit_ad' /data/wwwroot/tpshop/Application/Runtime/Cache/Mobile/b5bbc2774616647d2eecc9fe44b263ed.php 第 83 行.
NOTIC: [8] Undefined index: edit_ad /data/wwwroot/tpshop/Application/Runtime/Cache/Mobile/b5bbc2774616647d2eecc9fe44b263ed.php 第 83 行.
NOTIC: [8] Use of undefined constant position - assumed 'position' /data/wwwroot/tpshop/Application/Runtime/Cache/Mobile/b5bbc2774616647d2eecc9fe44b263ed.php 第 83 行.
NOTIC: [8] Use of undefined constant pid - assumed 'pid' /data/wwwroot/tpshop/Application/Runtime/Cache/Mobile/b5bbc2774616647d2eecc9fe44b263ed.php 第 83 行.
NOTIC: [8] Use of undefined constant edit_ad - assumed 'edit_ad' /data/wwwroot/tpshop/Application/Runtime/Cache/Mobile/b5bbc2774616647d2eecc9fe44b263ed.php 第 83 行.
NOTIC: [8] Undefined index: edit_ad /data/wwwroot/tpshop/Application/Runtime/Cache/Mobile/b5bbc2774616647d2eecc9fe44b263ed.php 第 83 行.
NOTIC: [8] Use of undefined constant ad_code - assumed 'ad_code' /data/wwwroot/tpshop/Application/Runtime/Cache/Mobile/b5bbc2774616647d2eecc9fe44b263ed.php 第 83 行.
NOTIC: [8] Use of undefined constant title - assumed 'title' /data/wwwroot/tpshop/Application/Runtime/Cache/Mobile/b5bbc2774616647d2eecc9fe44b263ed.php 第 83 行.
NOTIC: [8] Undefined index: title /data/wwwroot/tpshop/Application/Runtime/Cache/Mobile/b5bbc2774616647d2eecc9fe44b263ed.php 第 83 行.
NOTIC: [8] Use of undefined constant style - assumed 'style' /data/wwwroot/tpshop/Application/Runtime/Cache/Mobile/b5bbc2774616647d2eecc9fe44b263ed.php 第 83 行.
NOTIC: [8] Undefined index: style /data/wwwroot/tpshop/Application/Runtime/Cache/Mobile/b5bbc2774616647d2eecc9fe44b263ed.php 第 83 行.
NOTIC: [8] Use of undefined constant position - assumed 'position' /data/wwwroot/tpshop/Application/Runtime/Cache/Mobile/b5bbc2774616647d2eecc9fe44b263ed.php 第 83 行.
NOTIC: [8] Use of undefined constant pid - assumed 'pid' /data/wwwroot/tpshop/Application/Runtime/Cache/Mobile/b5bbc2774616647d2eecc9fe44b263ed.php 第 83 行.
NOTIC: [8] Use of undefined constant edit_ad - assumed 'edit_ad' /data/wwwroot/tpshop/Application/Runtime/Cache/Mobile/b5bbc2774616647d2eecc9fe44b263ed.php 第 83 行.
NOTIC: [8] Undefined index: edit_ad /data/wwwroot/tpshop/Application/Runtime/Cache/Mobile/b5bbc2774616647d2eecc9fe44b263ed.php 第 83 行.
NOTIC: [8] Use of undefined constant ad_code - assumed 'ad_code' /data/wwwroot/tpshop/Application/Runtime/Cache/Mobile/b5bbc2774616647d2eecc9fe44b263ed.php 第 83 行.
NOTIC: [8] Use of undefined constant title - assumed 'title' /data/wwwroot/tpshop/Application/Runtime/Cache/Mobile/b5bbc2774616647d2eecc9fe44b263ed.php 第 83 行.
NOTIC: [8] Undefined index: title /data/wwwroot/tpshop/Application/Runtime/Cache/Mobile/b5bbc2774616647d2eecc9fe44b263ed.php 第 83 行.
NOTIC: [8] Use of undefined constant style - assumed 'style' /data/wwwroot/tpshop/Application/Runtime/Cache/Mobile/b5bbc2774616647d2eecc9fe44b263ed.php 第 83 行.
NOTIC: [8] Undefined index: style /data/wwwroot/tpshop/Application/Runtime/Cache/Mobile/b5bbc2774616647d2eecc9fe44b263ed.php 第 83 行.
NOTIC: [8] Use of undefined constant position - assumed 'position' /data/wwwroot/tpshop/Application/Runtime/Cache/Mobile/b5bbc2774616647d2eecc9fe44b263ed.php 第 83 行.
NOTIC: [8] Use of undefined constant pid - assumed 'pid' /data/wwwroot/tpshop/Application/Runtime/Cache/Mobile/b5bbc2774616647d2eecc9fe44b263ed.php 第 83 行.
NOTIC: [8] Use of undefined constant edit_ad - assumed 'edit_ad' /data/wwwroot/tpshop/Application/Runtime/Cache/Mobile/b5bbc2774616647d2eecc9fe44b263ed.php 第 83 行.
NOTIC: [8] Undefined index: edit_ad /data/wwwroot/tpshop/Application/Runtime/Cache/Mobile/b5bbc2774616647d2eecc9fe44b263ed.php 第 83 行.
NOTIC: [8] Use of undefined constant ad_code - assumed 'ad_code' /data/wwwroot/tpshop/Application/Runtime/Cache/Mobile/b5bbc2774616647d2eecc9fe44b263ed.php 第 83 行.
NOTIC: [8] Use of undefined constant title - assumed 'title' /data/wwwroot/tpshop/Application/Runtime/Cache/Mobile/b5bbc2774616647d2eecc9fe44b263ed.php 第 83 行.
NOTIC: [8] Undefined index: title /data/wwwroot/tpshop/Application/Runtime/Cache/Mobile/b5bbc2774616647d2eecc9fe44b263ed.php 第 83 行.
NOTIC: [8] Use of undefined constant style - assumed 'style' /data/wwwroot/tpshop/Application/Runtime/Cache/Mobile/b5bbc2774616647d2eecc9fe44b263ed.php 第 83 行.
NOTIC: [8] Undefined index: style /data/wwwroot/tpshop/Application/Runtime/Cache/Mobile/b5bbc2774616647d2eecc9fe44b263ed.php 第 83 行.
NOTIC: [8] Use of undefined constant position - assumed 'position' /data/wwwroot/tpshop/Application/Runtime/Cache/Mobile/b5bbc2774616647d2eecc9fe44b263ed.php 第 83 行.
NOTIC: [8] Use of undefined constant pid - assumed 'pid' /data/wwwroot/tpshop/Application/Runtime/Cache/Mobile/b5bbc2774616647d2eecc9fe44b263ed.php 第 83 行.
NOTIC: [8] Use of undefined constant edit_ad - assumed 'edit_ad' /data/wwwroot/tpshop/Application/Runtime/Cache/Mobile/b5bbc2774616647d2eecc9fe44b263ed.php 第 83 行.
NOTIC: [8] Undefined index: edit_ad /data/wwwroot/tpshop/Application/Runtime/Cache/Mobile/b5bbc2774616647d2eecc9fe44b263ed.php 第 83 行.
NOTIC: [8] Use of undefined constant ad_code - assumed 'ad_code' /data/wwwroot/tpshop/Application/Runtime/Cache/Mobile/b5bbc2774616647d2eecc9fe44b263ed.php 第 83 行.
NOTIC: [8] Use of undefined constant title - assumed 'title' /data/wwwroot/tpshop/Application/Runtime/Cache/Mobile/b5bbc2774616647d2eecc9fe44b263ed.php 第 83 行.
NOTIC: [8] Undefined index: title /data/wwwroot/tpshop/Application/Runtime/Cache/Mobile/b5bbc2774616647d2eecc9fe44b263ed.php 第 83 行.
NOTIC: [8] Use of undefined constant style - assumed 'style' /data/wwwroot/tpshop/Application/Runtime/Cache/Mobile/b5bbc2774616647d2eecc9fe44b263ed.php 第 83 行.
NOTIC: [8] Undefined index: style /data/wwwroot/tpshop/Application/Runtime/Cache/Mobile/b5bbc2774616647d2eecc9fe44b263ed.php 第 83 行.
NOTIC: [8] Use of undefined constant position - assumed 'position' /data/wwwroot/tpshop/Application/Runtime/Cache/Mobile/b5bbc2774616647d2eecc9fe44b263ed.php 第 186 行.
NOTIC: [8] Use of undefined constant pid - assumed 'pid' /data/wwwroot/tpshop/Application/Runtime/Cache/Mobile/b5bbc2774616647d2eecc9fe44b263ed.php 第 186 行.
NOTIC: [8] Use of undefined constant edit_ad - assumed 'edit_ad' /data/wwwroot/tpshop/Application/Runtime/Cache/Mobile/b5bbc2774616647d2eecc9fe44b263ed.php 第 186 行.
NOTIC: [8] Undefined index: edit_ad /data/wwwroot/tpshop/Application/Runtime/Cache/Mobile/b5bbc2774616647d2eecc9fe44b263ed.php 第 186 行.
NOTIC: [8] Use of undefined constant ad_code - assumed 'ad_code' /data/wwwroot/tpshop/Application/Runtime/Cache/Mobile/b5bbc2774616647d2eecc9fe44b263ed.php 第 187 行.
NOTIC: [8] Use of undefined constant title - assumed 'title' /data/wwwroot/tpshop/Application/Runtime/Cache/Mobile/b5bbc2774616647d2eecc9fe44b263ed.php 第 187 行.
NOTIC: [8] Undefined index: title /data/wwwroot/tpshop/Application/Runtime/Cache/Mobile/b5bbc2774616647d2eecc9fe44b263ed.php 第 187 行.
NOTIC: [8] Use of undefined constant style - assumed 'style' /data/wwwroot/tpshop/Application/Runtime/Cache/Mobile/b5bbc2774616647d2eecc9fe44b263ed.php 第 187 行.
NOTIC: [8] Undefined index: style /data/wwwroot/tpshop/Application/Runtime/Cache/Mobile/b5bbc2774616647d2eecc9fe44b263ed.php 第 187 行.
NOTIC: [8] Use of undefined constant position - assumed 'position' /data/wwwroot/tpshop/Application/Runtime/Cache/Mobile/b5bbc2774616647d2eecc9fe44b263ed.php 第 192 行.
NOTIC: [8] Use of undefined constant pid - assumed 'pid' /data/wwwroot/tpshop/Application/Runtime/Cache/Mobile/b5bbc2774616647d2eecc9fe44b263ed.php 第 192 行.
NOTIC: [8] Use of undefined constant edit_ad - assumed 'edit_ad' /data/wwwroot/tpshop/Application/Runtime/Cache/Mobile/b5bbc2774616647d2eecc9fe44b263ed.php 第 192 行.
NOTIC: [8] Undefined index: edit_ad /data/wwwroot/tpshop/Application/Runtime/Cache/Mobile/b5bbc2774616647d2eecc9fe44b263ed.php 第 192 行.
NOTIC: [8] Use of undefined constant ad_code - assumed 'ad_code' /data/wwwroot/tpshop/Application/Runtime/Cache/Mobile/b5bbc2774616647d2eecc9fe44b263ed.php 第 193 行.
NOTIC: [8] Use of undefined constant title - assumed 'title' /data/wwwroot/tpshop/Application/Runtime/Cache/Mobile/b5bbc2774616647d2eecc9fe44b263ed.php 第 193 行.
NOTIC: [8] Undefined index: title /data/wwwroot/tpshop/Application/Runtime/Cache/Mobile/b5bbc2774616647d2eecc9fe44b263ed.php 第 193 行.
NOTIC: [8] Use of undefined constant style - assumed 'style' /data/wwwroot/tpshop/Application/Runtime/Cache/Mobile/b5bbc2774616647d2eecc9fe44b263ed.php 第 193 行.
NOTIC: [8] Undefined index: style /data/wwwroot/tpshop/Application/Runtime/Cache/Mobile/b5bbc2774616647d2eecc9fe44b263ed.php 第 193 行.
NOTIC: [8] Use of undefined constant position - assumed 'position' /data/wwwroot/tpshop/Application/Runtime/Cache/Mobile/b5bbc2774616647d2eecc9fe44b263ed.php 第 197 行.
NOTIC: [8] Use of undefined constant pid - assumed 'pid' /data/wwwroot/tpshop/Application/Runtime/Cache/Mobile/b5bbc2774616647d2eecc9fe44b263ed.php 第 197 行.
NOTIC: [8] Use of undefined constant edit_ad - assumed 'edit_ad' /data/wwwroot/tpshop/Application/Runtime/Cache/Mobile/b5bbc2774616647d2eecc9fe44b263ed.php 第 197 行.
NOTIC: [8] Undefined index: edit_ad /data/wwwroot/tpshop/Application/Runtime/Cache/Mobile/b5bbc2774616647d2eecc9fe44b263ed.php 第 197 行.
NOTIC: [8] Use of undefined constant ad_code - assumed 'ad_code' /data/wwwroot/tpshop/Application/Runtime/Cache/Mobile/b5bbc2774616647d2eecc9fe44b263ed.php 第 198 行.
NOTIC: [8] Use of undefined constant title - assumed 'title' /data/wwwroot/tpshop/Application/Runtime/Cache/Mobile/b5bbc2774616647d2eecc9fe44b263ed.php 第 198 行.
NOTIC: [8] Undefined index: title /data/wwwroot/tpshop/Application/Runtime/Cache/Mobile/b5bbc2774616647d2eecc9fe44b263ed.php 第 198 行.
NOTIC: [8] Use of undefined constant style - assumed 'style' /data/wwwroot/tpshop/Application/Runtime/Cache/Mobile/b5bbc2774616647d2eecc9fe44b263ed.php 第 198 行.
NOTIC: [8] Undefined index: style /data/wwwroot/tpshop/Application/Runtime/Cache/Mobile/b5bbc2774616647d2eecc9fe44b263ed.php 第 198 行.
NOTIC: [8] Use of undefined constant position - assumed 'position' /data/wwwroot/tpshop/Application/Runtime/Cache/Mobile/b5bbc2774616647d2eecc9fe44b263ed.php 第 205 行.
NOTIC: [8] Use of undefined constant pid - assumed 'pid' /data/wwwroot/tpshop/Application/Runtime/Cache/Mobile/b5bbc2774616647d2eecc9fe44b263ed.php 第 205 行.
NOTIC: [8] Use of undefined constant edit_ad - assumed 'edit_ad' /data/wwwroot/tpshop/Application/Runtime/Cache/Mobile/b5bbc2774616647d2eecc9fe44b263ed.php 第 205 行.
NOTIC: [8] Undefined index: edit_ad /data/wwwroot/tpshop/Application/Runtime/Cache/Mobile/b5bbc2774616647d2eecc9fe44b263ed.php 第 205 行.
NOTIC: [8] Use of undefined constant ad_code - assumed 'ad_code' /data/wwwroot/tpshop/Application/Runtime/Cache/Mobile/b5bbc2774616647d2eecc9fe44b263ed.php 第 206 行.
NOTIC: [8] Use of undefined constant title - assumed 'title' /data/wwwroot/tpshop/Application/Runtime/Cache/Mobile/b5bbc2774616647d2eecc9fe44b263ed.php 第 206 行.
NOTIC: [8] Undefined index: title /data/wwwroot/tpshop/Application/Runtime/Cache/Mobile/b5bbc2774616647d2eecc9fe44b263ed.php 第 206 行.
NOTIC: [8] Use of undefined constant style - assumed 'style' /data/wwwroot/tpshop/Application/Runtime/Cache/Mobile/b5bbc2774616647d2eecc9fe44b263ed.php 第 206 行.
NOTIC: [8] Undefined index: style /data/wwwroot/tpshop/Application/Runtime/Cache/Mobile/b5bbc2774616647d2eecc9fe44b263ed.php 第 206 行.
NOTIC: [8] Use of undefined constant position - assumed 'position' /data/wwwroot/tpshop/Application/Runtime/Cache/Mobile/b5bbc2774616647d2eecc9fe44b263ed.php 第 210 行.
NOTIC: [8] Use of undefined constant pid - assumed 'pid' /data/wwwroot/tpshop/Application/Runtime/Cache/Mobile/b5bbc2774616647d2eecc9fe44b263ed.php 第 210 行.
NOTIC: [8] Use of undefined constant edit_ad - assumed 'edit_ad' /data/wwwroot/tpshop/Application/Runtime/Cache/Mobile/b5bbc2774616647d2eecc9fe44b263ed.php 第 210 行.
NOTIC: [8] Undefined index: edit_ad /data/wwwroot/tpshop/Application/Runtime/Cache/Mobile/b5bbc2774616647d2eecc9fe44b263ed.php 第 210 行.
NOTIC: [8] Use of undefined constant ad_code - assumed 'ad_code' /data/wwwroot/tpshop/Application/Runtime/Cache/Mobile/b5bbc2774616647d2eecc9fe44b263ed.php 第 211 行.
NOTIC: [8] Use of undefined constant title - assumed 'title' /data/wwwroot/tpshop/Application/Runtime/Cache/Mobile/b5bbc2774616647d2eecc9fe44b263ed.php 第 211 行.
NOTIC: [8] Undefined index: title /data/wwwroot/tpshop/Application/Runtime/Cache/Mobile/b5bbc2774616647d2eecc9fe44b263ed.php 第 211 行.
NOTIC: [8] Use of undefined constant style - assumed 'style' /data/wwwroot/tpshop/Application/Runtime/Cache/Mobile/b5bbc2774616647d2eecc9fe44b263ed.php 第 211 行.
NOTIC: [8] Undefined index: style /data/wwwroot/tpshop/Application/Runtime/Cache/Mobile/b5bbc2774616647d2eecc9fe44b263ed.php 第 211 行.
NOTIC: [8] Use of undefined constant goods_id - assumed 'goods_id' /data/wwwroot/tpshop/Application/Runtime/Cache/Mobile/b5bbc2774616647d2eecc9fe44b263ed.php 第 263 行.
NOTIC: [8] Use of undefined constant goods_id - assumed 'goods_id' /data/wwwroot/tpshop/Application/Runtime/Cache/Mobile/b5bbc2774616647d2eecc9fe44b263ed.php 第 265 行.
NOTIC: [8] Use of undefined constant goods_id - assumed 'goods_id' /data/wwwroot/tpshop/Application/Runtime/Cache/Mobile/b5bbc2774616647d2eecc9fe44b263ed.php 第 266 行.
NOTIC: [8] Use of undefined constant goods_id - assumed 'goods_id' /data/wwwroot/tpshop/Application/Runtime/Cache/Mobile/b5bbc2774616647d2eecc9fe44b263ed.php 第 268 行.
NOTIC: [8] Use of undefined constant goods_id - assumed 'goods_id' /data/wwwroot/tpshop/Application/Runtime/Cache/Mobile/b5bbc2774616647d2eecc9fe44b263ed.php 第 268 行.
NOTIC: [8] Use of undefined constant goods_id - assumed 'goods_id' /data/wwwroot/tpshop/Application/Runtime/Cache/Mobile/b5bbc2774616647d2eecc9fe44b263ed.php 第 263 行.
NOTIC: [8] Use of undefined constant goods_id - assumed 'goods_id' /data/wwwroot/tpshop/Application/Runtime/Cache/Mobile/b5bbc2774616647d2eecc9fe44b263ed.php 第 265 行.
NOTIC: [8] Use of undefined constant goods_id - assumed 'goods_id' /data/wwwroot/tpshop/Application/Runtime/Cache/Mobile/b5bbc2774616647d2eecc9fe44b263ed.php 第 266 行.
NOTIC: [8] Use of undefined constant goods_id - assumed 'goods_id' /data/wwwroot/tpshop/Application/Runtime/Cache/Mobile/b5bbc2774616647d2eecc9fe44b263ed.php 第 268 行.
NOTIC: [8] Use of undefined constant goods_id - assumed 'goods_id' /data/wwwroot/tpshop/Application/Runtime/Cache/Mobile/b5bbc2774616647d2eecc9fe44b263ed.php 第 268 行.
NOTIC: [8] Use of undefined constant goods_id - assumed 'goods_id' /data/wwwroot/tpshop/Application/Runtime/Cache/Mobile/b5bbc2774616647d2eecc9fe44b263ed.php 第 263 行.
NOTIC: [8] Use of undefined constant goods_id - assumed 'goods_id' /data/wwwroot/tpshop/Application/Runtime/Cache/Mobile/b5bbc2774616647d2eecc9fe44b263ed.php 第 265 行.
NOTIC: [8] Use of undefined constant goods_id - assumed 'goods_id' /data/wwwroot/tpshop/Application/Runtime/Cache/Mobile/b5bbc2774616647d2eecc9fe44b263ed.php 第 266 行.
NOTIC: [8] Use of undefined constant goods_id - assumed 'goods_id' /data/wwwroot/tpshop/Application/Runtime/Cache/Mobile/b5bbc2774616647d2eecc9fe44b263ed.php 第 268 行.
NOTIC: [8] Use of undefined constant goods_id - assumed 'goods_id' /data/wwwroot/tpshop/Application/Runtime/Cache/Mobile/b5bbc2774616647d2eecc9fe44b263ed.php 第 268 行.
NOTIC: [8] Use of undefined constant goods_id - assumed 'goods_id' /data/wwwroot/tpshop/Application/Runtime/Cache/Mobile/b5bbc2774616647d2eecc9fe44b263ed.php 第 282 行.
NOTIC: [8] Use of undefined constant goods_id - assumed 'goods_id' /data/wwwroot/tpshop/Application/Runtime/Cache/Mobile/b5bbc2774616647d2eecc9fe44b263ed.php 第 284 行.
NOTIC: [8] Use of undefined constant goods_id - assumed 'goods_id' /data/wwwroot/tpshop/Application/Runtime/Cache/Mobile/b5bbc2774616647d2eecc9fe44b263ed.php 第 286 行.
NOTIC: [8] Use of undefined constant goods_id - assumed 'goods_id' /data/wwwroot/tpshop/Application/Runtime/Cache/Mobile/b5bbc2774616647d2eecc9fe44b263ed.php 第 292 行.
NOTIC: [8] Use of undefined constant goods_id - assumed 'goods_id' /data/wwwroot/tpshop/Application/Runtime/Cache/Mobile/b5bbc2774616647d2eecc9fe44b263ed.php 第 282 行.
NOTIC: [8] Use of undefined constant goods_id - assumed 'goods_id' /data/wwwroot/tpshop/Application/Runtime/Cache/Mobile/b5bbc2774616647d2eecc9fe44b263ed.php 第 284 行.
NOTIC: [8] Use of undefined constant goods_id - assumed 'goods_id' /data/wwwroot/tpshop/Application/Runtime/Cache/Mobile/b5bbc2774616647d2eecc9fe44b263ed.php 第 286 行.
NOTIC: [8] Use of undefined constant goods_id - assumed 'goods_id' /data/wwwroot/tpshop/Application/Runtime/Cache/Mobile/b5bbc2774616647d2eecc9fe44b263ed.php 第 292 行.
NOTIC: [8] Use of undefined constant goods_id - assumed 'goods_id' /data/wwwroot/tpshop/Application/Runtime/Cache/Mobile/b5bbc2774616647d2eecc9fe44b263ed.php 第 282 行.
NOTIC: [8] Use of undefined constant goods_id - assumed 'goods_id' /data/wwwroot/tpshop/Application/Runtime/Cache/Mobile/b5bbc2774616647d2eecc9fe44b263ed.php 第 284 行.
NOTIC: [8] Use of undefined constant goods_id - assumed 'goods_id' /data/wwwroot/tpshop/Application/Runtime/Cache/Mobile/b5bbc2774616647d2eecc9fe44b263ed.php 第 286 行.
NOTIC: [8] Use of undefined constant goods_id - assumed 'goods_id' /data/wwwroot/tpshop/Application/Runtime/Cache/Mobile/b5bbc2774616647d2eecc9fe44b263ed.php 第 292 行.
NOTIC: [8] Use of undefined constant goods_id - assumed 'goods_id' /data/wwwroot/tpshop/Application/Runtime/Cache/Mobile/b5bbc2774616647d2eecc9fe44b263ed.php 第 314 行.
NOTIC: [8] Use of undefined constant goods_id - assumed 'goods_id' /data/wwwroot/tpshop/Application/Runtime/Cache/Mobile/b5bbc2774616647d2eecc9fe44b263ed.php 第 317 行.
NOTIC: [8] Use of undefined constant goods_id - assumed 'goods_id' /data/wwwroot/tpshop/Application/Runtime/Cache/Mobile/b5bbc2774616647d2eecc9fe44b263ed.php 第 321 行.
NOTIC: [8] Use of undefined constant goods_id - assumed 'goods_id' /data/wwwroot/tpshop/Application/Runtime/Cache/Mobile/b5bbc2774616647d2eecc9fe44b263ed.php 第 324 行.
NOTIC: [8] Use of undefined constant goods_id - assumed 'goods_id' /data/wwwroot/tpshop/Application/Runtime/Cache/Mobile/b5bbc2774616647d2eecc9fe44b263ed.php 第 314 行.
NOTIC: [8] Use of undefined constant goods_id - assumed 'goods_id' /data/wwwroot/tpshop/Application/Runtime/Cache/Mobile/b5bbc2774616647d2eecc9fe44b263ed.php 第 317 行.
NOTIC: [8] Use of undefined constant goods_id - assumed 'goods_id' /data/wwwroot/tpshop/Application/Runtime/Cache/Mobile/b5bbc2774616647d2eecc9fe44b263ed.php 第 321 行.
NOTIC: [8] Use of undefined constant goods_id - assumed 'goods_id' /data/wwwroot/tpshop/Application/Runtime/Cache/Mobile/b5bbc2774616647d2eecc9fe44b263ed.php 第 324 行.
NOTIC: [8] Use of undefined constant goods_id - assumed 'goods_id' /data/wwwroot/tpshop/Application/Runtime/Cache/Mobile/b5bbc2774616647d2eecc9fe44b263ed.php 第 314 行.
NOTIC: [8] Use of undefined constant goods_id - assumed 'goods_id' /data/wwwroot/tpshop/Application/Runtime/Cache/Mobile/b5bbc2774616647d2eecc9fe44b263ed.php 第 317 行.
NOTIC: [8] Use of undefined constant goods_id - assumed 'goods_id' /data/wwwroot/tpshop/Application/Runtime/Cache/Mobile/b5bbc2774616647d2eecc9fe44b263ed.php 第 321 行.
NOTIC: [8] Use of undefined constant goods_id - assumed 'goods_id' /data/wwwroot/tpshop/Application/Runtime/Cache/Mobile/b5bbc2774616647d2eecc9fe44b263ed.php 第 324 行.
NOTIC: [8] Use of undefined constant goods_id - assumed 'goods_id' /data/wwwroot/tpshop/Application/Runtime/Cache/Mobile/b5bbc2774616647d2eecc9fe44b263ed.php 第 314 行.
NOTIC: [8] Use of undefined constant goods_id - assumed 'goods_id' /data/wwwroot/tpshop/Application/Runtime/Cache/Mobile/b5bbc2774616647d2eecc9fe44b263ed.php 第 317 行.
NOTIC: [8] Use of undefined constant goods_id - assumed 'goods_id' /data/wwwroot/tpshop/Application/Runtime/Cache/Mobile/b5bbc2774616647d2eecc9fe44b263ed.php 第 321 行.
NOTIC: [8] Use of undefined constant goods_id - assumed 'goods_id' /data/wwwroot/tpshop/Application/Runtime/Cache/Mobile/b5bbc2774616647d2eecc9fe44b263ed.php 第 324 行.
NOTIC: [8] Use of undefined constant goods_id - assumed 'goods_id' /data/wwwroot/tpshop/Application/Runtime/Cache/Mobile/b5bbc2774616647d2eecc9fe44b263ed.php 第 314 行.
NOTIC: [8] Use of undefined constant goods_id - assumed 'goods_id' /data/wwwroot/tpshop/Application/Runtime/Cache/Mobile/b5bbc2774616647d2eecc9fe44b263ed.php 第 317 行.
NOTIC: [8] Use of undefined constant goods_id - assumed 'goods_id' /data/wwwroot/tpshop/Application/Runtime/Cache/Mobile/b5bbc2774616647d2eecc9fe44b263ed.php 第 321 行.
NOTIC: [8] Use of undefined constant goods_id - assumed 'goods_id' /data/wwwroot/tpshop/Application/Runtime/Cache/Mobile/b5bbc2774616647d2eecc9fe44b263ed.php 第 324 行.
NOTIC: [8] Use of undefined constant goods_id - assumed 'goods_id' /data/wwwroot/tpshop/Application/Runtime/Cache/Mobile/b5bbc2774616647d2eecc9fe44b263ed.php 第 314 行.
NOTIC: [8] Use of undefined constant goods_id - assumed 'goods_id' /data/wwwroot/tpshop/Application/Runtime/Cache/Mobile/b5bbc2774616647d2eecc9fe44b263ed.php 第 317 行.
NOTIC: [8] Use of undefined constant goods_id - assumed 'goods_id' /data/wwwroot/tpshop/Application/Runtime/Cache/Mobile/b5bbc2774616647d2eecc9fe44b263ed.php 第 321 行.
NOTIC: [8] Use of undefined constant goods_id - assumed 'goods_id' /data/wwwroot/tpshop/Application/Runtime/Cache/Mobile/b5bbc2774616647d2eecc9fe44b263ed.php 第 324 行.
NOTIC: [8] Use of undefined constant goods_id - assumed 'goods_id' /data/wwwroot/tpshop/Application/Runtime/Cache/Mobile/b5bbc2774616647d2eecc9fe44b263ed.php 第 314 行.
NOTIC: [8] Use of undefined constant goods_id - assumed 'goods_id' /data/wwwroot/tpshop/Application/Runtime/Cache/Mobile/b5bbc2774616647d2eecc9fe44b263ed.php 第 317 行.
NOTIC: [8] Use of undefined constant goods_id - assumed 'goods_id' /data/wwwroot/tpshop/Application/Runtime/Cache/Mobile/b5bbc2774616647d2eecc9fe44b263ed.php 第 321 行.
NOTIC: [8] Use of undefined constant goods_id - assumed 'goods_id' /data/wwwroot/tpshop/Application/Runtime/Cache/Mobile/b5bbc2774616647d2eecc9fe44b263ed.php 第 324 行.
NOTIC: [8] Use of undefined constant goods_id - assumed 'goods_id' /data/wwwroot/tpshop/Application/Runtime/Cache/Mobile/b5bbc2774616647d2eecc9fe44b263ed.php 第 314 行.
NOTIC: [8] Use of undefined constant goods_id - assumed 'goods_id' /data/wwwroot/tpshop/Application/Runtime/Cache/Mobile/b5bbc2774616647d2eecc9fe44b263ed.php 第 317 行.
NOTIC: [8] Use of undefined constant goods_id - assumed 'goods_id' /data/wwwroot/tpshop/Application/Runtime/Cache/Mobile/b5bbc2774616647d2eecc9fe44b263ed.php 第 321 行.
NOTIC: [8] Use of undefined constant goods_id - assumed 'goods_id' /data/wwwroot/tpshop/Application/Runtime/Cache/Mobile/b5bbc2774616647d2eecc9fe44b263ed.php 第 324 行.
NOTIC: [8] Use of undefined constant goods_id - assumed 'goods_id' /data/wwwroot/tpshop/Application/Runtime/Cache/Mobile/b5bbc2774616647d2eecc9fe44b263ed.php 第 314 行.
NOTIC: [8] Use of undefined constant goods_id - assumed 'goods_id' /data/wwwroot/tpshop/Application/Runtime/Cache/Mobile/b5bbc2774616647d2eecc9fe44b263ed.php 第 317 行.
NOTIC: [8] Use of undefined constant goods_id - assumed 'goods_id' /data/wwwroot/tpshop/Application/Runtime/Cache/Mobile/b5bbc2774616647d2eecc9fe44b263ed.php 第 321 行.
NOTIC: [8] Use of undefined constant goods_id - assumed 'goods_id' /data/wwwroot/tpshop/Application/Runtime/Cache/Mobile/b5bbc2774616647d2eecc9fe44b263ed.php 第 324 行.
NOTIC: [8] Use of undefined constant goods_id - assumed 'goods_id' /data/wwwroot/tpshop/Application/Runtime/Cache/Mobile/b5bbc2774616647d2eecc9fe44b263ed.php 第 358 行.
NOTIC: [8] Use of undefined constant goods_id - assumed 'goods_id' /data/wwwroot/tpshop/Application/Runtime/Cache/Mobile/b5bbc2774616647d2eecc9fe44b263ed.php 第 364 行.
NOTIC: [8] Use of undefined constant goods_id - assumed 'goods_id' /data/wwwroot/tpshop/Application/Runtime/Cache/Mobile/b5bbc2774616647d2eecc9fe44b263ed.php 第 367 行.
NOTIC: [8] Use of undefined constant goods_id - assumed 'goods_id' /data/wwwroot/tpshop/Application/Runtime/Cache/Mobile/b5bbc2774616647d2eecc9fe44b263ed.php 第 358 行.
NOTIC: [8] Use of undefined constant goods_id - assumed 'goods_id' /data/wwwroot/tpshop/Application/Runtime/Cache/Mobile/b5bbc2774616647d2eecc9fe44b263ed.php 第 364 行.
NOTIC: [8] Use of undefined constant goods_id - assumed 'goods_id' /data/wwwroot/tpshop/Application/Runtime/Cache/Mobile/b5bbc2774616647d2eecc9fe44b263ed.php 第 367 行.
NOTIC: [8] Use of undefined constant goods_id - assumed 'goods_id' /data/wwwroot/tpshop/Application/Runtime/Cache/Mobile/b5bbc2774616647d2eecc9fe44b263ed.php 第 358 行.
NOTIC: [8] Use of undefined constant goods_id - assumed 'goods_id' /data/wwwroot/tpshop/Application/Runtime/Cache/Mobile/b5bbc2774616647d2eecc9fe44b263ed.php 第 364 行.
NOTIC: [8] Use of undefined constant goods_id - assumed 'goods_id' /data/wwwroot/tpshop/Application/Runtime/Cache/Mobile/b5bbc2774616647d2eecc9fe44b263ed.php 第 367 行.
NOTIC: [8] Use of undefined constant goods_id - assumed 'goods_id' /data/wwwroot/tpshop/Application/Runtime/Cache/Mobile/b5bbc2774616647d2eecc9fe44b263ed.php 第 358 行.
NOTIC: [8] Use of undefined constant goods_id - assumed 'goods_id' /data/wwwroot/tpshop/Application/Runtime/Cache/Mobile/b5bbc2774616647d2eecc9fe44b263ed.php 第 364 行.
NOTIC: [8] Use of undefined constant goods_id - assumed 'goods_id' /data/wwwroot/tpshop/Application/Runtime/Cache/Mobile/b5bbc2774616647d2eecc9fe44b263ed.php 第 367 行.
NOTIC: [8] Use of undefined constant goods_id - assumed 'goods_id' /data/wwwroot/tpshop/Application/Runtime/Cache/Mobile/b5bbc2774616647d2eecc9fe44b263ed.php 第 358 行.
NOTIC: [8] Use of undefined constant goods_id - assumed 'goods_id' /data/wwwroot/tpshop/Application/Runtime/Cache/Mobile/b5bbc2774616647d2eecc9fe44b263ed.php 第 364 行.
NOTIC: [8] Use of undefined constant goods_id - assumed 'goods_id' /data/wwwroot/tpshop/Application/Runtime/Cache/Mobile/b5bbc2774616647d2eecc9fe44b263ed.php 第 367 行.
NOTIC: [8] Use of undefined constant goods_id - assumed 'goods_id' /data/wwwroot/tpshop/Application/Runtime/Cache/Mobile/b5bbc2774616647d2eecc9fe44b263ed.php 第 358 行.
NOTIC: [8] Use of undefined constant goods_id - assumed 'goods_id' /data/wwwroot/tpshop/Application/Runtime/Cache/Mobile/b5bbc2774616647d2eecc9fe44b263ed.php 第 364 行.
NOTIC: [8] Use of undefined constant goods_id - assumed 'goods_id' /data/wwwroot/tpshop/Application/Runtime/Cache/Mobile/b5bbc2774616647d2eecc9fe44b263ed.php 第 367 行.
NOTIC: [8] Use of undefined constant goods_id - assumed 'goods_id' /data/wwwroot/tpshop/Application/Runtime/Cache/Mobile/b5bbc2774616647d2eecc9fe44b263ed.php 第 358 行.
NOTIC: [8] Use of undefined constant goods_id - assumed 'goods_id' /data/wwwroot/tpshop/Application/Runtime/Cache/Mobile/b5bbc2774616647d2eecc9fe44b263ed.php 第 364 行.
NOTIC: [8] Use of undefined constant goods_id - assumed 'goods_id' /data/wwwroot/tpshop/Application/Runtime/Cache/Mobile/b5bbc2774616647d2eecc9fe44b263ed.php 第 367 行.
NOTIC: [8] Use of undefined constant goods_id - assumed 'goods_id' /data/wwwroot/tpshop/Application/Runtime/Cache/Mobile/b5bbc2774616647d2eecc9fe44b263ed.php 第 358 行.
NOTIC: [8] Use of undefined constant goods_id - assumed 'goods_id' /data/wwwroot/tpshop/Application/Runtime/Cache/Mobile/b5bbc2774616647d2eecc9fe44b263ed.php 第 364 行.
NOTIC: [8] Use of undefined constant goods_id - assumed 'goods_id' /data/wwwroot/tpshop/Application/Runtime/Cache/Mobile/b5bbc2774616647d2eecc9fe44b263ed.php 第 367 行.
NOTIC: [8] Use of undefined constant goods_id - assumed 'goods_id' /data/wwwroot/tpshop/Application/Runtime/Cache/Mobile/b5bbc2774616647d2eecc9fe44b263ed.php 第 358 行.
NOTIC: [8] Use of undefined constant goods_id - assumed 'goods_id' /data/wwwroot/tpshop/Application/Runtime/Cache/Mobile/b5bbc2774616647d2eecc9fe44b263ed.php 第 364 行.
NOTIC: [8] Use of undefined constant goods_id - assumed 'goods_id' /data/wwwroot/tpshop/Application/Runtime/Cache/Mobile/b5bbc2774616647d2eecc9fe44b263ed.php 第 367 行.
NOTIC: [8] Use of undefined constant goods_id - assumed 'goods_id' /data/wwwroot/tpshop/Application/Runtime/Cache/Mobile/b5bbc2774616647d2eecc9fe44b263ed.php 第 403 行.
NOTIC: [8] Use of undefined constant goods_id - assumed 'goods_id' /data/wwwroot/tpshop/Application/Runtime/Cache/Mobile/b5bbc2774616647d2eecc9fe44b263ed.php 第 409 行.
NOTIC: [8] Use of undefined constant goods_id - assumed 'goods_id' /data/wwwroot/tpshop/Application/Runtime/Cache/Mobile/b5bbc2774616647d2eecc9fe44b263ed.php 第 412 行.
NOTIC: [8] Use of undefined constant goods_id - assumed 'goods_id' /data/wwwroot/tpshop/Application/Runtime/Cache/Mobile/b5bbc2774616647d2eecc9fe44b263ed.php 第 403 行.
NOTIC: [8] Use of undefined constant goods_id - assumed 'goods_id' /data/wwwroot/tpshop/Application/Runtime/Cache/Mobile/b5bbc2774616647d2eecc9fe44b263ed.php 第 409 行.
NOTIC: [8] Use of undefined constant goods_id - assumed 'goods_id' /data/wwwroot/tpshop/Application/Runtime/Cache/Mobile/b5bbc2774616647d2eecc9fe44b263ed.php 第 412 行.
NOTIC: [8] Use of undefined constant goods_id - assumed 'goods_id' /data/wwwroot/tpshop/Application/Runtime/Cache/Mobile/b5bbc2774616647d2eecc9fe44b263ed.php 第 403 行.
NOTIC: [8] Use of undefined constant goods_id - assumed 'goods_id' /data/wwwroot/tpshop/Application/Runtime/Cache/Mobile/b5bbc2774616647d2eecc9fe44b263ed.php 第 409 行.
NOTIC: [8] Use of undefined constant goods_id - assumed 'goods_id' /data/wwwroot/tpshop/Application/Runtime/Cache/Mobile/b5bbc2774616647d2eecc9fe44b263ed.php 第 412 行.
NOTIC: [8] Use of undefined constant goods_id - assumed 'goods_id' /data/wwwroot/tpshop/Application/Runtime/Cache/Mobile/b5bbc2774616647d2eecc9fe44b263ed.php 第 403 行.
NOTIC: [8] Use of undefined constant goods_id - assumed 'goods_id' /data/wwwroot/tpshop/Application/Runtime/Cache/Mobile/b5bbc2774616647d2eecc9fe44b263ed.php 第 409 行.
NOTIC: [8] Use of undefined constant goods_id - assumed 'goods_id' /data/wwwroot/tpshop/Application/Runtime/Cache/Mobile/b5bbc2774616647d2eecc9fe44b263ed.php 第 412 行.
NOTIC: [8] Use of undefined constant goods_id - assumed 'goods_id' /data/wwwroot/tpshop/Application/Runtime/Cache/Mobile/b5bbc2774616647d2eecc9fe44b263ed.php 第 403 行.
NOTIC: [8] Use of undefined constant goods_id - assumed 'goods_id' /data/wwwroot/tpshop/Application/Runtime/Cache/Mobile/b5bbc2774616647d2eecc9fe44b263ed.php 第 409 行.
NOTIC: [8] Use of undefined constant goods_id - assumed 'goods_id' /data/wwwroot/tpshop/Application/Runtime/Cache/Mobile/b5bbc2774616647d2eecc9fe44b263ed.php 第 412 行.
NOTIC: [8] Use of undefined constant goods_id - assumed 'goods_id' /data/wwwroot/tpshop/Application/Runtime/Cache/Mobile/b5bbc2774616647d2eecc9fe44b263ed.php 第 403 行.
NOTIC: [8] Use of undefined constant goods_id - assumed 'goods_id' /data/wwwroot/tpshop/Application/Runtime/Cache/Mobile/b5bbc2774616647d2eecc9fe44b263ed.php 第 409 行.
NOTIC: [8] Use of undefined constant goods_id - assumed 'goods_id' /data/wwwroot/tpshop/Application/Runtime/Cache/Mobile/b5bbc2774616647d2eecc9fe44b263ed.php 第 412 行.
NOTIC: [8] Use of undefined constant goods_id - assumed 'goods_id' /data/wwwroot/tpshop/Application/Runtime/Cache/Mobile/b5bbc2774616647d2eecc9fe44b263ed.php 第 403 行.
NOTIC: [8] Use of undefined constant goods_id - assumed 'goods_id' /data/wwwroot/tpshop/Application/Runtime/Cache/Mobile/b5bbc2774616647d2eecc9fe44b263ed.php 第 409 行.
NOTIC: [8] Use of undefined constant goods_id - assumed 'goods_id' /data/wwwroot/tpshop/Application/Runtime/Cache/Mobile/b5bbc2774616647d2eecc9fe44b263ed.php 第 412 行.
NOTIC: [8] Use of undefined constant goods_id - assumed 'goods_id' /data/wwwroot/tpshop/Application/Runtime/Cache/Mobile/b5bbc2774616647d2eecc9fe44b263ed.php 第 403 行.
NOTIC: [8] Use of undefined constant goods_id - assumed 'goods_id' /data/wwwroot/tpshop/Application/Runtime/Cache/Mobile/b5bbc2774616647d2eecc9fe44b263ed.php 第 409 行.
NOTIC: [8] Use of undefined constant goods_id - assumed 'goods_id' /data/wwwroot/tpshop/Application/Runtime/Cache/Mobile/b5bbc2774616647d2eecc9fe44b263ed.php 第 412 行.
NOTIC: [8] Use of undefined constant goods_id - assumed 'goods_id' /data/wwwroot/tpshop/Application/Runtime/Cache/Mobile/b5bbc2774616647d2eecc9fe44b263ed.php 第 403 行.
NOTIC: [8] Use of undefined constant goods_id - assumed 'goods_id' /data/wwwroot/tpshop/Application/Runtime/Cache/Mobile/b5bbc2774616647d2eecc9fe44b263ed.php 第 409 行.
NOTIC: [8] Use of undefined constant goods_id - assumed 'goods_id' /data/wwwroot/tpshop/Application/Runtime/Cache/Mobile/b5bbc2774616647d2eecc9fe44b263ed.php 第 412 行.
NOTIC: [8] Use of undefined constant goods_id - assumed 'goods_id' /data/wwwroot/tpshop/Application/Runtime/Cache/Mobile/b5bbc2774616647d2eecc9fe44b263ed.php 第 445 行.
NOTIC: [8] Use of undefined constant goods_id - assumed 'goods_id' /data/wwwroot/tpshop/Application/Runtime/Cache/Mobile/b5bbc2774616647d2eecc9fe44b263ed.php 第 451 行.
NOTIC: [8] Use of undefined constant goods_id - assumed 'goods_id' /data/wwwroot/tpshop/Application/Runtime/Cache/Mobile/b5bbc2774616647d2eecc9fe44b263ed.php 第 454 行.
NOTIC: [8] Use of undefined constant goods_id - assumed 'goods_id' /data/wwwroot/tpshop/Application/Runtime/Cache/Mobile/b5bbc2774616647d2eecc9fe44b263ed.php 第 445 行.
NOTIC: [8] Use of undefined constant goods_id - assumed 'goods_id' /data/wwwroot/tpshop/Application/Runtime/Cache/Mobile/b5bbc2774616647d2eecc9fe44b263ed.php 第 451 行.
NOTIC: [8] Use of undefined constant goods_id - assumed 'goods_id' /data/wwwroot/tpshop/Application/Runtime/Cache/Mobile/b5bbc2774616647d2eecc9fe44b263ed.php 第 454 行.
NOTIC: [8] Use of undefined constant goods_id - assumed 'goods_id' /data/wwwroot/tpshop/Application/Runtime/Cache/Mobile/b5bbc2774616647d2eecc9fe44b263ed.php 第 445 行.
NOTIC: [8] Use of undefined constant goods_id - assumed 'goods_id' /data/wwwroot/tpshop/Application/Runtime/Cache/Mobile/b5bbc2774616647d2eecc9fe44b263ed.php 第 451 行.
NOTIC: [8] Use of undefined constant goods_id - assumed 'goods_id' /data/wwwroot/tpshop/Application/Runtime/Cache/Mobile/b5bbc2774616647d2eecc9fe44b263ed.php 第 454 行.
NOTIC: [8] Use of undefined constant goods_id - assumed 'goods_id' /data/wwwroot/tpshop/Application/Runtime/Cache/Mobile/b5bbc2774616647d2eecc9fe44b263ed.php 第 445 行.
NOTIC: [8] Use of undefined constant goods_id - assumed 'goods_id' /data/wwwroot/tpshop/Application/Runtime/Cache/Mobile/b5bbc2774616647d2eecc9fe44b263ed.php 第 451 行.
NOTIC: [8] Use of undefined constant goods_id - assumed 'goods_id' /data/wwwroot/tpshop/Application/Runtime/Cache/Mobile/b5bbc2774616647d2eecc9fe44b263ed.php 第 454 行.
NOTIC: [8] Use of undefined constant goods_id - assumed 'goods_id' /data/wwwroot/tpshop/Application/Runtime/Cache/Mobile/b5bbc2774616647d2eecc9fe44b263ed.php 第 445 行.
NOTIC: [8] Use of undefined constant goods_id - assumed 'goods_id' /data/wwwroot/tpshop/Application/Runtime/Cache/Mobile/b5bbc2774616647d2eecc9fe44b263ed.php 第 451 行.
NOTIC: [8] Use of undefined constant goods_id - assumed 'goods_id' /data/wwwroot/tpshop/Application/Runtime/Cache/Mobile/b5bbc2774616647d2eecc9fe44b263ed.php 第 454 行.
NOTIC: [8] Use of undefined constant goods_id - assumed 'goods_id' /data/wwwroot/tpshop/Application/Runtime/Cache/Mobile/b5bbc2774616647d2eecc9fe44b263ed.php 第 445 行.
NOTIC: [8] Use of undefined constant goods_id - assumed 'goods_id' /data/wwwroot/tpshop/Application/Runtime/Cache/Mobile/b5bbc2774616647d2eecc9fe44b263ed.php 第 451 行.
NOTIC: [8] Use of undefined constant goods_id - assumed 'goods_id' /data/wwwroot/tpshop/Application/Runtime/Cache/Mobile/b5bbc2774616647d2eecc9fe44b263ed.php 第 454 行.
NOTIC: [8] Use of undefined constant goods_id - assumed 'goods_id' /data/wwwroot/tpshop/Application/Runtime/Cache/Mobile/b5bbc2774616647d2eecc9fe44b263ed.php 第 445 行.
NOTIC: [8] Use of undefined constant goods_id - assumed 'goods_id' /data/wwwroot/tpshop/Application/Runtime/Cache/Mobile/b5bbc2774616647d2eecc9fe44b263ed.php 第 451 行.
NOTIC: [8] Use of undefined constant goods_id - assumed 'goods_id' /data/wwwroot/tpshop/Application/Runtime/Cache/Mobile/b5bbc2774616647d2eecc9fe44b263ed.php 第 454 行.
NOTIC: [8] Use of undefined constant goods_id - assumed 'goods_id' /data/wwwroot/tpshop/Application/Runtime/Cache/Mobile/b5bbc2774616647d2eecc9fe44b263ed.php 第 445 行.
NOTIC: [8] Use of undefined constant goods_id - assumed 'goods_id' /data/wwwroot/tpshop/Application/Runtime/Cache/Mobile/b5bbc2774616647d2eecc9fe44b263ed.php 第 451 行.
NOTIC: [8] Use of undefined constant goods_id - assumed 'goods_id' /data/wwwroot/tpshop/Application/Runtime/Cache/Mobile/b5bbc2774616647d2eecc9fe44b263ed.php 第 454 行.
NOTIC: [8] Use of undefined constant goods_id - assumed 'goods_id' /data/wwwroot/tpshop/Application/Runtime/Cache/Mobile/b5bbc2774616647d2eecc9fe44b263ed.php 第 445 行.
NOTIC: [8] Use of undefined constant goods_id - assumed 'goods_id' /data/wwwroot/tpshop/Application/Runtime/Cache/Mobile/b5bbc2774616647d2eecc9fe44b263ed.php 第 451 行.
NOTIC: [8] Use of undefined constant goods_id - assumed 'goods_id' /data/wwwroot/tpshop/Application/Runtime/Cache/Mobile/b5bbc2774616647d2eecc9fe44b263ed.php 第 454 行.
NOTIC: [8] Use of undefined constant position - assumed 'position' /data/wwwroot/tpshop/Application/Runtime/Cache/Mobile/b5bbc2774616647d2eecc9fe44b263ed.php 第 491 行.
NOTIC: [8] Use of undefined constant pid - assumed 'pid' /data/wwwroot/tpshop/Application/Runtime/Cache/Mobile/b5bbc2774616647d2eecc9fe44b263ed.php 第 491 行.
NOTIC: [8] Use of undefined constant edit_ad - assumed 'edit_ad' /data/wwwroot/tpshop/Application/Runtime/Cache/Mobile/b5bbc2774616647d2eecc9fe44b263ed.php 第 491 行.
NOTIC: [8] Undefined index: edit_ad /data/wwwroot/tpshop/Application/Runtime/Cache/Mobile/b5bbc2774616647d2eecc9fe44b263ed.php 第 491 行.
NOTIC: [8] Use of undefined constant ad_code - assumed 'ad_code' /data/wwwroot/tpshop/Application/Runtime/Cache/Mobile/b5bbc2774616647d2eecc9fe44b263ed.php 第 493 行.
NOTIC: [8] Use of undefined constant title - assumed 'title' /data/wwwroot/tpshop/Application/Runtime/Cache/Mobile/b5bbc2774616647d2eecc9fe44b263ed.php 第 493 行.
NOTIC: [8] Undefined index: title /data/wwwroot/tpshop/Application/Runtime/Cache/Mobile/b5bbc2774616647d2eecc9fe44b263ed.php 第 493 行.
NOTIC: [8] Use of undefined constant style - assumed 'style' /data/wwwroot/tpshop/Application/Runtime/Cache/Mobile/b5bbc2774616647d2eecc9fe44b263ed.php 第 493 行.
NOTIC: [8] Undefined index: style /data/wwwroot/tpshop/Application/Runtime/Cache/Mobile/b5bbc2774616647d2eecc9fe44b263ed.php 第 493 行.
NOTIC: [8] Use of undefined constant position - assumed 'position' /data/wwwroot/tpshop/Application/Runtime/Cache/Mobile/b5bbc2774616647d2eecc9fe44b263ed.php 第 491 行.
NOTIC: [8] Use of undefined constant pid - assumed 'pid' /data/wwwroot/tpshop/Application/Runtime/Cache/Mobile/b5bbc2774616647d2eecc9fe44b263ed.php 第 491 行.
NOTIC: [8] Use of undefined constant edit_ad - assumed 'edit_ad' /data/wwwroot/tpshop/Application/Runtime/Cache/Mobile/b5bbc2774616647d2eecc9fe44b263ed.php 第 491 行.
NOTIC: [8] Undefined index: edit_ad /data/wwwroot/tpshop/Application/Runtime/Cache/Mobile/b5bbc2774616647d2eecc9fe44b263ed.php 第 491 行.
NOTIC: [8] Use of undefined constant ad_code - assumed 'ad_code' /data/wwwroot/tpshop/Application/Runtime/Cache/Mobile/b5bbc2774616647d2eecc9fe44b263ed.php 第 493 行.
NOTIC: [8] Use of undefined constant title - assumed 'title' /data/wwwroot/tpshop/Application/Runtime/Cache/Mobile/b5bbc2774616647d2eecc9fe44b263ed.php 第 493 行.
NOTIC: [8] Undefined index: title /data/wwwroot/tpshop/Application/Runtime/Cache/Mobile/b5bbc2774616647d2eecc9fe44b263ed.php 第 493 行.
NOTIC: [8] Use of undefined constant style - assumed 'style' /data/wwwroot/tpshop/Application/Runtime/Cache/Mobile/b5bbc2774616647d2eecc9fe44b263ed.php 第 493 行.
NOTIC: [8] Undefined index: style /data/wwwroot/tpshop/Application/Runtime/Cache/Mobile/b5bbc2774616647d2eecc9fe44b263ed.php 第 493 行.
NOTIC: [8] Undefined variable: user_id /data/wwwroot/tpshop/Application/Runtime/Cache/Mobile/b5bbc2774616647d2eecc9fe44b263ed.php 第 557 行.
NOTIC: [8] Use of undefined constant HTTP_HOST - assumed 'HTTP_HOST' /data/wwwroot/tpshop/Application/Runtime/Cache/Mobile/b5bbc2774616647d2eecc9fe44b263ed.php 第 677 行.
NOTIC: [8] Use of undefined constant HTTP_HOST - assumed 'HTTP_HOST' /data/wwwroot/tpshop/Application/Runtime/Cache/Mobile/b5bbc2774616647d2eecc9fe44b263ed.php 第 678 行.
INFO: Run Behavior\ParseTemplateBehavior [ RunTime:0.643678s ]
INFO: [ view_parse ] --END-- [ RunTime:0.643761s ]
INFO: [ view_filter ] --START--
INFO: Run Behavior\WriteHtmlCacheBehavior [ RunTime:0.002154s ]
INFO: Run Behavior\TokenBuildBehavior [ RunTime:0.002918s ]
INFO: [ view_filter ] --END-- [ RunTime:0.005141s ]
INFO: [ app_end ] --START--
INFO: Run Behavior\ShowPageTraceBehavior [ RunTime:0.000066s ]
INFO: [ app_end ] --END-- [ RunTime:0.000104s ]

[ 2017-07-05T20:00:22+08:00 ] 182.140.175.143 /index.php?m=Mobile&c=Index&a=ajaxGetMore&p=1
INFO: [ app_init ] --START--
INFO: Run Behavior\BuildLiteBehavior [ RunTime:0.000016s ]
INFO: [ app_init ] --END-- [ RunTime:0.000101s ]
INFO: [ app_begin ] --START--
INFO: Run Behavior\ReadHtmlCacheBehavior [ RunTime:0.000058s ]
INFO: [ app_begin ] --END-- [ RunTime:0.000094s ]
INFO: [ view_begin ] --START--
INFO: Run Home\Behaviors\testBehavior [ RunTime:0.000138s ]
INFO: [ view_begin ] --END-- [ RunTime:0.000211s ]
INFO: [ view_parse ] --START--
INFO: [ template_filter ] --START--
INFO: Run Behavior\ContentReplaceBehavior [ RunTime:0.000045s ]
INFO: [ template_filter ] --END-- [ RunTime:0.000118s ]
NOTIC: [8] Use of undefined constant goods_id - assumed 'goods_id' /data/wwwroot/tpshop/Application/Runtime/Cache/Mobile/1e5b965c4527df62a04c05e6f82297a7.php 第 2 行.
NOTIC: [8] Use of undefined constant goods_id - assumed 'goods_id' /data/wwwroot/tpshop/Application/Runtime/Cache/Mobile/1e5b965c4527df62a04c05e6f82297a7.php 第 8 行.
NOTIC: [8] Use of undefined constant goods_id - assumed 'goods_id' /data/wwwroot/tpshop/Application/Runtime/Cache/Mobile/1e5b965c4527df62a04c05e6f82297a7.php 第 11 行.
NOTIC: [8] Use of undefined constant goods_id - assumed 'goods_id' /data/wwwroot/tpshop/Application/Runtime/Cache/Mobile/1e5b965c4527df62a04c05e6f82297a7.php 第 2 行.
NOTIC: [8] Use of undefined constant goods_id - assumed 'goods_id' /data/wwwroot/tpshop/Application/Runtime/Cache/Mobile/1e5b965c4527df62a04c05e6f82297a7.php 第 8 行.
NOTIC: [8] Use of undefined constant goods_id - assumed 'goods_id' /data/wwwroot/tpshop/Application/Runtime/Cache/Mobile/1e5b965c4527df62a04c05e6f82297a7.php 第 11 行.
NOTIC: [8] Use of undefined constant goods_id - assumed 'goods_id' /data/wwwroot/tpshop/Application/Runtime/Cache/Mobile/1e5b965c4527df62a04c05e6f82297a7.php 第 2 行.
NOTIC: [8] Use of undefined constant goods_id - assumed 'goods_id' /data/wwwroot/tpshop/Application/Runtime/Cache/Mobile/1e5b965c4527df62a04c05e6f82297a7.php 第 8 行.
NOTIC: [8] Use of undefined constant goods_id - assumed 'goods_id' /data/wwwroot/tpshop/Application/Runtime/Cache/Mobile/1e5b965c4527df62a04c05e6f82297a7.php 第 11 行.
NOTIC: [8] Use of undefined constant goods_id - assumed 'goods_id' /data/wwwroot/tpshop/Application/Runtime/Cache/Mobile/1e5b965c4527df62a04c05e6f82297a7.php 第 2 行.
NOTIC: [8] Use of undefined constant goods_id - assumed 'goods_id' /data/wwwroot/tpshop/Application/Runtime/Cache/Mobile/1e5b965c4527df62a04c05e6f82297a7.php 第 8 行.
NOTIC: [8] Use of undefined constant goods_id - assumed 'goods_id' /data/wwwroot/tpshop/Application/Runtime/Cache/Mobile/1e5b965c4527df62a04c05e6f82297a7.php 第 11 行.
NOTIC: [8] Use of undefined constant goods_id - assumed 'goods_id' /data/wwwroot/tpshop/Application/Runtime/Cache/Mobile/1e5b965c4527df62a04c05e6f82297a7.php 第 2 行.
NOTIC: [8] Use of undefined constant goods_id - assumed 'goods_id' /data/wwwroot/tpshop/Application/Runtime/Cache/Mobile/1e5b965c4527df62a04c05e6f82297a7.php 第 8 行.
NOTIC: [8] Use of undefined constant goods_id - assumed 'goods_id' /data/wwwroot/tpshop/Application/Runtime/Cache/Mobile/1e5b965c4527df62a04c05e6f82297a7.php 第 11 行.
NOTIC: [8] Use of undefined constant goods_id - assumed 'goods_id' /data/wwwroot/tpshop/Application/Runtime/Cache/Mobile/1e5b965c4527df62a04c05e6f82297a7.php 第 2 行.
NOTIC: [8] Use of undefined constant goods_id - assumed 'goods_id' /data/wwwroot/tpshop/Application/Runtime/Cache/Mobile/1e5b965c4527df62a04c05e6f82297a7.php 第 8 行.
NOTIC: [8] Use of undefined constant goods_id - assumed 'goods_id' /data/wwwroot/tpshop/Application/Runtime/Cache/Mobile/1e5b965c4527df62a04c05e6f82297a7.php 第 11 行.
NOTIC: [8] Use of undefined constant goods_id - assumed 'goods_id' /data/wwwroot/tpshop/Application/Runtime/Cache/Mobile/1e5b965c4527df62a04c05e6f82297a7.php 第 2 行.
NOTIC: [8] Use of undefined constant goods_id - assumed 'goods_id' /data/wwwroot/tpshop/Application/Runtime/Cache/Mobile/1e5b965c4527df62a04c05e6f82297a7.php 第 8 行.
NOTIC: [8] Use of undefined constant goods_id - assumed 'goods_id' /data/wwwroot/tpshop/Application/Runtime/Cache/Mobile/1e5b965c4527df62a04c05e6f82297a7.php 第 11 行.
NOTIC: [8] Use of undefined constant goods_id - assumed 'goods_id' /data/wwwroot/tpshop/Application/Runtime/Cache/Mobile/1e5b965c4527df62a04c05e6f82297a7.php 第 2 行.
NOTIC: [8] Use of undefined constant goods_id - assumed 'goods_id' /data/wwwroot/tpshop/Application/Runtime/Cache/Mobile/1e5b965c4527df62a04c05e6f82297a7.php 第 8 行.
NOTIC: [8] Use of undefined constant goods_id - assumed 'goods_id' /data/wwwroot/tpshop/Application/Runtime/Cache/Mobile/1e5b965c4527df62a04c05e6f82297a7.php 第 11 行.
NOTIC: [8] Use of undefined constant goods_id - assumed 'goods_id' /data/wwwroot/tpshop/Application/Runtime/Cache/Mobile/1e5b965c4527df62a04c05e6f82297a7.php 第 2 行.
NOTIC: [8] Use of undefined constant goods_id - assumed 'goods_id' /data/wwwroot/tpshop/Application/Runtime/Cache/Mobile/1e5b965c4527df62a04c05e6f82297a7.php 第 8 行.
NOTIC: [8] Use of undefined constant goods_id - assumed 'goods_id' /data/wwwroot/tpshop/Application/Runtime/Cache/Mobile/1e5b965c4527df62a04c05e6f82297a7.php 第 11 行.
NOTIC: [8] Use of undefined constant goods_id - assumed 'goods_id' /data/wwwroot/tpshop/Application/Runtime/Cache/Mobile/1e5b965c4527df62a04c05e6f82297a7.php 第 2 行.
NOTIC: [8] Use of undefined constant goods_id - assumed 'goods_id' /data/wwwroot/tpshop/Application/Runtime/Cache/Mobile/1e5b965c4527df62a04c05e6f82297a7.php 第 8 行.
NOTIC: [8] Use of undefined constant goods_id - assumed 'goods_id' /data/wwwroot/tpshop/Application/Runtime/Cache/Mobile/1e5b965c4527df62a04c05e6f82297a7.php 第 11 行.
INFO: Run Behavior\ParseTemplateBehavior [ RunTime:0.021917s ]
INFO: [ view_parse ] --END-- [ RunTime:0.021976s ]
INFO: [ view_filter ] --START--
INFO: Run Behavior\WriteHtmlCacheBehavior [ RunTime:0.000081s ]
INFO: Run Behavior\TokenBuildBehavior [ RunTime:0.000166s ]
INFO: [ view_filter ] --END-- [ RunTime:0.000300s ]
INFO: [ app_end ] --START--
INFO: Run Behavior\ShowPageTraceBehavior [ RunTime:0.000039s ]
INFO: [ app_end ] --END-- [ RunTime:0.000070s ]

[ 2017-07-05T20:00:25+08:00 ] 140.207.185.107 /
INFO: [ app_init ] --START--
INFO: Run Behavior\BuildLiteBehavior [ RunTime:0.000014s ]
INFO: [ app_init ] --END-- [ RunTime:0.000091s ]
INFO: [ app_begin ] --START--
INFO: Run Behavior\ReadHtmlCacheBehavior [ RunTime:0.000053s ]
INFO: [ app_begin ] --END-- [ RunTime:0.000093s ]
NOTIC: [8] Undefined index: openid /data/wwwroot/tpshop/Application/Mobile/Controller/MobileBaseController.class.php 第 49 行.
NOTIC: [8] Undefined index: openid /data/wwwroot/tpshop/Application/Mobile/Controller/MobileBaseController.class.php 第 127 行.

[ 2017-07-05T20:00:58+08:00 ] 182.140.175.143 /index.php/Mobile/Goods/categoryList.html
INFO: [ app_init ] --START--
INFO: Run Behavior\BuildLiteBehavior [ RunTime:0.000014s ]
INFO: [ app_init ] --END-- [ RunTime:0.000089s ]
INFO: [ app_begin ] --START--
INFO: Run Behavior\ReadHtmlCacheBehavior [ RunTime:0.000051s ]
INFO: [ app_begin ] --END-- [ RunTime:0.000090s ]
INFO: [ view_begin ] --START--
INFO: Run Home\Behaviors\testBehavior [ RunTime:0.000073s ]
INFO: [ view_begin ] --END-- [ RunTime:0.000134s ]
INFO: [ view_parse ] --START--
NOTIC: [8] Undefined index: order /data/wwwroot/tpshop/ThinkPHP/Library/Think/Template/TagLib/Tpshop.class.php 第 35 行.
NOTIC: [8] Undefined index: where /data/wwwroot/tpshop/ThinkPHP/Library/Think/Template/TagLib/Tpshop.class.php 第 37 行.
INFO: [ template_filter ] --START--
INFO: Run Behavior\ContentReplaceBehavior [ RunTime:0.000084s ]
INFO: [ template_filter ] --END-- [ RunTime:0.000146s ]
NOTIC: [8] Use of undefined constant level - assumed 'level' /data/wwwroot/tpshop/Application/Runtime/Cache/Mobile/39ba1632c91dad7004327756b9a14551.php 第 25 行.
NOTIC: [8] Use of undefined constant level - assumed 'level' /data/wwwroot/tpshop/Application/Runtime/Cache/Mobile/39ba1632c91dad7004327756b9a14551.php 第 25 行.
NOTIC: [8] Use of undefined constant level - assumed 'level' /data/wwwroot/tpshop/Application/Runtime/Cache/Mobile/39ba1632c91dad7004327756b9a14551.php 第 25 行.
NOTIC: [8] Use of undefined constant level - assumed 'level' /data/wwwroot/tpshop/Application/Runtime/Cache/Mobile/39ba1632c91dad7004327756b9a14551.php 第 25 行.
NOTIC: [8] Use of undefined constant position - assumed 'position' /data/wwwroot/tpshop/Application/Runtime/Cache/Mobile/39ba1632c91dad7004327756b9a14551.php 第 32 行.
NOTIC: [8] Use of undefined constant pid - assumed 'pid' /data/wwwroot/tpshop/Application/Runtime/Cache/Mobile/39ba1632c91dad7004327756b9a14551.php 第 32 行.
NOTIC: [8] Use of undefined constant edit_ad - assumed 'edit_ad' /data/wwwroot/tpshop/Application/Runtime/Cache/Mobile/39ba1632c91dad7004327756b9a14551.php 第 32 行.
NOTIC: [8] Undefined index: edit_ad /data/wwwroot/tpshop/Application/Runtime/Cache/Mobile/39ba1632c91dad7004327756b9a14551.php 第 32 行.
NOTIC: [8] Use of undefined constant ad_code - assumed 'ad_code' /data/wwwroot/tpshop/Application/Runtime/Cache/Mobile/39ba1632c91dad7004327756b9a14551.php 第 34 行.
NOTIC: [8] Use of undefined constant title - assumed 'title' /data/wwwroot/tpshop/Application/Runtime/Cache/Mobile/39ba1632c91dad7004327756b9a14551.php 第 34 行.
NOTIC: [8] Undefined index: title /data/wwwroot/tpshop/Application/Runtime/Cache/Mobile/39ba1632c91dad7004327756b9a14551.php 第 34 行.
NOTIC: [8] Use of undefined constant style - assumed 'style' /data/wwwroot/tpshop/Application/Runtime/Cache/Mobile/39ba1632c91dad7004327756b9a14551.php 第 34 行.
NOTIC: [8] Undefined index: style /data/wwwroot/tpshop/Application/Runtime/Cache/Mobile/39ba1632c91dad7004327756b9a14551.php 第 34 行.
NOTIC: [8] Use of undefined constant id - assumed 'id' /data/wwwroot/tpshop/Application/Runtime/Cache/Mobile/39ba1632c91dad7004327756b9a14551.php 第 37 行.
NOTIC: [8] Use of undefined constant id - assumed 'id' /data/wwwroot/tpshop/Application/Runtime/Cache/Mobile/39ba1632c91dad7004327756b9a14551.php 第 41 行.
NOTIC: [8] Use of undefined constant position - assumed 'position' /data/wwwroot/tpshop/Application/Runtime/Cache/Mobile/39ba1632c91dad7004327756b9a14551.php 第 32 行.
NOTIC: [8] Use of undefined constant pid - assumed 'pid' /data/wwwroot/tpshop/Application/Runtime/Cache/Mobile/39ba1632c91dad7004327756b9a14551.php 第 32 行.
NOTIC: [8] Use of undefined constant edit_ad - assumed 'edit_ad' /data/wwwroot/tpshop/Application/Runtime/Cache/Mobile/39ba1632c91dad7004327756b9a14551.php 第 32 行.
NOTIC: [8] Undefined index: edit_ad /data/wwwroot/tpshop/Application/Runtime/Cache/Mobile/39ba1632c91dad7004327756b9a14551.php 第 32 行.
NOTIC: [8] Use of undefined constant ad_code - assumed 'ad_code' /data/wwwroot/tpshop/Application/Runtime/Cache/Mobile/39ba1632c91dad7004327756b9a14551.php 第 34 行.
NOTIC: [8] Use of undefined constant title - assumed 'title' /data/wwwroot/tpshop/Application/Runtime/Cache/Mobile/39ba1632c91dad7004327756b9a14551.php 第 34 行.
NOTIC: [8] Undefined index: title /data/wwwroot/tpshop/Application/Runtime/Cache/Mobile/39ba1632c91dad7004327756b9a14551.php 第 34 行.
NOTIC: [8] Use of undefined constant style - assumed 'style' /data/wwwroot/tpshop/Application/Runtime/Cache/Mobile/39ba1632c91dad7004327756b9a14551.php 第 34 行.
NOTIC: [8] Undefined index: style /data/wwwroot/tpshop/Application/Runtime/Cache/Mobile/39ba1632c91dad7004327756b9a14551.php 第 34 行.
NOTIC: [8] Use of undefined constant id - assumed 'id' /data/wwwroot/tpshop/Application/Runtime/Cache/Mobile/39ba1632c91dad7004327756b9a14551.php 第 37 行.
NOTIC: [8] Use of undefined constant id - assumed 'id' /data/wwwroot/tpshop/Application/Runtime/Cache/Mobile/39ba1632c91dad7004327756b9a14551.php 第 41 行.
NOTIC: [8] Use of undefined constant id - assumed 'id' /data/wwwroot/tpshop/Application/Runtime/Cache/Mobile/39ba1632c91dad7004327756b9a14551.php 第 37 行.
NOTIC: [8] Use of undefined constant id - assumed 'id' /data/wwwroot/tpshop/Application/Runtime/Cache/Mobile/39ba1632c91dad7004327756b9a14551.php 第 41 行.
NOTIC: [8] Use of undefined constant position - assumed 'position' /data/wwwroot/tpshop/Application/Runtime/Cache/Mobile/39ba1632c91dad7004327756b9a14551.php 第 32 行.
NOTIC: [8] Use of undefined constant pid - assumed 'pid' /data/wwwroot/tpshop/Application/Runtime/Cache/Mobile/39ba1632c91dad7004327756b9a14551.php 第 32 行.
NOTIC: [8] Use of undefined constant edit_ad - assumed 'edit_ad' /data/wwwroot/tpshop/Application/Runtime/Cache/Mobile/39ba1632c91dad7004327756b9a14551.php 第 32 行.
NOTIC: [8] Undefined index: edit_ad /data/wwwroot/tpshop/Application/Runtime/Cache/Mobile/39ba1632c91dad7004327756b9a14551.php 第 32 行.
NOTIC: [8] Use of undefined constant ad_code - assumed 'ad_code' /data/wwwroot/tpshop/Application/Runtime/Cache/Mobile/39ba1632c91dad7004327756b9a14551.php 第 34 行.
NOTIC: [8] Use of undefined constant title - assumed 'title' /data/wwwroot/tpshop/Application/Runtime/Cache/Mobile/39ba1632c91dad7004327756b9a14551.php 第 34 行.
NOTIC: [8] Undefined index: title /data/wwwroot/tpshop/Application/Runtime/Cache/Mobile/39ba1632c91dad7004327756b9a14551.php 第 34 行.
NOTIC: [8] Use of undefined constant style - assumed 'style' /data/wwwroot/tpshop/Application/Runtime/Cache/Mobile/39ba1632c91dad7004327756b9a14551.php 第 34 行.
NOTIC: [8] Undefined index: style /data/wwwroot/tpshop/Application/Runtime/Cache/Mobile/39ba1632c91dad7004327756b9a14551.php 第 34 行.
NOTIC: [8] Use of undefined constant id - assumed 'id' /data/wwwroot/tpshop/Application/Runtime/Cache/Mobile/39ba1632c91dad7004327756b9a14551.php 第 37 行.
NOTIC: [8] Use of undefined constant id - assumed 'id' /data/wwwroot/tpshop/Application/Runtime/Cache/Mobile/39ba1632c91dad7004327756b9a14551.php 第 41 行.
NOTIC: [8] Use of undefined constant position - assumed 'position' /data/wwwroot/tpshop/Application/Runtime/Cache/Mobile/39ba1632c91dad7004327756b9a14551.php 第 32 行.
NOTIC: [8] Use of undefined constant pid - assumed 'pid' /data/wwwroot/tpshop/Application/Runtime/Cache/Mobile/39ba1632c91dad7004327756b9a14551.php 第 32 行.
NOTIC: [8] Use of undefined constant edit_ad - assumed 'edit_ad' /data/wwwroot/tpshop/Application/Runtime/Cache/Mobile/39ba1632c91dad7004327756b9a14551.php 第 32 行.
NOTIC: [8] Undefined index: edit_ad /data/wwwroot/tpshop/Application/Runtime/Cache/Mobile/39ba1632c91dad7004327756b9a14551.php 第 32 行.
NOTIC: [8] Use of undefined constant ad_code - assumed 'ad_code' /data/wwwroot/tpshop/Application/Runtime/Cache/Mobile/39ba1632c91dad7004327756b9a14551.php 第 34 行.
NOTIC: [8] Use of undefined constant title - assumed 'title' /data/wwwroot/tpshop/Application/Runtime/Cache/Mobile/39ba1632c91dad7004327756b9a14551.php 第 34 行.
NOTIC: [8] Undefined index: title /data/wwwroot/tpshop/Application/Runtime/Cache/Mobile/39ba1632c91dad7004327756b9a14551.php 第 34 行.
NOTIC: [8] Use of undefined constant style - assumed 'style' /data/wwwroot/tpshop/Application/Runtime/Cache/Mobile/39ba1632c91dad7004327756b9a14551.php 第 34 行.
NOTIC: [8] Undefined index: style /data/wwwroot/tpshop/Application/Runtime/Cache/Mobile/39ba1632c91dad7004327756b9a14551.php 第 34 行.
NOTIC: [8] Use of undefined constant id - assumed 'id' /data/wwwroot/tpshop/Application/Runtime/Cache/Mobile/39ba1632c91dad7004327756b9a14551.php 第 37 行.
NOTIC: [8] Use of undefined constant id - assumed 'id' /data/wwwroot/tpshop/Application/Runtime/Cache/Mobile/39ba1632c91dad7004327756b9a14551.php 第 41 行.
NOTIC: [8] Use of undefined constant HTTP_HOST - assumed 'HTTP_HOST' /data/wwwroot/tpshop/Application/Runtime/Cache/Mobile/39ba1632c91dad7004327756b9a14551.php 第 102 行.
NOTIC: [8] Use of undefined constant HTTP_HOST - assumed 'HTTP_HOST' /data/wwwroot/tpshop/Application/Runtime/Cache/Mobile/39ba1632c91dad7004327756b9a14551.php 第 103 行.
INFO: Run Behavior\ParseTemplateBehavior [ RunTime:0.069771s ]
INFO: [ view_parse ] --END-- [ RunTime:0.069861s ]
INFO: [ view_filter ] --START--
INFO: Run Behavior\WriteHtmlCacheBehavior [ RunTime:0.000063s ]
INFO: Run Behavior\TokenBuildBehavior [ RunTime:0.000199s ]
INFO: [ view_filter ] --END-- [ RunTime:0.000337s ]
INFO: [ app_end ] --START--
INFO: Run Behavior\ShowPageTraceBehavior [ RunTime:0.000047s ]
INFO: [ app_end ] --END-- [ RunTime:0.000081s ]

