[ 2017-07-07T19:29:08+08:00 ] 182.140.184.154 /Mobile/User/index
INFO: [ app_init ] --START--
INFO: Run Behavior\BuildLiteBehavior [ RunTime:0.000015s ]
INFO: [ app_init ] --END-- [ RunTime:0.000097s ]
INFO: [ app_begin ] --START--
INFO: Run Behavior\ReadHtmlCacheBehavior [ RunTime:0.000087s ]
INFO: [ app_begin ] --END-- [ RunTime:0.000152s ]
NOTIC: [8] Undefined index: openid /data/wwwroot/tpshop/Application/Mobile/Controller/MobileBaseController.class.php 第 49 行.
NOTIC: [8] Undefined index: openid /data/wwwroot/tpshop/Application/Mobile/Controller/MobileBaseController.class.php 第 127 行.

[ 2017-07-07T19:29:10+08:00 ] 182.140.184.154 /Mobile/User/index?code=061fTrHZ1TZJWY0sKOKZ1jFhHZ1fTrH3&state=STATE
INFO: [ app_init ] --START--
INFO: Run Behavior\BuildLiteBehavior [ RunTime:0.000031s ]
INFO: [ app_init ] --END-- [ RunTime:0.000112s ]
INFO: [ app_begin ] --START--
INFO: Run Behavior\ReadHtmlCacheBehavior [ RunTime:0.000064s ]
INFO: [ app_begin ] --END-- [ RunTime:0.000103s ]
NOTIC: [8] Undefined index: openid /data/wwwroot/tpshop/Application/Mobile/Controller/MobileBaseController.class.php 第 49 行.
NOTIC: [8] Undefined index: openid /data/wwwroot/tpshop/Application/Mobile/Controller/MobileBaseController.class.php 第 127 行.
NOTIC: [8] Use of undefined constant appid - assumed 'appid' /data/wwwroot/tpshop/Application/Mobile/Controller/MobileBaseController.class.php 第 228 行.
NOTIC: [8] Use of undefined constant appsecret - assumed 'appsecret' /data/wwwroot/tpshop/Application/Mobile/Controller/MobileBaseController.class.php 第 228 行.
INFO: [ view_begin ] --START--
INFO: Run Home\Behaviors\testBehavior [ RunTime:0.025013s ]
INFO: [ view_begin ] --END-- [ RunTime:0.025119s ]
INFO: [ view_parse ] --START--
INFO: [ template_filter ] --START--
INFO: Run Behavior\ContentReplaceBehavior [ RunTime:0.000093s ]
INFO: [ template_filter ] --END-- [ RunTime:0.000164s ]
NOTIC: [8] Undefined variable: first_nickname /data/wwwroot/tpshop/Application/Runtime/Cache/Mobile/a2cdf6808589c9960a4f49587fea1156.php 第 34 行.
NOTIC: [8] Use of undefined constant head_pic - assumed 'head_pic' /data/wwwroot/tpshop/Application/Runtime/Cache/Mobile/a2cdf6808589c9960a4f49587fea1156.php 第 39 行.
NOTIC: [8] Use of undefined constant head_pic - assumed 'head_pic' /data/wwwroot/tpshop/Application/Runtime/Cache/Mobile/a2cdf6808589c9960a4f49587fea1156.php 第 39 行.
NOTIC: [8] Use of undefined constant head_pic - assumed 'head_pic' /data/wwwroot/tpshop/Application/Runtime/Cache/Mobile/a2cdf6808589c9960a4f49587fea1156.php 第 39 行.
NOTIC: [8] Undefined variable: user_id /data/wwwroot/tpshop/Application/Runtime/Cache/Mobile/a2cdf6808589c9960a4f49587fea1156.php 第 87 行.
NOTIC: [8] Use of undefined constant HTTP_HOST - assumed 'HTTP_HOST' /data/wwwroot/tpshop/Application/Runtime/Cache/Mobile/a2cdf6808589c9960a4f49587fea1156.php 第 157 行.
NOTIC: [8] Use of undefined constant HTTP_HOST - assumed 'HTTP_HOST' /data/wwwroot/tpshop/Application/Runtime/Cache/Mobile/a2cdf6808589c9960a4f49587fea1156.php 第 158 行.
INFO: Run Behavior\ParseTemplateBehavior [ RunTime:0.183020s ]
INFO: [ view_parse ] --END-- [ RunTime:0.183093s ]
INFO: [ view_filter ] --START--
INFO: Run Behavior\WriteHtmlCacheBehavior [ RunTime:0.033855s ]
INFO: Run Behavior\TokenBuildBehavior [ RunTime:0.008626s ]
INFO: [ view_filter ] --END-- [ RunTime:0.042608s ]
INFO: [ app_end ] --START--
INFO: Run Behavior\ShowPageTraceBehavior [ RunTime:0.000053s ]
INFO: [ app_end ] --END-- [ RunTime:0.000090s ]

[ 2017-07-07T19:29:35+08:00 ] 182.140.184.154 /index.php/Mobile/User/order_list.html
INFO: [ app_init ] --START--
INFO: Run Behavior\BuildLiteBehavior [ RunTime:0.000021s ]
INFO: [ app_init ] --END-- [ RunTime:0.000155s ]
INFO: [ app_begin ] --START--
INFO: Run Behavior\ReadHtmlCacheBehavior [ RunTime:0.000092s ]
INFO: [ app_begin ] --END-- [ RunTime:0.000159s ]
NOTIC: [8] Undefined index: is_ajax /data/wwwroot/tpshop/Application/Mobile/Controller/UserController.class.php 第 297 行.
INFO: [ view_begin ] --START--
INFO: Run Home\Behaviors\testBehavior [ RunTime:0.000075s ]
INFO: [ view_begin ] --END-- [ RunTime:0.000170s ]
INFO: [ view_parse ] --START--
INFO: [ template_filter ] --START--
INFO: Run Behavior\ContentReplaceBehavior [ RunTime:0.000081s ]
INFO: [ template_filter ] --END-- [ RunTime:0.000150s ]
NOTIC: [8] Use of undefined constant type - assumed 'type' /data/wwwroot/tpshop/Application/Runtime/Cache/Mobile/1cb96f82fc0cdf574ee3937c48b3de10.php 第 58 行.
NOTIC: [8] Undefined index: type /data/wwwroot/tpshop/Application/Runtime/Cache/Mobile/1cb96f82fc0cdf574ee3937c48b3de10.php 第 58 行.
NOTIC: [8] Use of undefined constant type - assumed 'type' /data/wwwroot/tpshop/Application/Runtime/Cache/Mobile/1cb96f82fc0cdf574ee3937c48b3de10.php 第 59 行.
NOTIC: [8] Undefined index: type /data/wwwroot/tpshop/Application/Runtime/Cache/Mobile/1cb96f82fc0cdf574ee3937c48b3de10.php 第 59 行.
NOTIC: [8] Use of undefined constant type - assumed 'type' /data/wwwroot/tpshop/Application/Runtime/Cache/Mobile/1cb96f82fc0cdf574ee3937c48b3de10.php 第 60 行.
NOTIC: [8] Undefined index: type /data/wwwroot/tpshop/Application/Runtime/Cache/Mobile/1cb96f82fc0cdf574ee3937c48b3de10.php 第 60 行.
NOTIC: [8] Use of undefined constant type - assumed 'type' /data/wwwroot/tpshop/Application/Runtime/Cache/Mobile/1cb96f82fc0cdf574ee3937c48b3de10.php 第 61 行.
NOTIC: [8] Undefined index: type /data/wwwroot/tpshop/Application/Runtime/Cache/Mobile/1cb96f82fc0cdf574ee3937c48b3de10.php 第 61 行.
NOTIC: [8] Use of undefined constant type - assumed 'type' /data/wwwroot/tpshop/Application/Runtime/Cache/Mobile/1cb96f82fc0cdf574ee3937c48b3de10.php 第 62 行.
NOTIC: [8] Undefined index: type /data/wwwroot/tpshop/Application/Runtime/Cache/Mobile/1cb96f82fc0cdf574ee3937c48b3de10.php 第 62 行.
NOTIC: [8] Undefined index: type /data/wwwroot/tpshop/Application/Runtime/Cache/Mobile/1cb96f82fc0cdf574ee3937c48b3de10.php 第 100 行.
NOTIC: [8] Undefined index: type /data/wwwroot/tpshop/Application/Runtime/Cache/Mobile/1cb96f82fc0cdf574ee3937c48b3de10.php 第 117 行.
NOTIC: [8] Undefined index: type /data/wwwroot/tpshop/Application/Runtime/Cache/Mobile/1cb96f82fc0cdf574ee3937c48b3de10.php 第 118 行.
INFO: Run Behavior\ParseTemplateBehavior [ RunTime:0.015021s ]
INFO: [ view_parse ] --END-- [ RunTime:0.015066s ]
INFO: [ view_filter ] --START--
INFO: Run Behavior\WriteHtmlCacheBehavior [ RunTime:0.000051s ]
INFO: Run Behavior\TokenBuildBehavior [ RunTime:0.000123s ]
INFO: [ view_filter ] --END-- [ RunTime:0.000229s ]
INFO: [ app_end ] --START--
INFO: Run Behavior\ShowPageTraceBehavior [ RunTime:0.000044s ]
INFO: [ app_end ] --END-- [ RunTime:0.000079s ]

[ 2017-07-07T19:29:45+08:00 ] 101.226.102.97 /index.php/Mobile/User/order_list.html
INFO: [ app_init ] --START--
INFO: Run Behavior\BuildLiteBehavior [ RunTime:0.000017s ]
INFO: [ app_init ] --END-- [ RunTime:0.000119s ]
INFO: [ app_begin ] --START--
INFO: Run Behavior\ReadHtmlCacheBehavior [ RunTime:0.000052s ]
INFO: [ app_begin ] --END-- [ RunTime:0.000092s ]
NOTIC: [8] Undefined index: openid /data/wwwroot/tpshop/Application/Mobile/Controller/MobileBaseController.class.php 第 49 行.
NOTIC: [8] Undefined index: openid /data/wwwroot/tpshop/Application/Mobile/Controller/MobileBaseController.class.php 第 127 行.

