[ 2017-07-28T08:55:56+08:00 ] 182.140.175.142 /Mobile
INFO: [ app_init ] --START--
INFO: Run Behavior\BuildLiteBehavior [ RunTime:0.000019s ]
INFO: [ app_init ] --END-- [ RunTime:0.000130s ]
INFO: [ app_begin ] --START--
INFO: Run Behavior\ReadHtmlCacheBehavior [ RunTime:0.000110s ]
INFO: [ app_begin ] --END-- [ RunTime:0.000199s ]
NOTIC: [8] Undefined index: openid /data/wwwroot/tpshop/Application/Mobile/Controller/MobileBaseController.class.php 第 49 行.
NOTIC: [8] Undefined index: openid /data/wwwroot/tpshop/Application/Mobile/Controller/MobileBaseController.class.php 第 127 行.

[ 2017-07-28T08:55:57+08:00 ] 124.161.23.60 /
INFO: [ app_init ] --START--
INFO: Run Behavior\BuildLiteBehavior [ RunTime:0.000014s ]
INFO: [ app_init ] --END-- [ RunTime:0.000096s ]
INFO: [ app_begin ] --START--
INFO: Run Behavior\ReadHtmlCacheBehavior [ RunTime:0.000088s ]
INFO: [ app_begin ] --END-- [ RunTime:0.000141s ]
NOTIC: [8] Undefined index: openid /data/wwwroot/tpshop/Application/Mobile/Controller/MobileBaseController.class.php 第 49 行.
NOTIC: [8] Undefined index: openid /data/wwwroot/tpshop/Application/Mobile/Controller/MobileBaseController.class.php 第 127 行.

[ 2017-07-28T08:55:57+08:00 ] 223.85.132.35 /
INFO: [ app_init ] --START--
INFO: Run Behavior\BuildLiteBehavior [ RunTime:0.000014s ]
INFO: [ app_init ] --END-- [ RunTime:0.000092s ]
INFO: [ app_begin ] --START--
INFO: Run Behavior\ReadHtmlCacheBehavior [ RunTime:0.000058s ]
INFO: [ app_begin ] --END-- [ RunTime:0.000097s ]
NOTIC: [8] Undefined index: openid /data/wwwroot/tpshop/Application/Mobile/Controller/MobileBaseController.class.php 第 49 行.
NOTIC: [8] Undefined index: openid /data/wwwroot/tpshop/Application/Mobile/Controller/MobileBaseController.class.php 第 127 行.

[ 2017-07-28T08:55:58+08:00 ] 182.140.175.142 /Mobile?code=001j3QCd1c0NEv03HVCd1K9NCd1j3QCk&state=STATE
INFO: [ app_init ] --START--
INFO: Run Behavior\BuildLiteBehavior [ RunTime:0.000014s ]
INFO: [ app_init ] --END-- [ RunTime:0.000115s ]
INFO: [ app_begin ] --START--
INFO: Run Behavior\ReadHtmlCacheBehavior [ RunTime:0.000059s ]
INFO: [ app_begin ] --END-- [ RunTime:0.000096s ]
NOTIC: [8] Undefined index: openid /data/wwwroot/tpshop/Application/Mobile/Controller/MobileBaseController.class.php 第 49 行.
NOTIC: [8] Undefined index: openid /data/wwwroot/tpshop/Application/Mobile/Controller/MobileBaseController.class.php 第 127 行.
NOTIC: [8] Use of undefined constant appid - assumed 'appid' /data/wwwroot/tpshop/Application/Mobile/Controller/MobileBaseController.class.php 第 228 行.
NOTIC: [8] Use of undefined constant appsecret - assumed 'appsecret' /data/wwwroot/tpshop/Application/Mobile/Controller/MobileBaseController.class.php 第 228 行.
NOTIC: [2] Invalid argument supplied for foreach() /data/wwwroot/tpshop/ThinkPHP/Library/Think/Db/Driver.class.php 第 494 行.
INFO: [ view_begin ] --START--
INFO: Run Home\Behaviors\testBehavior [ RunTime:0.006229s ]
INFO: [ view_begin ] --END-- [ RunTime:0.006295s ]
INFO: [ view_parse ] --START--
NOTIC: [8] Undefined index: order /data/wwwroot/tpshop/ThinkPHP/Library/Think/Template/TagLib/Tpshop.class.php 第 35 行.
NOTIC: [8] Undefined index: where /data/wwwroot/tpshop/ThinkPHP/Library/Think/Template/TagLib/Tpshop.class.php 第 37 行.
NOTIC: [8] Undefined index: order /data/wwwroot/tpshop/ThinkPHP/Library/Think/Template/TagLib/Tpshop.class.php 第 35 行.
NOTIC: [8] Undefined index: where /data/wwwroot/tpshop/ThinkPHP/Library/Think/Template/TagLib/Tpshop.class.php 第 37 行.
NOTIC: [8] Undefined index: order /data/wwwroot/tpshop/ThinkPHP/Library/Think/Template/TagLib/Tpshop.class.php 第 35 行.
NOTIC: [8] Undefined index: where /data/wwwroot/tpshop/ThinkPHP/Library/Think/Template/TagLib/Tpshop.class.php 第 37 行.
NOTIC: [8] Undefined index: order /data/wwwroot/tpshop/ThinkPHP/Library/Think/Template/TagLib/Tpshop.class.php 第 35 行.
NOTIC: [8] Undefined index: where /data/wwwroot/tpshop/ThinkPHP/Library/Think/Template/TagLib/Tpshop.class.php 第 37 行.
NOTIC: [8] Undefined index: order /data/wwwroot/tpshop/ThinkPHP/Library/Think/Template/TagLib/Tpshop.class.php 第 35 行.
NOTIC: [8] Undefined index: where /data/wwwroot/tpshop/ThinkPHP/Library/Think/Template/TagLib/Tpshop.class.php 第 37 行.
NOTIC: [8] Undefined index: order /data/wwwroot/tpshop/ThinkPHP/Library/Think/Template/TagLib/Tpshop.class.php 第 35 行.
NOTIC: [8] Undefined index: where /data/wwwroot/tpshop/ThinkPHP/Library/Think/Template/TagLib/Tpshop.class.php 第 37 行.
NOTIC: [8] Undefined index: order /data/wwwroot/tpshop/ThinkPHP/Library/Think/Template/TagLib/Tpshop.class.php 第 35 行.
NOTIC: [8] Undefined index: where /data/wwwroot/tpshop/ThinkPHP/Library/Think/Template/TagLib/Tpshop.class.php 第 37 行.
NOTIC: [8] Undefined index: level /data/wwwroot/tpshop/ThinkPHP/Library/Think/Template/TagLib/Tpshop.class.php 第 155 行.
NOTIC: [8] Undefined index: level /data/wwwroot/tpshop/ThinkPHP/Library/Think/Template/TagLib/Tpshop.class.php 第 155 行.
NOTIC: [8] Undefined index: level /data/wwwroot/tpshop/ThinkPHP/Library/Think/Template/TagLib/Tpshop.class.php 第 155 行.
NOTIC: [8] Undefined index: level /data/wwwroot/tpshop/ThinkPHP/Library/Think/Template/TagLib/Tpshop.class.php 第 155 行.
NOTIC: [8] Undefined index: level /data/wwwroot/tpshop/ThinkPHP/Library/Think/Template/TagLib/Tpshop.class.php 第 155 行.
NOTIC: [8] Undefined index: level /data/wwwroot/tpshop/ThinkPHP/Library/Think/Template/TagLib/Tpshop.class.php 第 155 行.
INFO: [ template_filter ] --START--
INFO: Run Behavior\ContentReplaceBehavior [ RunTime:0.000285s ]
INFO: [ template_filter ] --END-- [ RunTime:0.000344s ]
NOTIC: [8] Use of undefined constant edit_ad - assumed 'edit_ad' /data/wwwroot/tpshop/Application/Runtime/Cache/Mobile/b5bbc2774616647d2eecc9fe44b263ed.php 第 83 行.
NOTIC: [8] Undefined index: edit_ad /data/wwwroot/tpshop/Application/Runtime/Cache/Mobile/b5bbc2774616647d2eecc9fe44b263ed.php 第 83 行.
NOTIC: [8] Use of undefined constant position - assumed 'position' /data/wwwroot/tpshop/Application/Runtime/Cache/Mobile/b5bbc2774616647d2eecc9fe44b263ed.php 第 83 行.
NOTIC: [8] Use of undefined constant pid - assumed 'pid' /data/wwwroot/tpshop/Application/Runtime/Cache/Mobile/b5bbc2774616647d2eecc9fe44b263ed.php 第 83 行.
NOTIC: [8] Use of undefined constant edit_ad - assumed 'edit_ad' /data/wwwroot/tpshop/Application/Runtime/Cache/Mobile/b5bbc2774616647d2eecc9fe44b263ed.php 第 83 行.
NOTIC: [8] Undefined index: edit_ad /data/wwwroot/tpshop/Application/Runtime/Cache/Mobile/b5bbc2774616647d2eecc9fe44b263ed.php 第 83 行.
NOTIC: [8] Use of undefined constant ad_code - assumed 'ad_code' /data/wwwroot/tpshop/Application/Runtime/Cache/Mobile/b5bbc2774616647d2eecc9fe44b263ed.php 第 83 行.
NOTIC: [8] Use of undefined constant title - assumed 'title' /data/wwwroot/tpshop/Application/Runtime/Cache/Mobile/b5bbc2774616647d2eecc9fe44b263ed.php 第 83 行.
NOTIC: [8] Undefined index: title /data/wwwroot/tpshop/Application/Runtime/Cache/Mobile/b5bbc2774616647d2eecc9fe44b263ed.php 第 83 行.
NOTIC: [8] Use of undefined constant style - assumed 'style' /data/wwwroot/tpshop/Application/Runtime/Cache/Mobile/b5bbc2774616647d2eecc9fe44b263ed.php 第 83 行.
NOTIC: [8] Undefined index: style /data/wwwroot/tpshop/Application/Runtime/Cache/Mobile/b5bbc2774616647d2eecc9fe44b263ed.php 第 83 行.
NOTIC: [8] Use of undefined constant position - assumed 'position' /data/wwwroot/tpshop/Application/Runtime/Cache/Mobile/b5bbc2774616647d2eecc9fe44b263ed.php 第 83 行.
NOTIC: [8] Use of undefined constant pid - assumed 'pid' /data/wwwroot/tpshop/Application/Runtime/Cache/Mobile/b5bbc2774616647d2eecc9fe44b263ed.php 第 83 行.
NOTIC: [8] Use of undefined constant edit_ad - assumed 'edit_ad' /data/wwwroot/tpshop/Application/Runtime/Cache/Mobile/b5bbc2774616647d2eecc9fe44b263ed.php 第 83 行.
NOTIC: [8] Undefined index: edit_ad /data/wwwroot/tpshop/Application/Runtime/Cache/Mobile/b5bbc2774616647d2eecc9fe44b263ed.php 第 83 行.
NOTIC: [8] Use of undefined constant ad_code - assumed 'ad_code' /data/wwwroot/tpshop/Application/Runtime/Cache/Mobile/b5bbc2774616647d2eecc9fe44b263ed.php 第 83 行.
NOTIC: [8] Use of undefined constant title - assumed 'title' /data/wwwroot/tpshop/Application/Runtime/Cache/Mobile/b5bbc2774616647d2eecc9fe44b263ed.php 第 83 行.
NOTIC: [8] Undefined index: title /data/wwwroot/tpshop/Application/Runtime/Cache/Mobile/b5bbc2774616647d2eecc9fe44b263ed.php 第 83 行.
NOTIC: [8] Use of undefined constant style - assumed 'style' /data/wwwroot/tpshop/Application/Runtime/Cache/Mobile/b5bbc2774616647d2eecc9fe44b263ed.php 第 83 行.
NOTIC: [8] Undefined index: style /data/wwwroot/tpshop/Application/Runtime/Cache/Mobile/b5bbc2774616647d2eecc9fe44b263ed.php 第 83 行.
NOTIC: [8] Use of undefined constant position - assumed 'position' /data/wwwroot/tpshop/Application/Runtime/Cache/Mobile/b5bbc2774616647d2eecc9fe44b263ed.php 第 83 行.
NOTIC: [8] Use of undefined constant pid - assumed 'pid' /data/wwwroot/tpshop/Application/Runtime/Cache/Mobile/b5bbc2774616647d2eecc9fe44b263ed.php 第 83 行.
NOTIC: [8] Use of undefined constant edit_ad - assumed 'edit_ad' /data/wwwroot/tpshop/Application/Runtime/Cache/Mobile/b5bbc2774616647d2eecc9fe44b263ed.php 第 83 行.
NOTIC: [8] Undefined index: edit_ad /data/wwwroot/tpshop/Application/Runtime/Cache/Mobile/b5bbc2774616647d2eecc9fe44b263ed.php 第 83 行.
NOTIC: [8] Use of undefined constant ad_code - assumed 'ad_code' /data/wwwroot/tpshop/Application/Runtime/Cache/Mobile/b5bbc2774616647d2eecc9fe44b263ed.php 第 83 行.
NOTIC: [8] Use of undefined constant title - assumed 'title' /data/wwwroot/tpshop/Application/Runtime/Cache/Mobile/b5bbc2774616647d2eecc9fe44b263ed.php 第 83 行.
NOTIC: [8] Undefined index: title /data/wwwroot/tpshop/Application/Runtime/Cache/Mobile/b5bbc2774616647d2eecc9fe44b263ed.php 第 83 行.
NOTIC: [8] Use of undefined constant style - assumed 'style' /data/wwwroot/tpshop/Application/Runtime/Cache/Mobile/b5bbc2774616647d2eecc9fe44b263ed.php 第 83 行.
NOTIC: [8] Undefined index: style /data/wwwroot/tpshop/Application/Runtime/Cache/Mobile/b5bbc2774616647d2eecc9fe44b263ed.php 第 83 行.
NOTIC: [8] Use of undefined constant position - assumed 'position' /data/wwwroot/tpshop/Application/Runtime/Cache/Mobile/b5bbc2774616647d2eecc9fe44b263ed.php 第 83 行.
NOTIC: [8] Use of undefined constant pid - assumed 'pid' /data/wwwroot/tpshop/Application/Runtime/Cache/Mobile/b5bbc2774616647d2eecc9fe44b263ed.php 第 83 行.
NOTIC: [8] Use of undefined constant edit_ad - assumed 'edit_ad' /data/wwwroot/tpshop/Application/Runtime/Cache/Mobile/b5bbc2774616647d2eecc9fe44b263ed.php 第 83 行.
NOTIC: [8] Undefined index: edit_ad /data/wwwroot/tpshop/Application/Runtime/Cache/Mobile/b5bbc2774616647d2eecc9fe44b263ed.php 第 83 行.
NOTIC: [8] Use of undefined constant ad_code - assumed 'ad_code' /data/wwwroot/tpshop/Application/Runtime/Cache/Mobile/b5bbc2774616647d2eecc9fe44b263ed.php 第 83 行.
NOTIC: [8] Use of undefined constant title - assumed 'title' /data/wwwroot/tpshop/Application/Runtime/Cache/Mobile/b5bbc2774616647d2eecc9fe44b263ed.php 第 83 行.
NOTIC: [8] Undefined index: title /data/wwwroot/tpshop/Application/Runtime/Cache/Mobile/b5bbc2774616647d2eecc9fe44b263ed.php 第 83 行.
NOTIC: [8] Use of undefined constant style - assumed 'style' /data/wwwroot/tpshop/Application/Runtime/Cache/Mobile/b5bbc2774616647d2eecc9fe44b263ed.php 第 83 行.
NOTIC: [8] Undefined index: style /data/wwwroot/tpshop/Application/Runtime/Cache/Mobile/b5bbc2774616647d2eecc9fe44b263ed.php 第 83 行.
NOTIC: [8] Use of undefined constant position - assumed 'position' /data/wwwroot/tpshop/Application/Runtime/Cache/Mobile/b5bbc2774616647d2eecc9fe44b263ed.php 第 186 行.
NOTIC: [8] Use of undefined constant pid - assumed 'pid' /data/wwwroot/tpshop/Application/Runtime/Cache/Mobile/b5bbc2774616647d2eecc9fe44b263ed.php 第 186 行.
NOTIC: [8] Use of undefined constant edit_ad - assumed 'edit_ad' /data/wwwroot/tpshop/Application/Runtime/Cache/Mobile/b5bbc2774616647d2eecc9fe44b263ed.php 第 186 行.
NOTIC: [8] Undefined index: edit_ad /data/wwwroot/tpshop/Application/Runtime/Cache/Mobile/b5bbc2774616647d2eecc9fe44b263ed.php 第 186 行.
NOTIC: [8] Use of undefined constant ad_code - assumed 'ad_code' /data/wwwroot/tpshop/Application/Runtime/Cache/Mobile/b5bbc2774616647d2eecc9fe44b263ed.php 第 187 行.
NOTIC: [8] Use of undefined constant title - assumed 'title' /data/wwwroot/tpshop/Application/Runtime/Cache/Mobile/b5bbc2774616647d2eecc9fe44b263ed.php 第 187 行.
NOTIC: [8] Undefined index: title /data/wwwroot/tpshop/Application/Runtime/Cache/Mobile/b5bbc2774616647d2eecc9fe44b263ed.php 第 187 行.
NOTIC: [8] Use of undefined constant style - assumed 'style' /data/wwwroot/tpshop/Application/Runtime/Cache/Mobile/b5bbc2774616647d2eecc9fe44b263ed.php 第 187 行.
NOTIC: [8] Undefined index: style /data/wwwroot/tpshop/Application/Runtime/Cache/Mobile/b5bbc2774616647d2eecc9fe44b263ed.php 第 187 行.
NOTIC: [8] Use of undefined constant position - assumed 'position' /data/wwwroot/tpshop/Application/Runtime/Cache/Mobile/b5bbc2774616647d2eecc9fe44b263ed.php 第 192 行.
NOTIC: [8] Use of undefined constant pid - assumed 'pid' /data/wwwroot/tpshop/Application/Runtime/Cache/Mobile/b5bbc2774616647d2eecc9fe44b263ed.php 第 192 行.
NOTIC: [8] Use of undefined constant edit_ad - assumed 'edit_ad' /data/wwwroot/tpshop/Application/Runtime/Cache/Mobile/b5bbc2774616647d2eecc9fe44b263ed.php 第 192 行.
NOTIC: [8] Undefined index: edit_ad /data/wwwroot/tpshop/Application/Runtime/Cache/Mobile/b5bbc2774616647d2eecc9fe44b263ed.php 第 192 行.
NOTIC: [8] Use of undefined constant ad_code - assumed 'ad_code' /data/wwwroot/tpshop/Application/Runtime/Cache/Mobile/b5bbc2774616647d2eecc9fe44b263ed.php 第 193 行.
NOTIC: [8] Use of undefined constant title - assumed 'title' /data/wwwroot/tpshop/Application/Runtime/Cache/Mobile/b5bbc2774616647d2eecc9fe44b263ed.php 第 193 行.
NOTIC: [8] Undefined index: title /data/wwwroot/tpshop/Application/Runtime/Cache/Mobile/b5bbc2774616647d2eecc9fe44b263ed.php 第 193 行.
NOTIC: [8] Use of undefined constant style - assumed 'style' /data/wwwroot/tpshop/Application/Runtime/Cache/Mobile/b5bbc2774616647d2eecc9fe44b263ed.php 第 193 行.
NOTIC: [8] Undefined index: style /data/wwwroot/tpshop/Application/Runtime/Cache/Mobile/b5bbc2774616647d2eecc9fe44b263ed.php 第 193 行.
NOTIC: [8] Use of undefined constant position - assumed 'position' /data/wwwroot/tpshop/Application/Runtime/Cache/Mobile/b5bbc2774616647d2eecc9fe44b263ed.php 第 197 行.
NOTIC: [8] Use of undefined constant pid - assumed 'pid' /data/wwwroot/tpshop/Application/Runtime/Cache/Mobile/b5bbc2774616647d2eecc9fe44b263ed.php 第 197 行.
NOTIC: [8] Use of undefined constant edit_ad - assumed 'edit_ad' /data/wwwroot/tpshop/Application/Runtime/Cache/Mobile/b5bbc2774616647d2eecc9fe44b263ed.php 第 197 行.
NOTIC: [8] Undefined index: edit_ad /data/wwwroot/tpshop/Application/Runtime/Cache/Mobile/b5bbc2774616647d2eecc9fe44b263ed.php 第 197 行.
NOTIC: [8] Use of undefined constant ad_code - assumed 'ad_code' /data/wwwroot/tpshop/Application/Runtime/Cache/Mobile/b5bbc2774616647d2eecc9fe44b263ed.php 第 198 行.
NOTIC: [8] Use of undefined constant title - assumed 'title' /data/wwwroot/tpshop/Application/Runtime/Cache/Mobile/b5bbc2774616647d2eecc9fe44b263ed.php 第 198 行.
NOTIC: [8] Undefined index: title /data/wwwroot/tpshop/Application/Runtime/Cache/Mobile/b5bbc2774616647d2eecc9fe44b263ed.php 第 198 行.
NOTIC: [8] Use of undefined constant style - assumed 'style' /data/wwwroot/tpshop/Application/Runtime/Cache/Mobile/b5bbc2774616647d2eecc9fe44b263ed.php 第 198 行.
NOTIC: [8] Undefined index: style /data/wwwroot/tpshop/Application/Runtime/Cache/Mobile/b5bbc2774616647d2eecc9fe44b263ed.php 第 198 行.
NOTIC: [8] Use of undefined constant position - assumed 'position' /data/wwwroot/tpshop/Application/Runtime/Cache/Mobile/b5bbc2774616647d2eecc9fe44b263ed.php 第 205 行.
NOTIC: [8] Use of undefined constant pid - assumed 'pid' /data/wwwroot/tpshop/Application/Runtime/Cache/Mobile/b5bbc2774616647d2eecc9fe44b263ed.php 第 205 行.
NOTIC: [8] Use of undefined constant edit_ad - assumed 'edit_ad' /data/wwwroot/tpshop/Application/Runtime/Cache/Mobile/b5bbc2774616647d2eecc9fe44b263ed.php 第 205 行.
NOTIC: [8] Undefined index: edit_ad /data/wwwroot/tpshop/Application/Runtime/Cache/Mobile/b5bbc2774616647d2eecc9fe44b263ed.php 第 205 行.
NOTIC: [8] Use of undefined constant ad_code - assumed 'ad_code' /data/wwwroot/tpshop/Application/Runtime/Cache/Mobile/b5bbc2774616647d2eecc9fe44b263ed.php 第 206 行.
NOTIC: [8] Use of undefined constant title - assumed 'title' /data/wwwroot/tpshop/Application/Runtime/Cache/Mobile/b5bbc2774616647d2eecc9fe44b263ed.php 第 206 行.
NOTIC: [8] Undefined index: title /data/wwwroot/tpshop/Application/Runtime/Cache/Mobile/b5bbc2774616647d2eecc9fe44b263ed.php 第 206 行.
NOTIC: [8] Use of undefined constant style - assumed 'style' /data/wwwroot/tpshop/Application/Runtime/Cache/Mobile/b5bbc2774616647d2eecc9fe44b263ed.php 第 206 行.
NOTIC: [8] Undefined index: style /data/wwwroot/tpshop/Application/Runtime/Cache/Mobile/b5bbc2774616647d2eecc9fe44b263ed.php 第 206 行.
NOTIC: [8] Use of undefined constant position - assumed 'position' /data/wwwroot/tpshop/Application/Runtime/Cache/Mobile/b5bbc2774616647d2eecc9fe44b263ed.php 第 210 行.
NOTIC: [8] Use of undefined constant pid - assumed 'pid' /data/wwwroot/tpshop/Application/Runtime/Cache/Mobile/b5bbc2774616647d2eecc9fe44b263ed.php 第 210 行.
NOTIC: [8] Use of undefined constant edit_ad - assumed 'edit_ad' /data/wwwroot/tpshop/Application/Runtime/Cache/Mobile/b5bbc2774616647d2eecc9fe44b263ed.php 第 210 行.
NOTIC: [8] Undefined index: edit_ad /data/wwwroot/tpshop/Application/Runtime/Cache/Mobile/b5bbc2774616647d2eecc9fe44b263ed.php 第 210 行.
NOTIC: [8] Use of undefined constant ad_code - assumed 'ad_code' /data/wwwroot/tpshop/Application/Runtime/Cache/Mobile/b5bbc2774616647d2eecc9fe44b263ed.php 第 211 行.
NOTIC: [8] Use of undefined constant title - assumed 'title' /data/wwwroot/tpshop/Application/Runtime/Cache/Mobile/b5bbc2774616647d2eecc9fe44b263ed.php 第 211 行.
NOTIC: [8] Undefined index: title /data/wwwroot/tpshop/Application/Runtime/Cache/Mobile/b5bbc2774616647d2eecc9fe44b263ed.php 第 211 行.
NOTIC: [8] Use of undefined constant style - assumed 'style' /data/wwwroot/tpshop/Application/Runtime/Cache/Mobile/b5bbc2774616647d2eecc9fe44b263ed.php 第 211 行.
NOTIC: [8] Undefined index: style /data/wwwroot/tpshop/Application/Runtime/Cache/Mobile/b5bbc2774616647d2eecc9fe44b263ed.php 第 211 行.
NOTIC: [8] Use of undefined constant goods_id - assumed 'goods_id' /data/wwwroot/tpshop/Application/Runtime/Cache/Mobile/b5bbc2774616647d2eecc9fe44b263ed.php 第 263 行.
NOTIC: [8] Use of undefined constant goods_id - assumed 'goods_id' /data/wwwroot/tpshop/Application/Runtime/Cache/Mobile/b5bbc2774616647d2eecc9fe44b263ed.php 第 265 行.
NOTIC: [8] Use of undefined constant goods_id - assumed 'goods_id' /data/wwwroot/tpshop/Application/Runtime/Cache/Mobile/b5bbc2774616647d2eecc9fe44b263ed.php 第 266 行.
NOTIC: [8] Use of undefined constant goods_id - assumed 'goods_id' /data/wwwroot/tpshop/Application/Runtime/Cache/Mobile/b5bbc2774616647d2eecc9fe44b263ed.php 第 268 行.
NOTIC: [8] Use of undefined constant goods_id - assumed 'goods_id' /data/wwwroot/tpshop/Application/Runtime/Cache/Mobile/b5bbc2774616647d2eecc9fe44b263ed.php 第 268 行.
NOTIC: [8] Use of undefined constant goods_id - assumed 'goods_id' /data/wwwroot/tpshop/Application/Runtime/Cache/Mobile/b5bbc2774616647d2eecc9fe44b263ed.php 第 263 行.
NOTIC: [8] Use of undefined constant goods_id - assumed 'goods_id' /data/wwwroot/tpshop/Application/Runtime/Cache/Mobile/b5bbc2774616647d2eecc9fe44b263ed.php 第 265 行.
NOTIC: [8] Use of undefined constant goods_id - assumed 'goods_id' /data/wwwroot/tpshop/Application/Runtime/Cache/Mobile/b5bbc2774616647d2eecc9fe44b263ed.php 第 266 行.
NOTIC: [8] Use of undefined constant goods_id - assumed 'goods_id' /data/wwwroot/tpshop/Application/Runtime/Cache/Mobile/b5bbc2774616647d2eecc9fe44b263ed.php 第 268 行.
NOTIC: [8] Use of undefined constant goods_id - assumed 'goods_id' /data/wwwroot/tpshop/Application/Runtime/Cache/Mobile/b5bbc2774616647d2eecc9fe44b263ed.php 第 268 行.
NOTIC: [8] Use of undefined constant goods_id - assumed 'goods_id' /data/wwwroot/tpshop/Application/Runtime/Cache/Mobile/b5bbc2774616647d2eecc9fe44b263ed.php 第 263 行.
NOTIC: [8] Use of undefined constant goods_id - assumed 'goods_id' /data/wwwroot/tpshop/Application/Runtime/Cache/Mobile/b5bbc2774616647d2eecc9fe44b263ed.php 第 265 行.
NOTIC: [8] Use of undefined constant goods_id - assumed 'goods_id' /data/wwwroot/tpshop/Application/Runtime/Cache/Mobile/b5bbc2774616647d2eecc9fe44b263ed.php 第 266 行.
NOTIC: [8] Use of undefined constant goods_id - assumed 'goods_id' /data/wwwroot/tpshop/Application/Runtime/Cache/Mobile/b5bbc2774616647d2eecc9fe44b263ed.php 第 268 行.
NOTIC: [8] Use of undefined constant goods_id - assumed 'goods_id' /data/wwwroot/tpshop/Application/Runtime/Cache/Mobile/b5bbc2774616647d2eecc9fe44b263ed.php 第 268 行.
NOTIC: [8] Use of undefined constant goods_id - assumed 'goods_id' /data/wwwroot/tpshop/Application/Runtime/Cache/Mobile/b5bbc2774616647d2eecc9fe44b263ed.php 第 282 行.
NOTIC: [8] Use of undefined constant goods_id - assumed 'goods_id' /data/wwwroot/tpshop/Application/Runtime/Cache/Mobile/b5bbc2774616647d2eecc9fe44b263ed.php 第 284 行.
NOTIC: [8] Use of undefined constant goods_id - assumed 'goods_id' /data/wwwroot/tpshop/Application/Runtime/Cache/Mobile/b5bbc2774616647d2eecc9fe44b263ed.php 第 286 行.
NOTIC: [8] Use of undefined constant goods_id - assumed 'goods_id' /data/wwwroot/tpshop/Application/Runtime/Cache/Mobile/b5bbc2774616647d2eecc9fe44b263ed.php 第 292 行.
NOTIC: [8] Use of undefined constant goods_id - assumed 'goods_id' /data/wwwroot/tpshop/Application/Runtime/Cache/Mobile/b5bbc2774616647d2eecc9fe44b263ed.php 第 282 行.
NOTIC: [8] Use of undefined constant goods_id - assumed 'goods_id' /data/wwwroot/tpshop/Application/Runtime/Cache/Mobile/b5bbc2774616647d2eecc9fe44b263ed.php 第 284 行.
NOTIC: [8] Use of undefined constant goods_id - assumed 'goods_id' /data/wwwroot/tpshop/Application/Runtime/Cache/Mobile/b5bbc2774616647d2eecc9fe44b263ed.php 第 286 行.
NOTIC: [8] Use of undefined constant goods_id - assumed 'goods_id' /data/wwwroot/tpshop/Application/Runtime/Cache/Mobile/b5bbc2774616647d2eecc9fe44b263ed.php 第 292 行.
NOTIC: [8] Use of undefined constant goods_id - assumed 'goods_id' /data/wwwroot/tpshop/Application/Runtime/Cache/Mobile/b5bbc2774616647d2eecc9fe44b263ed.php 第 282 行.
NOTIC: [8] Use of undefined constant goods_id - assumed 'goods_id' /data/wwwroot/tpshop/Application/Runtime/Cache/Mobile/b5bbc2774616647d2eecc9fe44b263ed.php 第 284 行.
NOTIC: [8] Use of undefined constant goods_id - assumed 'goods_id' /data/wwwroot/tpshop/Application/Runtime/Cache/Mobile/b5bbc2774616647d2eecc9fe44b263ed.php 第 286 行.
NOTIC: [8] Use of undefined constant goods_id - assumed 'goods_id' /data/wwwroot/tpshop/Application/Runtime/Cache/Mobile/b5bbc2774616647d2eecc9fe44b263ed.php 第 292 行.
NOTIC: [8] Use of undefined constant goods_id - assumed 'goods_id' /data/wwwroot/tpshop/Application/Runtime/Cache/Mobile/b5bbc2774616647d2eecc9fe44b263ed.php 第 314 行.
NOTIC: [8] Use of undefined constant goods_id - assumed 'goods_id' /data/wwwroot/tpshop/Application/Runtime/Cache/Mobile/b5bbc2774616647d2eecc9fe44b263ed.php 第 317 行.
NOTIC: [8] Use of undefined constant goods_id - assumed 'goods_id' /data/wwwroot/tpshop/Application/Runtime/Cache/Mobile/b5bbc2774616647d2eecc9fe44b263ed.php 第 321 行.
NOTIC: [8] Use of undefined constant goods_id - assumed 'goods_id' /data/wwwroot/tpshop/Application/Runtime/Cache/Mobile/b5bbc2774616647d2eecc9fe44b263ed.php 第 324 行.
NOTIC: [8] Use of undefined constant goods_id - assumed 'goods_id' /data/wwwroot/tpshop/Application/Runtime/Cache/Mobile/b5bbc2774616647d2eecc9fe44b263ed.php 第 314 行.
NOTIC: [8] Use of undefined constant goods_id - assumed 'goods_id' /data/wwwroot/tpshop/Application/Runtime/Cache/Mobile/b5bbc2774616647d2eecc9fe44b263ed.php 第 317 行.
NOTIC: [8] Use of undefined constant goods_id - assumed 'goods_id' /data/wwwroot/tpshop/Application/Runtime/Cache/Mobile/b5bbc2774616647d2eecc9fe44b263ed.php 第 321 行.
NOTIC: [8] Use of undefined constant goods_id - assumed 'goods_id' /data/wwwroot/tpshop/Application/Runtime/Cache/Mobile/b5bbc2774616647d2eecc9fe44b263ed.php 第 324 行.
NOTIC: [8] Use of undefined constant goods_id - assumed 'goods_id' /data/wwwroot/tpshop/Application/Runtime/Cache/Mobile/b5bbc2774616647d2eecc9fe44b263ed.php 第 314 行.
NOTIC: [8] Use of undefined constant goods_id - assumed 'goods_id' /data/wwwroot/tpshop/Application/Runtime/Cache/Mobile/b5bbc2774616647d2eecc9fe44b263ed.php 第 317 行.
NOTIC: [8] Use of undefined constant goods_id - assumed 'goods_id' /data/wwwroot/tpshop/Application/Runtime/Cache/Mobile/b5bbc2774616647d2eecc9fe44b263ed.php 第 321 行.
NOTIC: [8] Use of undefined constant goods_id - assumed 'goods_id' /data/wwwroot/tpshop/Application/Runtime/Cache/Mobile/b5bbc2774616647d2eecc9fe44b263ed.php 第 324 行.
NOTIC: [8] Use of undefined constant goods_id - assumed 'goods_id' /data/wwwroot/tpshop/Application/Runtime/Cache/Mobile/b5bbc2774616647d2eecc9fe44b263ed.php 第 314 行.
NOTIC: [8] Use of undefined constant goods_id - assumed 'goods_id' /data/wwwroot/tpshop/Application/Runtime/Cache/Mobile/b5bbc2774616647d2eecc9fe44b263ed.php 第 317 行.
NOTIC: [8] Use of undefined constant goods_id - assumed 'goods_id' /data/wwwroot/tpshop/Application/Runtime/Cache/Mobile/b5bbc2774616647d2eecc9fe44b263ed.php 第 321 行.
NOTIC: [8] Use of undefined constant goods_id - assumed 'goods_id' /data/wwwroot/tpshop/Application/Runtime/Cache/Mobile/b5bbc2774616647d2eecc9fe44b263ed.php 第 324 行.
NOTIC: [8] Use of undefined constant goods_id - assumed 'goods_id' /data/wwwroot/tpshop/Application/Runtime/Cache/Mobile/b5bbc2774616647d2eecc9fe44b263ed.php 第 314 行.
NOTIC: [8] Use of undefined constant goods_id - assumed 'goods_id' /data/wwwroot/tpshop/Application/Runtime/Cache/Mobile/b5bbc2774616647d2eecc9fe44b263ed.php 第 317 行.
NOTIC: [8] Use of undefined constant goods_id - assumed 'goods_id' /data/wwwroot/tpshop/Application/Runtime/Cache/Mobile/b5bbc2774616647d2eecc9fe44b263ed.php 第 321 行.
NOTIC: [8] Use of undefined constant goods_id - assumed 'goods_id' /data/wwwroot/tpshop/Application/Runtime/Cache/Mobile/b5bbc2774616647d2eecc9fe44b263ed.php 第 324 行.
NOTIC: [8] Use of undefined constant goods_id - assumed 'goods_id' /data/wwwroot/tpshop/Application/Runtime/Cache/Mobile/b5bbc2774616647d2eecc9fe44b263ed.php 第 314 行.
NOTIC: [8] Use of undefined constant goods_id - assumed 'goods_id' /data/wwwroot/tpshop/Application/Runtime/Cache/Mobile/b5bbc2774616647d2eecc9fe44b263ed.php 第 317 行.
NOTIC: [8] Use of undefined constant goods_id - assumed 'goods_id' /data/wwwroot/tpshop/Application/Runtime/Cache/Mobile/b5bbc2774616647d2eecc9fe44b263ed.php 第 321 行.
NOTIC: [8] Use of undefined constant goods_id - assumed 'goods_id' /data/wwwroot/tpshop/Application/Runtime/Cache/Mobile/b5bbc2774616647d2eecc9fe44b263ed.php 第 324 行.
NOTIC: [8] Use of undefined constant goods_id - assumed 'goods_id' /data/wwwroot/tpshop/Application/Runtime/Cache/Mobile/b5bbc2774616647d2eecc9fe44b263ed.php 第 314 行.
NOTIC: [8] Use of undefined constant goods_id - assumed 'goods_id' /data/wwwroot/tpshop/Application/Runtime/Cache/Mobile/b5bbc2774616647d2eecc9fe44b263ed.php 第 317 行.
NOTIC: [8] Use of undefined constant goods_id - assumed 'goods_id' /data/wwwroot/tpshop/Application/Runtime/Cache/Mobile/b5bbc2774616647d2eecc9fe44b263ed.php 第 321 行.
NOTIC: [8] Use of undefined constant goods_id - assumed 'goods_id' /data/wwwroot/tpshop/Application/Runtime/Cache/Mobile/b5bbc2774616647d2eecc9fe44b263ed.php 第 324 行.
NOTIC: [8] Use of undefined constant goods_id - assumed 'goods_id' /data/wwwroot/tpshop/Application/Runtime/Cache/Mobile/b5bbc2774616647d2eecc9fe44b263ed.php 第 314 行.
NOTIC: [8] Use of undefined constant goods_id - assumed 'goods_id' /data/wwwroot/tpshop/Application/Runtime/Cache/Mobile/b5bbc2774616647d2eecc9fe44b263ed.php 第 317 行.
NOTIC: [8] Use of undefined constant goods_id - assumed 'goods_id' /data/wwwroot/tpshop/Application/Runtime/Cache/Mobile/b5bbc2774616647d2eecc9fe44b263ed.php 第 321 行.
NOTIC: [8] Use of undefined constant goods_id - assumed 'goods_id' /data/wwwroot/tpshop/Application/Runtime/Cache/Mobile/b5bbc2774616647d2eecc9fe44b263ed.php 第 324 行.
NOTIC: [8] Use of undefined constant goods_id - assumed 'goods_id' /data/wwwroot/tpshop/Application/Runtime/Cache/Mobile/b5bbc2774616647d2eecc9fe44b263ed.php 第 314 行.
NOTIC: [8] Use of undefined constant goods_id - assumed 'goods_id' /data/wwwroot/tpshop/Application/Runtime/Cache/Mobile/b5bbc2774616647d2eecc9fe44b263ed.php 第 317 行.
NOTIC: [8] Use of undefined constant goods_id - assumed 'goods_id' /data/wwwroot/tpshop/Application/Runtime/Cache/Mobile/b5bbc2774616647d2eecc9fe44b263ed.php 第 321 行.
NOTIC: [8] Use of undefined constant goods_id - assumed 'goods_id' /data/wwwroot/tpshop/Application/Runtime/Cache/Mobile/b5bbc2774616647d2eecc9fe44b263ed.php 第 324 行.
NOTIC: [8] Use of undefined constant goods_id - assumed 'goods_id' /data/wwwroot/tpshop/Application/Runtime/Cache/Mobile/b5bbc2774616647d2eecc9fe44b263ed.php 第 358 行.
NOTIC: [8] Use of undefined constant goods_id - assumed 'goods_id' /data/wwwroot/tpshop/Application/Runtime/Cache/Mobile/b5bbc2774616647d2eecc9fe44b263ed.php 第 364 行.
NOTIC: [8] Use of undefined constant goods_id - assumed 'goods_id' /data/wwwroot/tpshop/Application/Runtime/Cache/Mobile/b5bbc2774616647d2eecc9fe44b263ed.php 第 367 行.
NOTIC: [8] Use of undefined constant goods_id - assumed 'goods_id' /data/wwwroot/tpshop/Application/Runtime/Cache/Mobile/b5bbc2774616647d2eecc9fe44b263ed.php 第 358 行.
NOTIC: [8] Use of undefined constant goods_id - assumed 'goods_id' /data/wwwroot/tpshop/Application/Runtime/Cache/Mobile/b5bbc2774616647d2eecc9fe44b263ed.php 第 364 行.
NOTIC: [8] Use of undefined constant goods_id - assumed 'goods_id' /data/wwwroot/tpshop/Application/Runtime/Cache/Mobile/b5bbc2774616647d2eecc9fe44b263ed.php 第 367 行.
NOTIC: [8] Use of undefined constant goods_id - assumed 'goods_id' /data/wwwroot/tpshop/Application/Runtime/Cache/Mobile/b5bbc2774616647d2eecc9fe44b263ed.php 第 358 行.
NOTIC: [8] Use of undefined constant goods_id - assumed 'goods_id' /data/wwwroot/tpshop/Application/Runtime/Cache/Mobile/b5bbc2774616647d2eecc9fe44b263ed.php 第 364 行.
NOTIC: [8] Use of undefined constant goods_id - assumed 'goods_id' /data/wwwroot/tpshop/Application/Runtime/Cache/Mobile/b5bbc2774616647d2eecc9fe44b263ed.php 第 367 行.
NOTIC: [8] Use of undefined constant goods_id - assumed 'goods_id' /data/wwwroot/tpshop/Application/Runtime/Cache/Mobile/b5bbc2774616647d2eecc9fe44b263ed.php 第 358 行.
NOTIC: [8] Use of undefined constant goods_id - assumed 'goods_id' /data/wwwroot/tpshop/Application/Runtime/Cache/Mobile/b5bbc2774616647d2eecc9fe44b263ed.php 第 364 行.
NOTIC: [8] Use of undefined constant goods_id - assumed 'goods_id' /data/wwwroot/tpshop/Application/Runtime/Cache/Mobile/b5bbc2774616647d2eecc9fe44b263ed.php 第 367 行.
NOTIC: [8] Use of undefined constant goods_id - assumed 'goods_id' /data/wwwroot/tpshop/Application/Runtime/Cache/Mobile/b5bbc2774616647d2eecc9fe44b263ed.php 第 358 行.
NOTIC: [8] Use of undefined constant goods_id - assumed 'goods_id' /data/wwwroot/tpshop/Application/Runtime/Cache/Mobile/b5bbc2774616647d2eecc9fe44b263ed.php 第 364 行.
NOTIC: [8] Use of undefined constant goods_id - assumed 'goods_id' /data/wwwroot/tpshop/Application/Runtime/Cache/Mobile/b5bbc2774616647d2eecc9fe44b263ed.php 第 367 行.
NOTIC: [8] Use of undefined constant goods_id - assumed 'goods_id' /data/wwwroot/tpshop/Application/Runtime/Cache/Mobile/b5bbc2774616647d2eecc9fe44b263ed.php 第 358 行.
NOTIC: [8] Use of undefined constant goods_id - assumed 'goods_id' /data/wwwroot/tpshop/Application/Runtime/Cache/Mobile/b5bbc2774616647d2eecc9fe44b263ed.php 第 364 行.
NOTIC: [8] Use of undefined constant goods_id - assumed 'goods_id' /data/wwwroot/tpshop/Application/Runtime/Cache/Mobile/b5bbc2774616647d2eecc9fe44b263ed.php 第 367 行.
NOTIC: [8] Use of undefined constant goods_id - assumed 'goods_id' /data/wwwroot/tpshop/Application/Runtime/Cache/Mobile/b5bbc2774616647d2eecc9fe44b263ed.php 第 358 行.
NOTIC: [8] Use of undefined constant goods_id - assumed 'goods_id' /data/wwwroot/tpshop/Application/Runtime/Cache/Mobile/b5bbc2774616647d2eecc9fe44b263ed.php 第 364 行.
NOTIC: [8] Use of undefined constant goods_id - assumed 'goods_id' /data/wwwroot/tpshop/Application/Runtime/Cache/Mobile/b5bbc2774616647d2eecc9fe44b263ed.php 第 367 行.
NOTIC: [8] Use of undefined constant goods_id - assumed 'goods_id' /data/wwwroot/tpshop/Application/Runtime/Cache/Mobile/b5bbc2774616647d2eecc9fe44b263ed.php 第 358 行.
NOTIC: [8] Use of undefined constant goods_id - assumed 'goods_id' /data/wwwroot/tpshop/Application/Runtime/Cache/Mobile/b5bbc2774616647d2eecc9fe44b263ed.php 第 364 行.
NOTIC: [8] Use of undefined constant goods_id - assumed 'goods_id' /data/wwwroot/tpshop/Application/Runtime/Cache/Mobile/b5bbc2774616647d2eecc9fe44b263ed.php 第 367 行.
NOTIC: [8] Use of undefined constant goods_id - assumed 'goods_id' /data/wwwroot/tpshop/Application/Runtime/Cache/Mobile/b5bbc2774616647d2eecc9fe44b263ed.php 第 358 行.
NOTIC: [8] Use of undefined constant goods_id - assumed 'goods_id' /data/wwwroot/tpshop/Application/Runtime/Cache/Mobile/b5bbc2774616647d2eecc9fe44b263ed.php 第 364 行.
NOTIC: [8] Use of undefined constant goods_id - assumed 'goods_id' /data/wwwroot/tpshop/Application/Runtime/Cache/Mobile/b5bbc2774616647d2eecc9fe44b263ed.php 第 367 行.
NOTIC: [8] Use of undefined constant goods_id - assumed 'goods_id' /data/wwwroot/tpshop/Application/Runtime/Cache/Mobile/b5bbc2774616647d2eecc9fe44b263ed.php 第 403 行.
NOTIC: [8] Use of undefined constant goods_id - assumed 'goods_id' /data/wwwroot/tpshop/Application/Runtime/Cache/Mobile/b5bbc2774616647d2eecc9fe44b263ed.php 第 409 行.
NOTIC: [8] Use of undefined constant goods_id - assumed 'goods_id' /data/wwwroot/tpshop/Application/Runtime/Cache/Mobile/b5bbc2774616647d2eecc9fe44b263ed.php 第 412 行.
NOTIC: [8] Use of undefined constant goods_id - assumed 'goods_id' /data/wwwroot/tpshop/Application/Runtime/Cache/Mobile/b5bbc2774616647d2eecc9fe44b263ed.php 第 403 行.
NOTIC: [8] Use of undefined constant goods_id - assumed 'goods_id' /data/wwwroot/tpshop/Application/Runtime/Cache/Mobile/b5bbc2774616647d2eecc9fe44b263ed.php 第 409 行.
NOTIC: [8] Use of undefined constant goods_id - assumed 'goods_id' /data/wwwroot/tpshop/Application/Runtime/Cache/Mobile/b5bbc2774616647d2eecc9fe44b263ed.php 第 412 行.
NOTIC: [8] Use of undefined constant goods_id - assumed 'goods_id' /data/wwwroot/tpshop/Application/Runtime/Cache/Mobile/b5bbc2774616647d2eecc9fe44b263ed.php 第 403 行.
NOTIC: [8] Use of undefined constant goods_id - assumed 'goods_id' /data/wwwroot/tpshop/Application/Runtime/Cache/Mobile/b5bbc2774616647d2eecc9fe44b263ed.php 第 409 行.
NOTIC: [8] Use of undefined constant goods_id - assumed 'goods_id' /data/wwwroot/tpshop/Application/Runtime/Cache/Mobile/b5bbc2774616647d2eecc9fe44b263ed.php 第 412 行.
NOTIC: [8] Use of undefined constant goods_id - assumed 'goods_id' /data/wwwroot/tpshop/Application/Runtime/Cache/Mobile/b5bbc2774616647d2eecc9fe44b263ed.php 第 403 行.
NOTIC: [8] Use of undefined constant goods_id - assumed 'goods_id' /data/wwwroot/tpshop/Application/Runtime/Cache/Mobile/b5bbc2774616647d2eecc9fe44b263ed.php 第 409 行.
NOTIC: [8] Use of undefined constant goods_id - assumed 'goods_id' /data/wwwroot/tpshop/Application/Runtime/Cache/Mobile/b5bbc2774616647d2eecc9fe44b263ed.php 第 412 行.
NOTIC: [8] Use of undefined constant goods_id - assumed 'goods_id' /data/wwwroot/tpshop/Application/Runtime/Cache/Mobile/b5bbc2774616647d2eecc9fe44b263ed.php 第 403 行.
NOTIC: [8] Use of undefined constant goods_id - assumed 'goods_id' /data/wwwroot/tpshop/Application/Runtime/Cache/Mobile/b5bbc2774616647d2eecc9fe44b263ed.php 第 409 行.
NOTIC: [8] Use of undefined constant goods_id - assumed 'goods_id' /data/wwwroot/tpshop/Application/Runtime/Cache/Mobile/b5bbc2774616647d2eecc9fe44b263ed.php 第 412 行.
NOTIC: [8] Use of undefined constant goods_id - assumed 'goods_id' /data/wwwroot/tpshop/Application/Runtime/Cache/Mobile/b5bbc2774616647d2eecc9fe44b263ed.php 第 403 行.
NOTIC: [8] Use of undefined constant goods_id - assumed 'goods_id' /data/wwwroot/tpshop/Application/Runtime/Cache/Mobile/b5bbc2774616647d2eecc9fe44b263ed.php 第 409 行.
NOTIC: [8] Use of undefined constant goods_id - assumed 'goods_id' /data/wwwroot/tpshop/Application/Runtime/Cache/Mobile/b5bbc2774616647d2eecc9fe44b263ed.php 第 412 行.
NOTIC: [8] Use of undefined constant goods_id - assumed 'goods_id' /data/wwwroot/tpshop/Application/Runtime/Cache/Mobile/b5bbc2774616647d2eecc9fe44b263ed.php 第 403 行.
NOTIC: [8] Use of undefined constant goods_id - assumed 'goods_id' /data/wwwroot/tpshop/Application/Runtime/Cache/Mobile/b5bbc2774616647d2eecc9fe44b263ed.php 第 409 行.
NOTIC: [8] Use of undefined constant goods_id - assumed 'goods_id' /data/wwwroot/tpshop/Application/Runtime/Cache/Mobile/b5bbc2774616647d2eecc9fe44b263ed.php 第 412 行.
NOTIC: [8] Use of undefined constant goods_id - assumed 'goods_id' /data/wwwroot/tpshop/Application/Runtime/Cache/Mobile/b5bbc2774616647d2eecc9fe44b263ed.php 第 403 行.
NOTIC: [8] Use of undefined constant goods_id - assumed 'goods_id' /data/wwwroot/tpshop/Application/Runtime/Cache/Mobile/b5bbc2774616647d2eecc9fe44b263ed.php 第 409 行.
NOTIC: [8] Use of undefined constant goods_id - assumed 'goods_id' /data/wwwroot/tpshop/Application/Runtime/Cache/Mobile/b5bbc2774616647d2eecc9fe44b263ed.php 第 412 行.
NOTIC: [8] Use of undefined constant goods_id - assumed 'goods_id' /data/wwwroot/tpshop/Application/Runtime/Cache/Mobile/b5bbc2774616647d2eecc9fe44b263ed.php 第 403 行.
NOTIC: [8] Use of undefined constant goods_id - assumed 'goods_id' /data/wwwroot/tpshop/Application/Runtime/Cache/Mobile/b5bbc2774616647d2eecc9fe44b263ed.php 第 409 行.
NOTIC: [8] Use of undefined constant goods_id - assumed 'goods_id' /data/wwwroot/tpshop/Application/Runtime/Cache/Mobile/b5bbc2774616647d2eecc9fe44b263ed.php 第 412 行.
NOTIC: [8] Use of undefined constant goods_id - assumed 'goods_id' /data/wwwroot/tpshop/Application/Runtime/Cache/Mobile/b5bbc2774616647d2eecc9fe44b263ed.php 第 445 行.
NOTIC: [8] Use of undefined constant goods_id - assumed 'goods_id' /data/wwwroot/tpshop/Application/Runtime/Cache/Mobile/b5bbc2774616647d2eecc9fe44b263ed.php 第 451 行.
NOTIC: [8] Use of undefined constant goods_id - assumed 'goods_id' /data/wwwroot/tpshop/Application/Runtime/Cache/Mobile/b5bbc2774616647d2eecc9fe44b263ed.php 第 454 行.
NOTIC: [8] Use of undefined constant goods_id - assumed 'goods_id' /data/wwwroot/tpshop/Application/Runtime/Cache/Mobile/b5bbc2774616647d2eecc9fe44b263ed.php 第 445 行.
NOTIC: [8] Use of undefined constant goods_id - assumed 'goods_id' /data/wwwroot/tpshop/Application/Runtime/Cache/Mobile/b5bbc2774616647d2eecc9fe44b263ed.php 第 451 行.
NOTIC: [8] Use of undefined constant goods_id - assumed 'goods_id' /data/wwwroot/tpshop/Application/Runtime/Cache/Mobile/b5bbc2774616647d2eecc9fe44b263ed.php 第 454 行.
NOTIC: [8] Use of undefined constant goods_id - assumed 'goods_id' /data/wwwroot/tpshop/Application/Runtime/Cache/Mobile/b5bbc2774616647d2eecc9fe44b263ed.php 第 445 行.
NOTIC: [8] Use of undefined constant goods_id - assumed 'goods_id' /data/wwwroot/tpshop/Application/Runtime/Cache/Mobile/b5bbc2774616647d2eecc9fe44b263ed.php 第 451 行.
NOTIC: [8] Use of undefined constant goods_id - assumed 'goods_id' /data/wwwroot/tpshop/Application/Runtime/Cache/Mobile/b5bbc2774616647d2eecc9fe44b263ed.php 第 454 行.
NOTIC: [8] Use of undefined constant goods_id - assumed 'goods_id' /data/wwwroot/tpshop/Application/Runtime/Cache/Mobile/b5bbc2774616647d2eecc9fe44b263ed.php 第 445 行.
NOTIC: [8] Use of undefined constant goods_id - assumed 'goods_id' /data/wwwroot/tpshop/Application/Runtime/Cache/Mobile/b5bbc2774616647d2eecc9fe44b263ed.php 第 451 行.
NOTIC: [8] Use of undefined constant goods_id - assumed 'goods_id' /data/wwwroot/tpshop/Application/Runtime/Cache/Mobile/b5bbc2774616647d2eecc9fe44b263ed.php 第 454 行.
NOTIC: [8] Use of undefined constant goods_id - assumed 'goods_id' /data/wwwroot/tpshop/Application/Runtime/Cache/Mobile/b5bbc2774616647d2eecc9fe44b263ed.php 第 445 行.
NOTIC: [8] Use of undefined constant goods_id - assumed 'goods_id' /data/wwwroot/tpshop/Application/Runtime/Cache/Mobile/b5bbc2774616647d2eecc9fe44b263ed.php 第 451 行.
NOTIC: [8] Use of undefined constant goods_id - assumed 'goods_id' /data/wwwroot/tpshop/Application/Runtime/Cache/Mobile/b5bbc2774616647d2eecc9fe44b263ed.php 第 454 行.
NOTIC: [8] Use of undefined constant goods_id - assumed 'goods_id' /data/wwwroot/tpshop/Application/Runtime/Cache/Mobile/b5bbc2774616647d2eecc9fe44b263ed.php 第 445 行.
NOTIC: [8] Use of undefined constant goods_id - assumed 'goods_id' /data/wwwroot/tpshop/Application/Runtime/Cache/Mobile/b5bbc2774616647d2eecc9fe44b263ed.php 第 451 行.
NOTIC: [8] Use of undefined constant goods_id - assumed 'goods_id' /data/wwwroot/tpshop/Application/Runtime/Cache/Mobile/b5bbc2774616647d2eecc9fe44b263ed.php 第 454 行.
NOTIC: [8] Use of undefined constant goods_id - assumed 'goods_id' /data/wwwroot/tpshop/Application/Runtime/Cache/Mobile/b5bbc2774616647d2eecc9fe44b263ed.php 第 445 行.
NOTIC: [8] Use of undefined constant goods_id - assumed 'goods_id' /data/wwwroot/tpshop/Application/Runtime/Cache/Mobile/b5bbc2774616647d2eecc9fe44b263ed.php 第 451 行.
NOTIC: [8] Use of undefined constant goods_id - assumed 'goods_id' /data/wwwroot/tpshop/Application/Runtime/Cache/Mobile/b5bbc2774616647d2eecc9fe44b263ed.php 第 454 行.
NOTIC: [8] Use of undefined constant goods_id - assumed 'goods_id' /data/wwwroot/tpshop/Application/Runtime/Cache/Mobile/b5bbc2774616647d2eecc9fe44b263ed.php 第 445 行.
NOTIC: [8] Use of undefined constant goods_id - assumed 'goods_id' /data/wwwroot/tpshop/Application/Runtime/Cache/Mobile/b5bbc2774616647d2eecc9fe44b263ed.php 第 451 行.
NOTIC: [8] Use of undefined constant goods_id - assumed 'goods_id' /data/wwwroot/tpshop/Application/Runtime/Cache/Mobile/b5bbc2774616647d2eecc9fe44b263ed.php 第 454 行.
NOTIC: [8] Use of undefined constant goods_id - assumed 'goods_id' /data/wwwroot/tpshop/Application/Runtime/Cache/Mobile/b5bbc2774616647d2eecc9fe44b263ed.php 第 445 行.
NOTIC: [8] Use of undefined constant goods_id - assumed 'goods_id' /data/wwwroot/tpshop/Application/Runtime/Cache/Mobile/b5bbc2774616647d2eecc9fe44b263ed.php 第 451 行.
NOTIC: [8] Use of undefined constant goods_id - assumed 'goods_id' /data/wwwroot/tpshop/Application/Runtime/Cache/Mobile/b5bbc2774616647d2eecc9fe44b263ed.php 第 454 行.
NOTIC: [8] Use of undefined constant position - assumed 'position' /data/wwwroot/tpshop/Application/Runtime/Cache/Mobile/b5bbc2774616647d2eecc9fe44b263ed.php 第 491 行.
NOTIC: [8] Use of undefined constant pid - assumed 'pid' /data/wwwroot/tpshop/Application/Runtime/Cache/Mobile/b5bbc2774616647d2eecc9fe44b263ed.php 第 491 行.
NOTIC: [8] Use of undefined constant edit_ad - assumed 'edit_ad' /data/wwwroot/tpshop/Application/Runtime/Cache/Mobile/b5bbc2774616647d2eecc9fe44b263ed.php 第 491 行.
NOTIC: [8] Undefined index: edit_ad /data/wwwroot/tpshop/Application/Runtime/Cache/Mobile/b5bbc2774616647d2eecc9fe44b263ed.php 第 491 行.
NOTIC: [8] Use of undefined constant ad_code - assumed 'ad_code' /data/wwwroot/tpshop/Application/Runtime/Cache/Mobile/b5bbc2774616647d2eecc9fe44b263ed.php 第 493 行.
NOTIC: [8] Use of undefined constant title - assumed 'title' /data/wwwroot/tpshop/Application/Runtime/Cache/Mobile/b5bbc2774616647d2eecc9fe44b263ed.php 第 493 行.
NOTIC: [8] Undefined index: title /data/wwwroot/tpshop/Application/Runtime/Cache/Mobile/b5bbc2774616647d2eecc9fe44b263ed.php 第 493 行.
NOTIC: [8] Use of undefined constant style - assumed 'style' /data/wwwroot/tpshop/Application/Runtime/Cache/Mobile/b5bbc2774616647d2eecc9fe44b263ed.php 第 493 行.
NOTIC: [8] Undefined index: style /data/wwwroot/tpshop/Application/Runtime/Cache/Mobile/b5bbc2774616647d2eecc9fe44b263ed.php 第 493 行.
NOTIC: [8] Use of undefined constant position - assumed 'position' /data/wwwroot/tpshop/Application/Runtime/Cache/Mobile/b5bbc2774616647d2eecc9fe44b263ed.php 第 491 行.
NOTIC: [8] Use of undefined constant pid - assumed 'pid' /data/wwwroot/tpshop/Application/Runtime/Cache/Mobile/b5bbc2774616647d2eecc9fe44b263ed.php 第 491 行.
NOTIC: [8] Use of undefined constant edit_ad - assumed 'edit_ad' /data/wwwroot/tpshop/Application/Runtime/Cache/Mobile/b5bbc2774616647d2eecc9fe44b263ed.php 第 491 行.
NOTIC: [8] Undefined index: edit_ad /data/wwwroot/tpshop/Application/Runtime/Cache/Mobile/b5bbc2774616647d2eecc9fe44b263ed.php 第 491 行.
NOTIC: [8] Use of undefined constant ad_code - assumed 'ad_code' /data/wwwroot/tpshop/Application/Runtime/Cache/Mobile/b5bbc2774616647d2eecc9fe44b263ed.php 第 493 行.
NOTIC: [8] Use of undefined constant title - assumed 'title' /data/wwwroot/tpshop/Application/Runtime/Cache/Mobile/b5bbc2774616647d2eecc9fe44b263ed.php 第 493 行.
NOTIC: [8] Undefined index: title /data/wwwroot/tpshop/Application/Runtime/Cache/Mobile/b5bbc2774616647d2eecc9fe44b263ed.php 第 493 行.
NOTIC: [8] Use of undefined constant style - assumed 'style' /data/wwwroot/tpshop/Application/Runtime/Cache/Mobile/b5bbc2774616647d2eecc9fe44b263ed.php 第 493 行.
NOTIC: [8] Undefined index: style /data/wwwroot/tpshop/Application/Runtime/Cache/Mobile/b5bbc2774616647d2eecc9fe44b263ed.php 第 493 行.
NOTIC: [8] Undefined variable: user_id /data/wwwroot/tpshop/Application/Runtime/Cache/Mobile/b5bbc2774616647d2eecc9fe44b263ed.php 第 557 行.
NOTIC: [8] Use of undefined constant HTTP_HOST - assumed 'HTTP_HOST' /data/wwwroot/tpshop/Application/Runtime/Cache/Mobile/b5bbc2774616647d2eecc9fe44b263ed.php 第 677 行.
NOTIC: [8] Use of undefined constant HTTP_HOST - assumed 'HTTP_HOST' /data/wwwroot/tpshop/Application/Runtime/Cache/Mobile/b5bbc2774616647d2eecc9fe44b263ed.php 第 678 行.
INFO: Run Behavior\ParseTemplateBehavior [ RunTime:0.529540s ]
INFO: [ view_parse ] --END-- [ RunTime:0.529595s ]
INFO: [ view_filter ] --START--
INFO: Run Behavior\WriteHtmlCacheBehavior [ RunTime:0.002499s ]
INFO: Run Behavior\TokenBuildBehavior [ RunTime:0.002584s ]
INFO: [ view_filter ] --END-- [ RunTime:0.005150s ]
INFO: [ app_end ] --START--
INFO: Run Behavior\ShowPageTraceBehavior [ RunTime:0.000052s ]
INFO: [ app_end ] --END-- [ RunTime:0.000090s ]

[ 2017-07-28T08:56:00+08:00 ] 182.140.175.142 /index.php?m=Mobile&c=Index&a=ajaxGetMore&p=1
INFO: [ app_init ] --START--
INFO: Run Behavior\BuildLiteBehavior [ RunTime:0.000013s ]
INFO: [ app_init ] --END-- [ RunTime:0.000087s ]
INFO: [ app_begin ] --START--
INFO: Run Behavior\ReadHtmlCacheBehavior [ RunTime:0.000050s ]
INFO: [ app_begin ] --END-- [ RunTime:0.000086s ]
INFO: [ view_begin ] --START--
INFO: Run Home\Behaviors\testBehavior [ RunTime:0.000083s ]
INFO: [ view_begin ] --END-- [ RunTime:0.000131s ]
INFO: [ view_parse ] --START--
INFO: [ template_filter ] --START--
INFO: Run Behavior\ContentReplaceBehavior [ RunTime:0.000041s ]
INFO: [ template_filter ] --END-- [ RunTime:0.000091s ]
NOTIC: [8] Use of undefined constant goods_id - assumed 'goods_id' /data/wwwroot/tpshop/Application/Runtime/Cache/Mobile/1e5b965c4527df62a04c05e6f82297a7.php 第 2 行.
NOTIC: [8] Use of undefined constant goods_id - assumed 'goods_id' /data/wwwroot/tpshop/Application/Runtime/Cache/Mobile/1e5b965c4527df62a04c05e6f82297a7.php 第 8 行.
NOTIC: [8] Use of undefined constant goods_id - assumed 'goods_id' /data/wwwroot/tpshop/Application/Runtime/Cache/Mobile/1e5b965c4527df62a04c05e6f82297a7.php 第 11 行.
NOTIC: [8] Use of undefined constant goods_id - assumed 'goods_id' /data/wwwroot/tpshop/Application/Runtime/Cache/Mobile/1e5b965c4527df62a04c05e6f82297a7.php 第 2 行.
NOTIC: [8] Use of undefined constant goods_id - assumed 'goods_id' /data/wwwroot/tpshop/Application/Runtime/Cache/Mobile/1e5b965c4527df62a04c05e6f82297a7.php 第 8 行.
NOTIC: [8] Use of undefined constant goods_id - assumed 'goods_id' /data/wwwroot/tpshop/Application/Runtime/Cache/Mobile/1e5b965c4527df62a04c05e6f82297a7.php 第 11 行.
NOTIC: [8] Use of undefined constant goods_id - assumed 'goods_id' /data/wwwroot/tpshop/Application/Runtime/Cache/Mobile/1e5b965c4527df62a04c05e6f82297a7.php 第 2 行.
NOTIC: [8] Use of undefined constant goods_id - assumed 'goods_id' /data/wwwroot/tpshop/Application/Runtime/Cache/Mobile/1e5b965c4527df62a04c05e6f82297a7.php 第 8 行.
NOTIC: [8] Use of undefined constant goods_id - assumed 'goods_id' /data/wwwroot/tpshop/Application/Runtime/Cache/Mobile/1e5b965c4527df62a04c05e6f82297a7.php 第 11 行.
NOTIC: [8] Use of undefined constant goods_id - assumed 'goods_id' /data/wwwroot/tpshop/Application/Runtime/Cache/Mobile/1e5b965c4527df62a04c05e6f82297a7.php 第 2 行.
NOTIC: [8] Use of undefined constant goods_id - assumed 'goods_id' /data/wwwroot/tpshop/Application/Runtime/Cache/Mobile/1e5b965c4527df62a04c05e6f82297a7.php 第 8 行.
NOTIC: [8] Use of undefined constant goods_id - assumed 'goods_id' /data/wwwroot/tpshop/Application/Runtime/Cache/Mobile/1e5b965c4527df62a04c05e6f82297a7.php 第 11 行.
NOTIC: [8] Use of undefined constant goods_id - assumed 'goods_id' /data/wwwroot/tpshop/Application/Runtime/Cache/Mobile/1e5b965c4527df62a04c05e6f82297a7.php 第 2 行.
NOTIC: [8] Use of undefined constant goods_id - assumed 'goods_id' /data/wwwroot/tpshop/Application/Runtime/Cache/Mobile/1e5b965c4527df62a04c05e6f82297a7.php 第 8 行.
NOTIC: [8] Use of undefined constant goods_id - assumed 'goods_id' /data/wwwroot/tpshop/Application/Runtime/Cache/Mobile/1e5b965c4527df62a04c05e6f82297a7.php 第 11 行.
NOTIC: [8] Use of undefined constant goods_id - assumed 'goods_id' /data/wwwroot/tpshop/Application/Runtime/Cache/Mobile/1e5b965c4527df62a04c05e6f82297a7.php 第 2 行.
NOTIC: [8] Use of undefined constant goods_id - assumed 'goods_id' /data/wwwroot/tpshop/Application/Runtime/Cache/Mobile/1e5b965c4527df62a04c05e6f82297a7.php 第 8 行.
NOTIC: [8] Use of undefined constant goods_id - assumed 'goods_id' /data/wwwroot/tpshop/Application/Runtime/Cache/Mobile/1e5b965c4527df62a04c05e6f82297a7.php 第 11 行.
NOTIC: [8] Use of undefined constant goods_id - assumed 'goods_id' /data/wwwroot/tpshop/Application/Runtime/Cache/Mobile/1e5b965c4527df62a04c05e6f82297a7.php 第 2 行.
NOTIC: [8] Use of undefined constant goods_id - assumed 'goods_id' /data/wwwroot/tpshop/Application/Runtime/Cache/Mobile/1e5b965c4527df62a04c05e6f82297a7.php 第 8 行.
NOTIC: [8] Use of undefined constant goods_id - assumed 'goods_id' /data/wwwroot/tpshop/Application/Runtime/Cache/Mobile/1e5b965c4527df62a04c05e6f82297a7.php 第 11 行.
NOTIC: [8] Use of undefined constant goods_id - assumed 'goods_id' /data/wwwroot/tpshop/Application/Runtime/Cache/Mobile/1e5b965c4527df62a04c05e6f82297a7.php 第 2 行.
NOTIC: [8] Use of undefined constant goods_id - assumed 'goods_id' /data/wwwroot/tpshop/Application/Runtime/Cache/Mobile/1e5b965c4527df62a04c05e6f82297a7.php 第 8 行.
NOTIC: [8] Use of undefined constant goods_id - assumed 'goods_id' /data/wwwroot/tpshop/Application/Runtime/Cache/Mobile/1e5b965c4527df62a04c05e6f82297a7.php 第 11 行.
NOTIC: [8] Use of undefined constant goods_id - assumed 'goods_id' /data/wwwroot/tpshop/Application/Runtime/Cache/Mobile/1e5b965c4527df62a04c05e6f82297a7.php 第 2 行.
NOTIC: [8] Use of undefined constant goods_id - assumed 'goods_id' /data/wwwroot/tpshop/Application/Runtime/Cache/Mobile/1e5b965c4527df62a04c05e6f82297a7.php 第 8 行.
NOTIC: [8] Use of undefined constant goods_id - assumed 'goods_id' /data/wwwroot/tpshop/Application/Runtime/Cache/Mobile/1e5b965c4527df62a04c05e6f82297a7.php 第 11 行.
NOTIC: [8] Use of undefined constant goods_id - assumed 'goods_id' /data/wwwroot/tpshop/Application/Runtime/Cache/Mobile/1e5b965c4527df62a04c05e6f82297a7.php 第 2 行.
NOTIC: [8] Use of undefined constant goods_id - assumed 'goods_id' /data/wwwroot/tpshop/Application/Runtime/Cache/Mobile/1e5b965c4527df62a04c05e6f82297a7.php 第 8 行.
NOTIC: [8] Use of undefined constant goods_id - assumed 'goods_id' /data/wwwroot/tpshop/Application/Runtime/Cache/Mobile/1e5b965c4527df62a04c05e6f82297a7.php 第 11 行.
INFO: Run Behavior\ParseTemplateBehavior [ RunTime:0.394728s ]
INFO: [ view_parse ] --END-- [ RunTime:0.394781s ]
INFO: [ view_filter ] --START--
INFO: Run Behavior\WriteHtmlCacheBehavior [ RunTime:0.000076s ]
INFO: Run Behavior\TokenBuildBehavior [ RunTime:0.000155s ]
INFO: [ view_filter ] --END-- [ RunTime:0.000283s ]
INFO: [ app_end ] --START--
INFO: Run Behavior\ShowPageTraceBehavior [ RunTime:0.000041s ]
INFO: [ app_end ] --END-- [ RunTime:0.000072s ]

[ 2017-07-28T08:56:12+08:00 ] 182.140.175.142 /Mobile/User/index
INFO: [ app_init ] --START--
INFO: Run Behavior\BuildLiteBehavior [ RunTime:0.000014s ]
INFO: [ app_init ] --END-- [ RunTime:0.000090s ]
INFO: [ app_begin ] --START--
INFO: Run Behavior\ReadHtmlCacheBehavior [ RunTime:0.000050s ]
INFO: [ app_begin ] --END-- [ RunTime:0.000090s ]
INFO: [ view_begin ] --START--
INFO: Run Home\Behaviors\testBehavior [ RunTime:0.000075s ]
INFO: [ view_begin ] --END-- [ RunTime:0.000139s ]
INFO: [ view_parse ] --START--
INFO: [ template_filter ] --START--
INFO: Run Behavior\ContentReplaceBehavior [ RunTime:0.000100s ]
INFO: [ template_filter ] --END-- [ RunTime:0.000175s ]
NOTIC: [8] Undefined variable: first_nickname /data/wwwroot/tpshop/Application/Runtime/Cache/Mobile/a2cdf6808589c9960a4f49587fea1156.php 第 34 行.
NOTIC: [8] Use of undefined constant head_pic - assumed 'head_pic' /data/wwwroot/tpshop/Application/Runtime/Cache/Mobile/a2cdf6808589c9960a4f49587fea1156.php 第 39 行.
NOTIC: [8] Use of undefined constant head_pic - assumed 'head_pic' /data/wwwroot/tpshop/Application/Runtime/Cache/Mobile/a2cdf6808589c9960a4f49587fea1156.php 第 39 行.
NOTIC: [8] Undefined variable: user_id /data/wwwroot/tpshop/Application/Runtime/Cache/Mobile/a2cdf6808589c9960a4f49587fea1156.php 第 87 行.
NOTIC: [8] Use of undefined constant HTTP_HOST - assumed 'HTTP_HOST' /data/wwwroot/tpshop/Application/Runtime/Cache/Mobile/a2cdf6808589c9960a4f49587fea1156.php 第 157 行.
NOTIC: [8] Use of undefined constant HTTP_HOST - assumed 'HTTP_HOST' /data/wwwroot/tpshop/Application/Runtime/Cache/Mobile/a2cdf6808589c9960a4f49587fea1156.php 第 158 行.
INFO: Run Behavior\ParseTemplateBehavior [ RunTime:0.059505s ]
INFO: [ view_parse ] --END-- [ RunTime:0.059574s ]
INFO: [ view_filter ] --START--
INFO: Run Behavior\WriteHtmlCacheBehavior [ RunTime:0.000076s ]
INFO: Run Behavior\TokenBuildBehavior [ RunTime:0.000219s ]
INFO: [ view_filter ] --END-- [ RunTime:0.000391s ]
INFO: [ app_end ] --START--
INFO: Run Behavior\ShowPageTraceBehavior [ RunTime:0.000054s ]
INFO: [ app_end ] --END-- [ RunTime:0.000088s ]

