[ 2017-06-25T11:31:31+08:00 ] 182.140.175.142 /
INFO: [ app_init ] --START--
INFO: Run Behavior\BuildLiteBehavior [ RunTime:0.000019s ]
INFO: [ app_init ] --END-- [ RunTime:0.004380s ]
INFO: [ app_begin ] --START--
INFO: Run Behavior\ReadHtmlCacheBehavior [ RunTime:0.004291s ]
INFO: [ app_begin ] --END-- [ RunTime:0.004343s ]
NOTIC: [8] Undefined index: openid /data/wwwroot/tpshop/Application/Mobile/Controller/MobileBaseController.class.php 第 49 行.
NOTIC: [8] Undefined index: openid /data/wwwroot/tpshop/Application/Mobile/Controller/MobileBaseController.class.php 第 127 行.

[ 2017-06-25T11:31:31+08:00 ] 223.85.132.35 /
INFO: [ app_init ] --START--
INFO: Run Behavior\BuildLiteBehavior [ RunTime:0.000013s ]
INFO: [ app_init ] --END-- [ RunTime:0.004175s ]
INFO: [ app_begin ] --START--
INFO: Run Behavior\ReadHtmlCacheBehavior [ RunTime:0.003278s ]
INFO: [ app_begin ] --END-- [ RunTime:0.003352s ]
NOTIC: [8] Undefined index: openid /data/wwwroot/tpshop/Application/Mobile/Controller/MobileBaseController.class.php 第 49 行.
NOTIC: [8] Undefined index: openid /data/wwwroot/tpshop/Application/Mobile/Controller/MobileBaseController.class.php 第 127 行.

[ 2017-06-25T11:31:31+08:00 ] 182.131.12.12 /
INFO: [ app_init ] --START--
INFO: Run Behavior\BuildLiteBehavior [ RunTime:0.000013s ]
INFO: [ app_init ] --END-- [ RunTime:0.004265s ]
INFO: [ app_begin ] --START--
INFO: Run Behavior\ReadHtmlCacheBehavior [ RunTime:0.003733s ]
INFO: [ app_begin ] --END-- [ RunTime:0.003788s ]
NOTIC: [8] Undefined index: openid /data/wwwroot/tpshop/Application/Mobile/Controller/MobileBaseController.class.php 第 49 行.
NOTIC: [8] Undefined index: openid /data/wwwroot/tpshop/Application/Mobile/Controller/MobileBaseController.class.php 第 127 行.

[ 2017-06-25T11:31:34+08:00 ] 182.131.12.12 /?code=0012s48P0yYv1829GE7P0zDd8P02s48o&state=STATE
INFO: [ app_init ] --START--
INFO: Run Behavior\BuildLiteBehavior [ RunTime:0.000016s ]
INFO: [ app_init ] --END-- [ RunTime:0.000096s ]
INFO: [ app_begin ] --START--
INFO: Run Behavior\ReadHtmlCacheBehavior [ RunTime:0.000059s ]
INFO: [ app_begin ] --END-- [ RunTime:0.000099s ]
NOTIC: [8] Undefined index: openid /data/wwwroot/tpshop/Application/Mobile/Controller/MobileBaseController.class.php 第 49 行.
NOTIC: [8] Undefined index: openid /data/wwwroot/tpshop/Application/Mobile/Controller/MobileBaseController.class.php 第 127 行.
NOTIC: [8] Use of undefined constant appid - assumed 'appid' /data/wwwroot/tpshop/Application/Mobile/Controller/MobileBaseController.class.php 第 228 行.
NOTIC: [8] Use of undefined constant appsecret - assumed 'appsecret' /data/wwwroot/tpshop/Application/Mobile/Controller/MobileBaseController.class.php 第 228 行.
NOTIC: [8] Undefined index: first_leader /data/wwwroot/tpshop/Application/Home/Logic/UsersLogic.class.php 第 100 行.
NOTIC: [2] Invalid argument supplied for foreach() /data/wwwroot/tpshop/ThinkPHP/Library/Think/Db/Driver.class.php 第 494 行.
INFO: [ view_begin ] --START--
INFO: Run Home\Behaviors\testBehavior [ RunTime:0.020163s ]
INFO: [ view_begin ] --END-- [ RunTime:0.020265s ]
INFO: [ view_parse ] --START--
NOTIC: [8] Undefined index: order /data/wwwroot/tpshop/ThinkPHP/Library/Think/Template/TagLib/Tpshop.class.php 第 35 行.
NOTIC: [8] Undefined index: where /data/wwwroot/tpshop/ThinkPHP/Library/Think/Template/TagLib/Tpshop.class.php 第 37 行.
NOTIC: [8] Undefined index: order /data/wwwroot/tpshop/ThinkPHP/Library/Think/Template/TagLib/Tpshop.class.php 第 35 行.
NOTIC: [8] Undefined index: where /data/wwwroot/tpshop/ThinkPHP/Library/Think/Template/TagLib/Tpshop.class.php 第 37 行.
NOTIC: [8] Undefined index: order /data/wwwroot/tpshop/ThinkPHP/Library/Think/Template/TagLib/Tpshop.class.php 第 35 行.
NOTIC: [8] Undefined index: where /data/wwwroot/tpshop/ThinkPHP/Library/Think/Template/TagLib/Tpshop.class.php 第 37 行.
NOTIC: [8] Undefined index: order /data/wwwroot/tpshop/ThinkPHP/Library/Think/Template/TagLib/Tpshop.class.php 第 35 行.
NOTIC: [8] Undefined index: where /data/wwwroot/tpshop/ThinkPHP/Library/Think/Template/TagLib/Tpshop.class.php 第 37 行.
NOTIC: [8] Undefined index: order /data/wwwroot/tpshop/ThinkPHP/Library/Think/Template/TagLib/Tpshop.class.php 第 35 行.
NOTIC: [8] Undefined index: where /data/wwwroot/tpshop/ThinkPHP/Library/Think/Template/TagLib/Tpshop.class.php 第 37 行.
NOTIC: [8] Undefined index: order /data/wwwroot/tpshop/ThinkPHP/Library/Think/Template/TagLib/Tpshop.class.php 第 35 行.
NOTIC: [8] Undefined index: where /data/wwwroot/tpshop/ThinkPHP/Library/Think/Template/TagLib/Tpshop.class.php 第 37 行.
NOTIC: [8] Undefined index: order /data/wwwroot/tpshop/ThinkPHP/Library/Think/Template/TagLib/Tpshop.class.php 第 35 行.
NOTIC: [8] Undefined index: where /data/wwwroot/tpshop/ThinkPHP/Library/Think/Template/TagLib/Tpshop.class.php 第 37 行.
NOTIC: [8] Undefined index: level /data/wwwroot/tpshop/ThinkPHP/Library/Think/Template/TagLib/Tpshop.class.php 第 155 行.
NOTIC: [8] Undefined index: level /data/wwwroot/tpshop/ThinkPHP/Library/Think/Template/TagLib/Tpshop.class.php 第 155 行.
NOTIC: [8] Undefined index: level /data/wwwroot/tpshop/ThinkPHP/Library/Think/Template/TagLib/Tpshop.class.php 第 155 行.
NOTIC: [8] Undefined index: level /data/wwwroot/tpshop/ThinkPHP/Library/Think/Template/TagLib/Tpshop.class.php 第 155 行.
NOTIC: [8] Undefined index: level /data/wwwroot/tpshop/ThinkPHP/Library/Think/Template/TagLib/Tpshop.class.php 第 155 行.
NOTIC: [8] Undefined index: level /data/wwwroot/tpshop/ThinkPHP/Library/Think/Template/TagLib/Tpshop.class.php 第 155 行.
INFO: [ template_filter ] --START--
INFO: Run Behavior\ContentReplaceBehavior [ RunTime:0.000298s ]
INFO: [ template_filter ] --END-- [ RunTime:0.000364s ]
NOTIC: [8] Use of undefined constant edit_ad - assumed 'edit_ad' /data/wwwroot/tpshop/Application/Runtime/Cache/Mobile/b5bbc2774616647d2eecc9fe44b263ed.php 第 83 行.
NOTIC: [8] Undefined index: edit_ad /data/wwwroot/tpshop/Application/Runtime/Cache/Mobile/b5bbc2774616647d2eecc9fe44b263ed.php 第 83 行.
NOTIC: [8] Use of undefined constant position - assumed 'position' /data/wwwroot/tpshop/Application/Runtime/Cache/Mobile/b5bbc2774616647d2eecc9fe44b263ed.php 第 83 行.
NOTIC: [8] Use of undefined constant pid - assumed 'pid' /data/wwwroot/tpshop/Application/Runtime/Cache/Mobile/b5bbc2774616647d2eecc9fe44b263ed.php 第 83 行.
NOTIC: [8] Use of undefined constant edit_ad - assumed 'edit_ad' /data/wwwroot/tpshop/Application/Runtime/Cache/Mobile/b5bbc2774616647d2eecc9fe44b263ed.php 第 83 行.
NOTIC: [8] Undefined index: edit_ad /data/wwwroot/tpshop/Application/Runtime/Cache/Mobile/b5bbc2774616647d2eecc9fe44b263ed.php 第 83 行.
NOTIC: [8] Use of undefined constant ad_code - assumed 'ad_code' /data/wwwroot/tpshop/Application/Runtime/Cache/Mobile/b5bbc2774616647d2eecc9fe44b263ed.php 第 83 行.
NOTIC: [8] Use of undefined constant title - assumed 'title' /data/wwwroot/tpshop/Application/Runtime/Cache/Mobile/b5bbc2774616647d2eecc9fe44b263ed.php 第 83 行.
NOTIC: [8] Undefined index: title /data/wwwroot/tpshop/Application/Runtime/Cache/Mobile/b5bbc2774616647d2eecc9fe44b263ed.php 第 83 行.
NOTIC: [8] Use of undefined constant style - assumed 'style' /data/wwwroot/tpshop/Application/Runtime/Cache/Mobile/b5bbc2774616647d2eecc9fe44b263ed.php 第 83 行.
NOTIC: [8] Undefined index: style /data/wwwroot/tpshop/Application/Runtime/Cache/Mobile/b5bbc2774616647d2eecc9fe44b263ed.php 第 83 行.
NOTIC: [8] Use of undefined constant position - assumed 'position' /data/wwwroot/tpshop/Application/Runtime/Cache/Mobile/b5bbc2774616647d2eecc9fe44b263ed.php 第 83 行.
NOTIC: [8] Use of undefined constant pid - assumed 'pid' /data/wwwroot/tpshop/Application/Runtime/Cache/Mobile/b5bbc2774616647d2eecc9fe44b263ed.php 第 83 行.
NOTIC: [8] Use of undefined constant edit_ad - assumed 'edit_ad' /data/wwwroot/tpshop/Application/Runtime/Cache/Mobile/b5bbc2774616647d2eecc9fe44b263ed.php 第 83 行.
NOTIC: [8] Undefined index: edit_ad /data/wwwroot/tpshop/Application/Runtime/Cache/Mobile/b5bbc2774616647d2eecc9fe44b263ed.php 第 83 行.
NOTIC: [8] Use of undefined constant ad_code - assumed 'ad_code' /data/wwwroot/tpshop/Application/Runtime/Cache/Mobile/b5bbc2774616647d2eecc9fe44b263ed.php 第 83 行.
NOTIC: [8] Use of undefined constant title - assumed 'title' /data/wwwroot/tpshop/Application/Runtime/Cache/Mobile/b5bbc2774616647d2eecc9fe44b263ed.php 第 83 行.
NOTIC: [8] Undefined index: title /data/wwwroot/tpshop/Application/Runtime/Cache/Mobile/b5bbc2774616647d2eecc9fe44b263ed.php 第 83 行.
NOTIC: [8] Use of undefined constant style - assumed 'style' /data/wwwroot/tpshop/Application/Runtime/Cache/Mobile/b5bbc2774616647d2eecc9fe44b263ed.php 第 83 行.
NOTIC: [8] Undefined index: style /data/wwwroot/tpshop/Application/Runtime/Cache/Mobile/b5bbc2774616647d2eecc9fe44b263ed.php 第 83 行.
NOTIC: [8] Use of undefined constant position - assumed 'position' /data/wwwroot/tpshop/Application/Runtime/Cache/Mobile/b5bbc2774616647d2eecc9fe44b263ed.php 第 83 行.
NOTIC: [8] Use of undefined constant pid - assumed 'pid' /data/wwwroot/tpshop/Application/Runtime/Cache/Mobile/b5bbc2774616647d2eecc9fe44b263ed.php 第 83 行.
NOTIC: [8] Use of undefined constant edit_ad - assumed 'edit_ad' /data/wwwroot/tpshop/Application/Runtime/Cache/Mobile/b5bbc2774616647d2eecc9fe44b263ed.php 第 83 行.
NOTIC: [8] Undefined index: edit_ad /data/wwwroot/tpshop/Application/Runtime/Cache/Mobile/b5bbc2774616647d2eecc9fe44b263ed.php 第 83 行.
NOTIC: [8] Use of undefined constant ad_code - assumed 'ad_code' /data/wwwroot/tpshop/Application/Runtime/Cache/Mobile/b5bbc2774616647d2eecc9fe44b263ed.php 第 83 行.
NOTIC: [8] Use of undefined constant title - assumed 'title' /data/wwwroot/tpshop/Application/Runtime/Cache/Mobile/b5bbc2774616647d2eecc9fe44b263ed.php 第 83 行.
NOTIC: [8] Undefined index: title /data/wwwroot/tpshop/Application/Runtime/Cache/Mobile/b5bbc2774616647d2eecc9fe44b263ed.php 第 83 行.
NOTIC: [8] Use of undefined constant style - assumed 'style' /data/wwwroot/tpshop/Application/Runtime/Cache/Mobile/b5bbc2774616647d2eecc9fe44b263ed.php 第 83 行.
NOTIC: [8] Undefined index: style /data/wwwroot/tpshop/Application/Runtime/Cache/Mobile/b5bbc2774616647d2eecc9fe44b263ed.php 第 83 行.
NOTIC: [8] Use of undefined constant position - assumed 'position' /data/wwwroot/tpshop/Application/Runtime/Cache/Mobile/b5bbc2774616647d2eecc9fe44b263ed.php 第 83 行.
NOTIC: [8] Use of undefined constant pid - assumed 'pid' /data/wwwroot/tpshop/Application/Runtime/Cache/Mobile/b5bbc2774616647d2eecc9fe44b263ed.php 第 83 行.
NOTIC: [8] Use of undefined constant edit_ad - assumed 'edit_ad' /data/wwwroot/tpshop/Application/Runtime/Cache/Mobile/b5bbc2774616647d2eecc9fe44b263ed.php 第 83 行.
NOTIC: [8] Undefined index: edit_ad /data/wwwroot/tpshop/Application/Runtime/Cache/Mobile/b5bbc2774616647d2eecc9fe44b263ed.php 第 83 行.
NOTIC: [8] Use of undefined constant ad_code - assumed 'ad_code' /data/wwwroot/tpshop/Application/Runtime/Cache/Mobile/b5bbc2774616647d2eecc9fe44b263ed.php 第 83 行.
NOTIC: [8] Use of undefined constant title - assumed 'title' /data/wwwroot/tpshop/Application/Runtime/Cache/Mobile/b5bbc2774616647d2eecc9fe44b263ed.php 第 83 行.
NOTIC: [8] Undefined index: title /data/wwwroot/tpshop/Application/Runtime/Cache/Mobile/b5bbc2774616647d2eecc9fe44b263ed.php 第 83 行.
NOTIC: [8] Use of undefined constant style - assumed 'style' /data/wwwroot/tpshop/Application/Runtime/Cache/Mobile/b5bbc2774616647d2eecc9fe44b263ed.php 第 83 行.
NOTIC: [8] Undefined index: style /data/wwwroot/tpshop/Application/Runtime/Cache/Mobile/b5bbc2774616647d2eecc9fe44b263ed.php 第 83 行.
NOTIC: [8] Use of undefined constant position - assumed 'position' /data/wwwroot/tpshop/Application/Runtime/Cache/Mobile/b5bbc2774616647d2eecc9fe44b263ed.php 第 186 行.
NOTIC: [8] Use of undefined constant pid - assumed 'pid' /data/wwwroot/tpshop/Application/Runtime/Cache/Mobile/b5bbc2774616647d2eecc9fe44b263ed.php 第 186 行.
NOTIC: [8] Use of undefined constant edit_ad - assumed 'edit_ad' /data/wwwroot/tpshop/Application/Runtime/Cache/Mobile/b5bbc2774616647d2eecc9fe44b263ed.php 第 186 行.
NOTIC: [8] Undefined index: edit_ad /data/wwwroot/tpshop/Application/Runtime/Cache/Mobile/b5bbc2774616647d2eecc9fe44b263ed.php 第 186 行.
NOTIC: [8] Use of undefined constant ad_code - assumed 'ad_code' /data/wwwroot/tpshop/Application/Runtime/Cache/Mobile/b5bbc2774616647d2eecc9fe44b263ed.php 第 187 行.
NOTIC: [8] Use of undefined constant title - assumed 'title' /data/wwwroot/tpshop/Application/Runtime/Cache/Mobile/b5bbc2774616647d2eecc9fe44b263ed.php 第 187 行.
NOTIC: [8] Undefined index: title /data/wwwroot/tpshop/Application/Runtime/Cache/Mobile/b5bbc2774616647d2eecc9fe44b263ed.php 第 187 行.
NOTIC: [8] Use of undefined constant style - assumed 'style' /data/wwwroot/tpshop/Application/Runtime/Cache/Mobile/b5bbc2774616647d2eecc9fe44b263ed.php 第 187 行.
NOTIC: [8] Undefined index: style /data/wwwroot/tpshop/Application/Runtime/Cache/Mobile/b5bbc2774616647d2eecc9fe44b263ed.php 第 187 行.
NOTIC: [8] Use of undefined constant position - assumed 'position' /data/wwwroot/tpshop/Application/Runtime/Cache/Mobile/b5bbc2774616647d2eecc9fe44b263ed.php 第 192 行.
NOTIC: [8] Use of undefined constant pid - assumed 'pid' /data/wwwroot/tpshop/Application/Runtime/Cache/Mobile/b5bbc2774616647d2eecc9fe44b263ed.php 第 192 行.
NOTIC: [8] Use of undefined constant edit_ad - assumed 'edit_ad' /data/wwwroot/tpshop/Application/Runtime/Cache/Mobile/b5bbc2774616647d2eecc9fe44b263ed.php 第 192 行.
NOTIC: [8] Undefined index: edit_ad /data/wwwroot/tpshop/Application/Runtime/Cache/Mobile/b5bbc2774616647d2eecc9fe44b263ed.php 第 192 行.
NOTIC: [8] Use of undefined constant ad_code - assumed 'ad_code' /data/wwwroot/tpshop/Application/Runtime/Cache/Mobile/b5bbc2774616647d2eecc9fe44b263ed.php 第 193 行.
NOTIC: [8] Use of undefined constant title - assumed 'title' /data/wwwroot/tpshop/Application/Runtime/Cache/Mobile/b5bbc2774616647d2eecc9fe44b263ed.php 第 193 行.
NOTIC: [8] Undefined index: title /data/wwwroot/tpshop/Application/Runtime/Cache/Mobile/b5bbc2774616647d2eecc9fe44b263ed.php 第 193 行.
NOTIC: [8] Use of undefined constant style - assumed 'style' /data/wwwroot/tpshop/Application/Runtime/Cache/Mobile/b5bbc2774616647d2eecc9fe44b263ed.php 第 193 行.
NOTIC: [8] Undefined index: style /data/wwwroot/tpshop/Application/Runtime/Cache/Mobile/b5bbc2774616647d2eecc9fe44b263ed.php 第 193 行.
NOTIC: [8] Use of undefined constant position - assumed 'position' /data/wwwroot/tpshop/Application/Runtime/Cache/Mobile/b5bbc2774616647d2eecc9fe44b263ed.php 第 197 行.
NOTIC: [8] Use of undefined constant pid - assumed 'pid' /data/wwwroot/tpshop/Application/Runtime/Cache/Mobile/b5bbc2774616647d2eecc9fe44b263ed.php 第 197 行.
NOTIC: [8] Use of undefined constant edit_ad - assumed 'edit_ad' /data/wwwroot/tpshop/Application/Runtime/Cache/Mobile/b5bbc2774616647d2eecc9fe44b263ed.php 第 197 行.
NOTIC: [8] Undefined index: edit_ad /data/wwwroot/tpshop/Application/Runtime/Cache/Mobile/b5bbc2774616647d2eecc9fe44b263ed.php 第 197 行.
NOTIC: [8] Use of undefined constant ad_code - assumed 'ad_code' /data/wwwroot/tpshop/Application/Runtime/Cache/Mobile/b5bbc2774616647d2eecc9fe44b263ed.php 第 198 行.
NOTIC: [8] Use of undefined constant title - assumed 'title' /data/wwwroot/tpshop/Application/Runtime/Cache/Mobile/b5bbc2774616647d2eecc9fe44b263ed.php 第 198 行.
NOTIC: [8] Undefined index: title /data/wwwroot/tpshop/Application/Runtime/Cache/Mobile/b5bbc2774616647d2eecc9fe44b263ed.php 第 198 行.
NOTIC: [8] Use of undefined constant style - assumed 'style' /data/wwwroot/tpshop/Application/Runtime/Cache/Mobile/b5bbc2774616647d2eecc9fe44b263ed.php 第 198 行.
NOTIC: [8] Undefined index: style /data/wwwroot/tpshop/Application/Runtime/Cache/Mobile/b5bbc2774616647d2eecc9fe44b263ed.php 第 198 行.
NOTIC: [8] Use of undefined constant position - assumed 'position' /data/wwwroot/tpshop/Application/Runtime/Cache/Mobile/b5bbc2774616647d2eecc9fe44b263ed.php 第 205 行.
NOTIC: [8] Use of undefined constant pid - assumed 'pid' /data/wwwroot/tpshop/Application/Runtime/Cache/Mobile/b5bbc2774616647d2eecc9fe44b263ed.php 第 205 行.
NOTIC: [8] Use of undefined constant edit_ad - assumed 'edit_ad' /data/wwwroot/tpshop/Application/Runtime/Cache/Mobile/b5bbc2774616647d2eecc9fe44b263ed.php 第 205 行.
NOTIC: [8] Undefined index: edit_ad /data/wwwroot/tpshop/Application/Runtime/Cache/Mobile/b5bbc2774616647d2eecc9fe44b263ed.php 第 205 行.
NOTIC: [8] Use of undefined constant ad_code - assumed 'ad_code' /data/wwwroot/tpshop/Application/Runtime/Cache/Mobile/b5bbc2774616647d2eecc9fe44b263ed.php 第 206 行.
NOTIC: [8] Use of undefined constant title - assumed 'title' /data/wwwroot/tpshop/Application/Runtime/Cache/Mobile/b5bbc2774616647d2eecc9fe44b263ed.php 第 206 行.
NOTIC: [8] Undefined index: title /data/wwwroot/tpshop/Application/Runtime/Cache/Mobile/b5bbc2774616647d2eecc9fe44b263ed.php 第 206 行.
NOTIC: [8] Use of undefined constant style - assumed 'style' /data/wwwroot/tpshop/Application/Runtime/Cache/Mobile/b5bbc2774616647d2eecc9fe44b263ed.php 第 206 行.
NOTIC: [8] Undefined index: style /data/wwwroot/tpshop/Application/Runtime/Cache/Mobile/b5bbc2774616647d2eecc9fe44b263ed.php 第 206 行.
NOTIC: [8] Use of undefined constant position - assumed 'position' /data/wwwroot/tpshop/Application/Runtime/Cache/Mobile/b5bbc2774616647d2eecc9fe44b263ed.php 第 210 行.
NOTIC: [8] Use of undefined constant pid - assumed 'pid' /data/wwwroot/tpshop/Application/Runtime/Cache/Mobile/b5bbc2774616647d2eecc9fe44b263ed.php 第 210 行.
NOTIC: [8] Use of undefined constant edit_ad - assumed 'edit_ad' /data/wwwroot/tpshop/Application/Runtime/Cache/Mobile/b5bbc2774616647d2eecc9fe44b263ed.php 第 210 行.
NOTIC: [8] Undefined index: edit_ad /data/wwwroot/tpshop/Application/Runtime/Cache/Mobile/b5bbc2774616647d2eecc9fe44b263ed.php 第 210 行.
NOTIC: [8] Use of undefined constant ad_code - assumed 'ad_code' /data/wwwroot/tpshop/Application/Runtime/Cache/Mobile/b5bbc2774616647d2eecc9fe44b263ed.php 第 211 行.
NOTIC: [8] Use of undefined constant title - assumed 'title' /data/wwwroot/tpshop/Application/Runtime/Cache/Mobile/b5bbc2774616647d2eecc9fe44b263ed.php 第 211 行.
NOTIC: [8] Undefined index: title /data/wwwroot/tpshop/Application/Runtime/Cache/Mobile/b5bbc2774616647d2eecc9fe44b263ed.php 第 211 行.
NOTIC: [8] Use of undefined constant style - assumed 'style' /data/wwwroot/tpshop/Application/Runtime/Cache/Mobile/b5bbc2774616647d2eecc9fe44b263ed.php 第 211 行.
NOTIC: [8] Undefined index: style /data/wwwroot/tpshop/Application/Runtime/Cache/Mobile/b5bbc2774616647d2eecc9fe44b263ed.php 第 211 行.
NOTIC: [8] Use of undefined constant goods_id - assumed 'goods_id' /data/wwwroot/tpshop/Application/Runtime/Cache/Mobile/b5bbc2774616647d2eecc9fe44b263ed.php 第 263 行.
NOTIC: [8] Use of undefined constant goods_id - assumed 'goods_id' /data/wwwroot/tpshop/Application/Runtime/Cache/Mobile/b5bbc2774616647d2eecc9fe44b263ed.php 第 265 行.
NOTIC: [8] Use of undefined constant goods_id - assumed 'goods_id' /data/wwwroot/tpshop/Application/Runtime/Cache/Mobile/b5bbc2774616647d2eecc9fe44b263ed.php 第 266 行.
NOTIC: [8] Use of undefined constant goods_id - assumed 'goods_id' /data/wwwroot/tpshop/Application/Runtime/Cache/Mobile/b5bbc2774616647d2eecc9fe44b263ed.php 第 268 行.
NOTIC: [8] Use of undefined constant goods_id - assumed 'goods_id' /data/wwwroot/tpshop/Application/Runtime/Cache/Mobile/b5bbc2774616647d2eecc9fe44b263ed.php 第 268 行.
NOTIC: [8] Use of undefined constant goods_id - assumed 'goods_id' /data/wwwroot/tpshop/Application/Runtime/Cache/Mobile/b5bbc2774616647d2eecc9fe44b263ed.php 第 263 行.
NOTIC: [8] Use of undefined constant goods_id - assumed 'goods_id' /data/wwwroot/tpshop/Application/Runtime/Cache/Mobile/b5bbc2774616647d2eecc9fe44b263ed.php 第 265 行.
NOTIC: [8] Use of undefined constant goods_id - assumed 'goods_id' /data/wwwroot/tpshop/Application/Runtime/Cache/Mobile/b5bbc2774616647d2eecc9fe44b263ed.php 第 266 行.
NOTIC: [8] Use of undefined constant goods_id - assumed 'goods_id' /data/wwwroot/tpshop/Application/Runtime/Cache/Mobile/b5bbc2774616647d2eecc9fe44b263ed.php 第 268 行.
NOTIC: [8] Use of undefined constant goods_id - assumed 'goods_id' /data/wwwroot/tpshop/Application/Runtime/Cache/Mobile/b5bbc2774616647d2eecc9fe44b263ed.php 第 268 行.
NOTIC: [8] Use of undefined constant goods_id - assumed 'goods_id' /data/wwwroot/tpshop/Application/Runtime/Cache/Mobile/b5bbc2774616647d2eecc9fe44b263ed.php 第 263 行.
NOTIC: [8] Use of undefined constant goods_id - assumed 'goods_id' /data/wwwroot/tpshop/Application/Runtime/Cache/Mobile/b5bbc2774616647d2eecc9fe44b263ed.php 第 265 行.
NOTIC: [8] Use of undefined constant goods_id - assumed 'goods_id' /data/wwwroot/tpshop/Application/Runtime/Cache/Mobile/b5bbc2774616647d2eecc9fe44b263ed.php 第 266 行.
NOTIC: [8] Use of undefined constant goods_id - assumed 'goods_id' /data/wwwroot/tpshop/Application/Runtime/Cache/Mobile/b5bbc2774616647d2eecc9fe44b263ed.php 第 268 行.
NOTIC: [8] Use of undefined constant goods_id - assumed 'goods_id' /data/wwwroot/tpshop/Application/Runtime/Cache/Mobile/b5bbc2774616647d2eecc9fe44b263ed.php 第 268 行.
NOTIC: [8] Use of undefined constant goods_id - assumed 'goods_id' /data/wwwroot/tpshop/Application/Runtime/Cache/Mobile/b5bbc2774616647d2eecc9fe44b263ed.php 第 282 行.
NOTIC: [8] Use of undefined constant goods_id - assumed 'goods_id' /data/wwwroot/tpshop/Application/Runtime/Cache/Mobile/b5bbc2774616647d2eecc9fe44b263ed.php 第 284 行.
NOTIC: [8] Use of undefined constant goods_id - assumed 'goods_id' /data/wwwroot/tpshop/Application/Runtime/Cache/Mobile/b5bbc2774616647d2eecc9fe44b263ed.php 第 286 行.
NOTIC: [8] Use of undefined constant goods_id - assumed 'goods_id' /data/wwwroot/tpshop/Application/Runtime/Cache/Mobile/b5bbc2774616647d2eecc9fe44b263ed.php 第 292 行.
NOTIC: [8] Use of undefined constant goods_id - assumed 'goods_id' /data/wwwroot/tpshop/Application/Runtime/Cache/Mobile/b5bbc2774616647d2eecc9fe44b263ed.php 第 282 行.
NOTIC: [8] Use of undefined constant goods_id - assumed 'goods_id' /data/wwwroot/tpshop/Application/Runtime/Cache/Mobile/b5bbc2774616647d2eecc9fe44b263ed.php 第 284 行.
NOTIC: [8] Use of undefined constant goods_id - assumed 'goods_id' /data/wwwroot/tpshop/Application/Runtime/Cache/Mobile/b5bbc2774616647d2eecc9fe44b263ed.php 第 286 行.
NOTIC: [8] Use of undefined constant goods_id - assumed 'goods_id' /data/wwwroot/tpshop/Application/Runtime/Cache/Mobile/b5bbc2774616647d2eecc9fe44b263ed.php 第 292 行.
NOTIC: [8] Use of undefined constant goods_id - assumed 'goods_id' /data/wwwroot/tpshop/Application/Runtime/Cache/Mobile/b5bbc2774616647d2eecc9fe44b263ed.php 第 282 行.
NOTIC: [8] Use of undefined constant goods_id - assumed 'goods_id' /data/wwwroot/tpshop/Application/Runtime/Cache/Mobile/b5bbc2774616647d2eecc9fe44b263ed.php 第 284 行.
NOTIC: [8] Use of undefined constant goods_id - assumed 'goods_id' /data/wwwroot/tpshop/Application/Runtime/Cache/Mobile/b5bbc2774616647d2eecc9fe44b263ed.php 第 286 行.
NOTIC: [8] Use of undefined constant goods_id - assumed 'goods_id' /data/wwwroot/tpshop/Application/Runtime/Cache/Mobile/b5bbc2774616647d2eecc9fe44b263ed.php 第 292 行.
NOTIC: [8] Use of undefined constant goods_id - assumed 'goods_id' /data/wwwroot/tpshop/Application/Runtime/Cache/Mobile/b5bbc2774616647d2eecc9fe44b263ed.php 第 314 行.
NOTIC: [8] Use of undefined constant goods_id - assumed 'goods_id' /data/wwwroot/tpshop/Application/Runtime/Cache/Mobile/b5bbc2774616647d2eecc9fe44b263ed.php 第 317 行.
NOTIC: [8] Use of undefined constant goods_id - assumed 'goods_id' /data/wwwroot/tpshop/Application/Runtime/Cache/Mobile/b5bbc2774616647d2eecc9fe44b263ed.php 第 321 行.
NOTIC: [8] Use of undefined constant goods_id - assumed 'goods_id' /data/wwwroot/tpshop/Application/Runtime/Cache/Mobile/b5bbc2774616647d2eecc9fe44b263ed.php 第 324 行.
NOTIC: [8] Use of undefined constant goods_id - assumed 'goods_id' /data/wwwroot/tpshop/Application/Runtime/Cache/Mobile/b5bbc2774616647d2eecc9fe44b263ed.php 第 314 行.
NOTIC: [8] Use of undefined constant goods_id - assumed 'goods_id' /data/wwwroot/tpshop/Application/Runtime/Cache/Mobile/b5bbc2774616647d2eecc9fe44b263ed.php 第 317 行.
NOTIC: [8] Use of undefined constant goods_id - assumed 'goods_id' /data/wwwroot/tpshop/Application/Runtime/Cache/Mobile/b5bbc2774616647d2eecc9fe44b263ed.php 第 321 行.
NOTIC: [8] Use of undefined constant goods_id - assumed 'goods_id' /data/wwwroot/tpshop/Application/Runtime/Cache/Mobile/b5bbc2774616647d2eecc9fe44b263ed.php 第 324 行.
NOTIC: [8] Use of undefined constant goods_id - assumed 'goods_id' /data/wwwroot/tpshop/Application/Runtime/Cache/Mobile/b5bbc2774616647d2eecc9fe44b263ed.php 第 314 行.
NOTIC: [8] Use of undefined constant goods_id - assumed 'goods_id' /data/wwwroot/tpshop/Application/Runtime/Cache/Mobile/b5bbc2774616647d2eecc9fe44b263ed.php 第 317 行.
NOTIC: [8] Use of undefined constant goods_id - assumed 'goods_id' /data/wwwroot/tpshop/Application/Runtime/Cache/Mobile/b5bbc2774616647d2eecc9fe44b263ed.php 第 321 行.
NOTIC: [8] Use of undefined constant goods_id - assumed 'goods_id' /data/wwwroot/tpshop/Application/Runtime/Cache/Mobile/b5bbc2774616647d2eecc9fe44b263ed.php 第 324 行.
NOTIC: [8] Use of undefined constant goods_id - assumed 'goods_id' /data/wwwroot/tpshop/Application/Runtime/Cache/Mobile/b5bbc2774616647d2eecc9fe44b263ed.php 第 314 行.
NOTIC: [8] Use of undefined constant goods_id - assumed 'goods_id' /data/wwwroot/tpshop/Application/Runtime/Cache/Mobile/b5bbc2774616647d2eecc9fe44b263ed.php 第 317 行.
NOTIC: [8] Use of undefined constant goods_id - assumed 'goods_id' /data/wwwroot/tpshop/Application/Runtime/Cache/Mobile/b5bbc2774616647d2eecc9fe44b263ed.php 第 321 行.
NOTIC: [8] Use of undefined constant goods_id - assumed 'goods_id' /data/wwwroot/tpshop/Application/Runtime/Cache/Mobile/b5bbc2774616647d2eecc9fe44b263ed.php 第 324 行.
NOTIC: [8] Use of undefined constant goods_id - assumed 'goods_id' /data/wwwroot/tpshop/Application/Runtime/Cache/Mobile/b5bbc2774616647d2eecc9fe44b263ed.php 第 314 行.
NOTIC: [8] Use of undefined constant goods_id - assumed 'goods_id' /data/wwwroot/tpshop/Application/Runtime/Cache/Mobile/b5bbc2774616647d2eecc9fe44b263ed.php 第 317 行.
NOTIC: [8] Use of undefined constant goods_id - assumed 'goods_id' /data/wwwroot/tpshop/Application/Runtime/Cache/Mobile/b5bbc2774616647d2eecc9fe44b263ed.php 第 321 行.
NOTIC: [8] Use of undefined constant goods_id - assumed 'goods_id' /data/wwwroot/tpshop/Application/Runtime/Cache/Mobile/b5bbc2774616647d2eecc9fe44b263ed.php 第 324 行.
NOTIC: [8] Use of undefined constant goods_id - assumed 'goods_id' /data/wwwroot/tpshop/Application/Runtime/Cache/Mobile/b5bbc2774616647d2eecc9fe44b263ed.php 第 314 行.
NOTIC: [8] Use of undefined constant goods_id - assumed 'goods_id' /data/wwwroot/tpshop/Application/Runtime/Cache/Mobile/b5bbc2774616647d2eecc9fe44b263ed.php 第 317 行.
NOTIC: [8] Use of undefined constant goods_id - assumed 'goods_id' /data/wwwroot/tpshop/Application/Runtime/Cache/Mobile/b5bbc2774616647d2eecc9fe44b263ed.php 第 321 行.
NOTIC: [8] Use of undefined constant goods_id - assumed 'goods_id' /data/wwwroot/tpshop/Application/Runtime/Cache/Mobile/b5bbc2774616647d2eecc9fe44b263ed.php 第 324 行.
NOTIC: [8] Use of undefined constant goods_id - assumed 'goods_id' /data/wwwroot/tpshop/Application/Runtime/Cache/Mobile/b5bbc2774616647d2eecc9fe44b263ed.php 第 314 行.
NOTIC: [8] Use of undefined constant goods_id - assumed 'goods_id' /data/wwwroot/tpshop/Application/Runtime/Cache/Mobile/b5bbc2774616647d2eecc9fe44b263ed.php 第 317 行.
NOTIC: [8] Use of undefined constant goods_id - assumed 'goods_id' /data/wwwroot/tpshop/Application/Runtime/Cache/Mobile/b5bbc2774616647d2eecc9fe44b263ed.php 第 321 行.
NOTIC: [8] Use of undefined constant goods_id - assumed 'goods_id' /data/wwwroot/tpshop/Application/Runtime/Cache/Mobile/b5bbc2774616647d2eecc9fe44b263ed.php 第 324 行.
NOTIC: [8] Use of undefined constant goods_id - assumed 'goods_id' /data/wwwroot/tpshop/Application/Runtime/Cache/Mobile/b5bbc2774616647d2eecc9fe44b263ed.php 第 314 行.
NOTIC: [8] Use of undefined constant goods_id - assumed 'goods_id' /data/wwwroot/tpshop/Application/Runtime/Cache/Mobile/b5bbc2774616647d2eecc9fe44b263ed.php 第 317 行.
NOTIC: [8] Use of undefined constant goods_id - assumed 'goods_id' /data/wwwroot/tpshop/Application/Runtime/Cache/Mobile/b5bbc2774616647d2eecc9fe44b263ed.php 第 321 行.
NOTIC: [8] Use of undefined constant goods_id - assumed 'goods_id' /data/wwwroot/tpshop/Application/Runtime/Cache/Mobile/b5bbc2774616647d2eecc9fe44b263ed.php 第 324 行.
NOTIC: [8] Use of undefined constant goods_id - assumed 'goods_id' /data/wwwroot/tpshop/Application/Runtime/Cache/Mobile/b5bbc2774616647d2eecc9fe44b263ed.php 第 314 行.
NOTIC: [8] Use of undefined constant goods_id - assumed 'goods_id' /data/wwwroot/tpshop/Application/Runtime/Cache/Mobile/b5bbc2774616647d2eecc9fe44b263ed.php 第 317 行.
NOTIC: [8] Use of undefined constant goods_id - assumed 'goods_id' /data/wwwroot/tpshop/Application/Runtime/Cache/Mobile/b5bbc2774616647d2eecc9fe44b263ed.php 第 321 行.
NOTIC: [8] Use of undefined constant goods_id - assumed 'goods_id' /data/wwwroot/tpshop/Application/Runtime/Cache/Mobile/b5bbc2774616647d2eecc9fe44b263ed.php 第 324 行.
NOTIC: [8] Use of undefined constant goods_id - assumed 'goods_id' /data/wwwroot/tpshop/Application/Runtime/Cache/Mobile/b5bbc2774616647d2eecc9fe44b263ed.php 第 358 行.
NOTIC: [8] Use of undefined constant goods_id - assumed 'goods_id' /data/wwwroot/tpshop/Application/Runtime/Cache/Mobile/b5bbc2774616647d2eecc9fe44b263ed.php 第 364 行.
NOTIC: [8] Use of undefined constant goods_id - assumed 'goods_id' /data/wwwroot/tpshop/Application/Runtime/Cache/Mobile/b5bbc2774616647d2eecc9fe44b263ed.php 第 367 行.
NOTIC: [8] Use of undefined constant goods_id - assumed 'goods_id' /data/wwwroot/tpshop/Application/Runtime/Cache/Mobile/b5bbc2774616647d2eecc9fe44b263ed.php 第 358 行.
NOTIC: [8] Use of undefined constant goods_id - assumed 'goods_id' /data/wwwroot/tpshop/Application/Runtime/Cache/Mobile/b5bbc2774616647d2eecc9fe44b263ed.php 第 364 行.
NOTIC: [8] Use of undefined constant goods_id - assumed 'goods_id' /data/wwwroot/tpshop/Application/Runtime/Cache/Mobile/b5bbc2774616647d2eecc9fe44b263ed.php 第 367 行.
NOTIC: [8] Use of undefined constant goods_id - assumed 'goods_id' /data/wwwroot/tpshop/Application/Runtime/Cache/Mobile/b5bbc2774616647d2eecc9fe44b263ed.php 第 358 行.
NOTIC: [8] Use of undefined constant goods_id - assumed 'goods_id' /data/wwwroot/tpshop/Application/Runtime/Cache/Mobile/b5bbc2774616647d2eecc9fe44b263ed.php 第 364 行.
NOTIC: [8] Use of undefined constant goods_id - assumed 'goods_id' /data/wwwroot/tpshop/Application/Runtime/Cache/Mobile/b5bbc2774616647d2eecc9fe44b263ed.php 第 367 行.
NOTIC: [8] Use of undefined constant goods_id - assumed 'goods_id' /data/wwwroot/tpshop/Application/Runtime/Cache/Mobile/b5bbc2774616647d2eecc9fe44b263ed.php 第 358 行.
NOTIC: [8] Use of undefined constant goods_id - assumed 'goods_id' /data/wwwroot/tpshop/Application/Runtime/Cache/Mobile/b5bbc2774616647d2eecc9fe44b263ed.php 第 364 行.
NOTIC: [8] Use of undefined constant goods_id - assumed 'goods_id' /data/wwwroot/tpshop/Application/Runtime/Cache/Mobile/b5bbc2774616647d2eecc9fe44b263ed.php 第 367 行.
NOTIC: [8] Use of undefined constant goods_id - assumed 'goods_id' /data/wwwroot/tpshop/Application/Runtime/Cache/Mobile/b5bbc2774616647d2eecc9fe44b263ed.php 第 358 行.
NOTIC: [8] Use of undefined constant goods_id - assumed 'goods_id' /data/wwwroot/tpshop/Application/Runtime/Cache/Mobile/b5bbc2774616647d2eecc9fe44b263ed.php 第 364 行.
NOTIC: [8] Use of undefined constant goods_id - assumed 'goods_id' /data/wwwroot/tpshop/Application/Runtime/Cache/Mobile/b5bbc2774616647d2eecc9fe44b263ed.php 第 367 行.
NOTIC: [8] Use of undefined constant goods_id - assumed 'goods_id' /data/wwwroot/tpshop/Application/Runtime/Cache/Mobile/b5bbc2774616647d2eecc9fe44b263ed.php 第 358 行.
NOTIC: [8] Use of undefined constant goods_id - assumed 'goods_id' /data/wwwroot/tpshop/Application/Runtime/Cache/Mobile/b5bbc2774616647d2eecc9fe44b263ed.php 第 364 行.
NOTIC: [8] Use of undefined constant goods_id - assumed 'goods_id' /data/wwwroot/tpshop/Application/Runtime/Cache/Mobile/b5bbc2774616647d2eecc9fe44b263ed.php 第 367 行.
NOTIC: [8] Use of undefined constant goods_id - assumed 'goods_id' /data/wwwroot/tpshop/Application/Runtime/Cache/Mobile/b5bbc2774616647d2eecc9fe44b263ed.php 第 358 行.
NOTIC: [8] Use of undefined constant goods_id - assumed 'goods_id' /data/wwwroot/tpshop/Application/Runtime/Cache/Mobile/b5bbc2774616647d2eecc9fe44b263ed.php 第 364 行.
NOTIC: [8] Use of undefined constant goods_id - assumed 'goods_id' /data/wwwroot/tpshop/Application/Runtime/Cache/Mobile/b5bbc2774616647d2eecc9fe44b263ed.php 第 367 行.
NOTIC: [8] Use of undefined constant goods_id - assumed 'goods_id' /data/wwwroot/tpshop/Application/Runtime/Cache/Mobile/b5bbc2774616647d2eecc9fe44b263ed.php 第 358 行.
NOTIC: [8] Use of undefined constant goods_id - assumed 'goods_id' /data/wwwroot/tpshop/Application/Runtime/Cache/Mobile/b5bbc2774616647d2eecc9fe44b263ed.php 第 364 行.
NOTIC: [8] Use of undefined constant goods_id - assumed 'goods_id' /data/wwwroot/tpshop/Application/Runtime/Cache/Mobile/b5bbc2774616647d2eecc9fe44b263ed.php 第 367 行.
NOTIC: [8] Use of undefined constant goods_id - assumed 'goods_id' /data/wwwroot/tpshop/Application/Runtime/Cache/Mobile/b5bbc2774616647d2eecc9fe44b263ed.php 第 358 行.
NOTIC: [8] Use of undefined constant goods_id - assumed 'goods_id' /data/wwwroot/tpshop/Application/Runtime/Cache/Mobile/b5bbc2774616647d2eecc9fe44b263ed.php 第 364 行.
NOTIC: [8] Use of undefined constant goods_id - assumed 'goods_id' /data/wwwroot/tpshop/Application/Runtime/Cache/Mobile/b5bbc2774616647d2eecc9fe44b263ed.php 第 367 行.
NOTIC: [8] Use of undefined constant goods_id - assumed 'goods_id' /data/wwwroot/tpshop/Application/Runtime/Cache/Mobile/b5bbc2774616647d2eecc9fe44b263ed.php 第 403 行.
NOTIC: [8] Use of undefined constant goods_id - assumed 'goods_id' /data/wwwroot/tpshop/Application/Runtime/Cache/Mobile/b5bbc2774616647d2eecc9fe44b263ed.php 第 409 行.
NOTIC: [8] Use of undefined constant goods_id - assumed 'goods_id' /data/wwwroot/tpshop/Application/Runtime/Cache/Mobile/b5bbc2774616647d2eecc9fe44b263ed.php 第 412 行.
NOTIC: [8] Use of undefined constant goods_id - assumed 'goods_id' /data/wwwroot/tpshop/Application/Runtime/Cache/Mobile/b5bbc2774616647d2eecc9fe44b263ed.php 第 403 行.
NOTIC: [8] Use of undefined constant goods_id - assumed 'goods_id' /data/wwwroot/tpshop/Application/Runtime/Cache/Mobile/b5bbc2774616647d2eecc9fe44b263ed.php 第 409 行.
NOTIC: [8] Use of undefined constant goods_id - assumed 'goods_id' /data/wwwroot/tpshop/Application/Runtime/Cache/Mobile/b5bbc2774616647d2eecc9fe44b263ed.php 第 412 行.
NOTIC: [8] Use of undefined constant goods_id - assumed 'goods_id' /data/wwwroot/tpshop/Application/Runtime/Cache/Mobile/b5bbc2774616647d2eecc9fe44b263ed.php 第 403 行.
NOTIC: [8] Use of undefined constant goods_id - assumed 'goods_id' /data/wwwroot/tpshop/Application/Runtime/Cache/Mobile/b5bbc2774616647d2eecc9fe44b263ed.php 第 409 行.
NOTIC: [8] Use of undefined constant goods_id - assumed 'goods_id' /data/wwwroot/tpshop/Application/Runtime/Cache/Mobile/b5bbc2774616647d2eecc9fe44b263ed.php 第 412 行.
NOTIC: [8] Use of undefined constant goods_id - assumed 'goods_id' /data/wwwroot/tpshop/Application/Runtime/Cache/Mobile/b5bbc2774616647d2eecc9fe44b263ed.php 第 403 行.
NOTIC: [8] Use of undefined constant goods_id - assumed 'goods_id' /data/wwwroot/tpshop/Application/Runtime/Cache/Mobile/b5bbc2774616647d2eecc9fe44b263ed.php 第 409 行.
NOTIC: [8] Use of undefined constant goods_id - assumed 'goods_id' /data/wwwroot/tpshop/Application/Runtime/Cache/Mobile/b5bbc2774616647d2eecc9fe44b263ed.php 第 412 行.
NOTIC: [8] Use of undefined constant goods_id - assumed 'goods_id' /data/wwwroot/tpshop/Application/Runtime/Cache/Mobile/b5bbc2774616647d2eecc9fe44b263ed.php 第 403 行.
NOTIC: [8] Use of undefined constant goods_id - assumed 'goods_id' /data/wwwroot/tpshop/Application/Runtime/Cache/Mobile/b5bbc2774616647d2eecc9fe44b263ed.php 第 409 行.
NOTIC: [8] Use of undefined constant goods_id - assumed 'goods_id' /data/wwwroot/tpshop/Application/Runtime/Cache/Mobile/b5bbc2774616647d2eecc9fe44b263ed.php 第 412 行.
NOTIC: [8] Use of undefined constant goods_id - assumed 'goods_id' /data/wwwroot/tpshop/Application/Runtime/Cache/Mobile/b5bbc2774616647d2eecc9fe44b263ed.php 第 403 行.
NOTIC: [8] Use of undefined constant goods_id - assumed 'goods_id' /data/wwwroot/tpshop/Application/Runtime/Cache/Mobile/b5bbc2774616647d2eecc9fe44b263ed.php 第 409 行.
NOTIC: [8] Use of undefined constant goods_id - assumed 'goods_id' /data/wwwroot/tpshop/Application/Runtime/Cache/Mobile/b5bbc2774616647d2eecc9fe44b263ed.php 第 412 行.
NOTIC: [8] Use of undefined constant goods_id - assumed 'goods_id' /data/wwwroot/tpshop/Application/Runtime/Cache/Mobile/b5bbc2774616647d2eecc9fe44b263ed.php 第 403 行.
NOTIC: [8] Use of undefined constant goods_id - assumed 'goods_id' /data/wwwroot/tpshop/Application/Runtime/Cache/Mobile/b5bbc2774616647d2eecc9fe44b263ed.php 第 409 行.
NOTIC: [8] Use of undefined constant goods_id - assumed 'goods_id' /data/wwwroot/tpshop/Application/Runtime/Cache/Mobile/b5bbc2774616647d2eecc9fe44b263ed.php 第 412 行.
NOTIC: [8] Use of undefined constant goods_id - assumed 'goods_id' /data/wwwroot/tpshop/Application/Runtime/Cache/Mobile/b5bbc2774616647d2eecc9fe44b263ed.php 第 403 行.
NOTIC: [8] Use of undefined constant goods_id - assumed 'goods_id' /data/wwwroot/tpshop/Application/Runtime/Cache/Mobile/b5bbc2774616647d2eecc9fe44b263ed.php 第 409 行.
NOTIC: [8] Use of undefined constant goods_id - assumed 'goods_id' /data/wwwroot/tpshop/Application/Runtime/Cache/Mobile/b5bbc2774616647d2eecc9fe44b263ed.php 第 412 行.
NOTIC: [8] Use of undefined constant goods_id - assumed 'goods_id' /data/wwwroot/tpshop/Application/Runtime/Cache/Mobile/b5bbc2774616647d2eecc9fe44b263ed.php 第 403 行.
NOTIC: [8] Use of undefined constant goods_id - assumed 'goods_id' /data/wwwroot/tpshop/Application/Runtime/Cache/Mobile/b5bbc2774616647d2eecc9fe44b263ed.php 第 409 行.
NOTIC: [8] Use of undefined constant goods_id - assumed 'goods_id' /data/wwwroot/tpshop/Application/Runtime/Cache/Mobile/b5bbc2774616647d2eecc9fe44b263ed.php 第 412 行.
NOTIC: [8] Use of undefined constant goods_id - assumed 'goods_id' /data/wwwroot/tpshop/Application/Runtime/Cache/Mobile/b5bbc2774616647d2eecc9fe44b263ed.php 第 445 行.
NOTIC: [8] Use of undefined constant goods_id - assumed 'goods_id' /data/wwwroot/tpshop/Application/Runtime/Cache/Mobile/b5bbc2774616647d2eecc9fe44b263ed.php 第 451 行.
NOTIC: [8] Use of undefined constant goods_id - assumed 'goods_id' /data/wwwroot/tpshop/Application/Runtime/Cache/Mobile/b5bbc2774616647d2eecc9fe44b263ed.php 第 454 行.
NOTIC: [8] Use of undefined constant goods_id - assumed 'goods_id' /data/wwwroot/tpshop/Application/Runtime/Cache/Mobile/b5bbc2774616647d2eecc9fe44b263ed.php 第 445 行.
NOTIC: [8] Use of undefined constant goods_id - assumed 'goods_id' /data/wwwroot/tpshop/Application/Runtime/Cache/Mobile/b5bbc2774616647d2eecc9fe44b263ed.php 第 451 行.
NOTIC: [8] Use of undefined constant goods_id - assumed 'goods_id' /data/wwwroot/tpshop/Application/Runtime/Cache/Mobile/b5bbc2774616647d2eecc9fe44b263ed.php 第 454 行.
NOTIC: [8] Use of undefined constant goods_id - assumed 'goods_id' /data/wwwroot/tpshop/Application/Runtime/Cache/Mobile/b5bbc2774616647d2eecc9fe44b263ed.php 第 445 行.
NOTIC: [8] Use of undefined constant goods_id - assumed 'goods_id' /data/wwwroot/tpshop/Application/Runtime/Cache/Mobile/b5bbc2774616647d2eecc9fe44b263ed.php 第 451 行.
NOTIC: [8] Use of undefined constant goods_id - assumed 'goods_id' /data/wwwroot/tpshop/Application/Runtime/Cache/Mobile/b5bbc2774616647d2eecc9fe44b263ed.php 第 454 行.
NOTIC: [8] Use of undefined constant goods_id - assumed 'goods_id' /data/wwwroot/tpshop/Application/Runtime/Cache/Mobile/b5bbc2774616647d2eecc9fe44b263ed.php 第 445 行.
NOTIC: [8] Use of undefined constant goods_id - assumed 'goods_id' /data/wwwroot/tpshop/Application/Runtime/Cache/Mobile/b5bbc2774616647d2eecc9fe44b263ed.php 第 451 行.
NOTIC: [8] Use of undefined constant goods_id - assumed 'goods_id' /data/wwwroot/tpshop/Application/Runtime/Cache/Mobile/b5bbc2774616647d2eecc9fe44b263ed.php 第 454 行.
NOTIC: [8] Use of undefined constant goods_id - assumed 'goods_id' /data/wwwroot/tpshop/Application/Runtime/Cache/Mobile/b5bbc2774616647d2eecc9fe44b263ed.php 第 445 行.
NOTIC: [8] Use of undefined constant goods_id - assumed 'goods_id' /data/wwwroot/tpshop/Application/Runtime/Cache/Mobile/b5bbc2774616647d2eecc9fe44b263ed.php 第 451 行.
NOTIC: [8] Use of undefined constant goods_id - assumed 'goods_id' /data/wwwroot/tpshop/Application/Runtime/Cache/Mobile/b5bbc2774616647d2eecc9fe44b263ed.php 第 454 行.
NOTIC: [8] Use of undefined constant goods_id - assumed 'goods_id' /data/wwwroot/tpshop/Application/Runtime/Cache/Mobile/b5bbc2774616647d2eecc9fe44b263ed.php 第 445 行.
NOTIC: [8] Use of undefined constant goods_id - assumed 'goods_id' /data/wwwroot/tpshop/Application/Runtime/Cache/Mobile/b5bbc2774616647d2eecc9fe44b263ed.php 第 451 行.
NOTIC: [8] Use of undefined constant goods_id - assumed 'goods_id' /data/wwwroot/tpshop/Application/Runtime/Cache/Mobile/b5bbc2774616647d2eecc9fe44b263ed.php 第 454 行.
NOTIC: [8] Use of undefined constant goods_id - assumed 'goods_id' /data/wwwroot/tpshop/Application/Runtime/Cache/Mobile/b5bbc2774616647d2eecc9fe44b263ed.php 第 445 行.
NOTIC: [8] Use of undefined constant goods_id - assumed 'goods_id' /data/wwwroot/tpshop/Application/Runtime/Cache/Mobile/b5bbc2774616647d2eecc9fe44b263ed.php 第 451 行.
NOTIC: [8] Use of undefined constant goods_id - assumed 'goods_id' /data/wwwroot/tpshop/Application/Runtime/Cache/Mobile/b5bbc2774616647d2eecc9fe44b263ed.php 第 454 行.
NOTIC: [8] Use of undefined constant goods_id - assumed 'goods_id' /data/wwwroot/tpshop/Application/Runtime/Cache/Mobile/b5bbc2774616647d2eecc9fe44b263ed.php 第 445 行.
NOTIC: [8] Use of undefined constant goods_id - assumed 'goods_id' /data/wwwroot/tpshop/Application/Runtime/Cache/Mobile/b5bbc2774616647d2eecc9fe44b263ed.php 第 451 行.
NOTIC: [8] Use of undefined constant goods_id - assumed 'goods_id' /data/wwwroot/tpshop/Application/Runtime/Cache/Mobile/b5bbc2774616647d2eecc9fe44b263ed.php 第 454 行.
NOTIC: [8] Use of undefined constant goods_id - assumed 'goods_id' /data/wwwroot/tpshop/Application/Runtime/Cache/Mobile/b5bbc2774616647d2eecc9fe44b263ed.php 第 445 行.
NOTIC: [8] Use of undefined constant goods_id - assumed 'goods_id' /data/wwwroot/tpshop/Application/Runtime/Cache/Mobile/b5bbc2774616647d2eecc9fe44b263ed.php 第 451 行.
NOTIC: [8] Use of undefined constant goods_id - assumed 'goods_id' /data/wwwroot/tpshop/Application/Runtime/Cache/Mobile/b5bbc2774616647d2eecc9fe44b263ed.php 第 454 行.
NOTIC: [8] Use of undefined constant position - assumed 'position' /data/wwwroot/tpshop/Application/Runtime/Cache/Mobile/b5bbc2774616647d2eecc9fe44b263ed.php 第 491 行.
NOTIC: [8] Use of undefined constant pid - assumed 'pid' /data/wwwroot/tpshop/Application/Runtime/Cache/Mobile/b5bbc2774616647d2eecc9fe44b263ed.php 第 491 行.
NOTIC: [8] Use of undefined constant edit_ad - assumed 'edit_ad' /data/wwwroot/tpshop/Application/Runtime/Cache/Mobile/b5bbc2774616647d2eecc9fe44b263ed.php 第 491 行.
NOTIC: [8] Undefined index: edit_ad /data/wwwroot/tpshop/Application/Runtime/Cache/Mobile/b5bbc2774616647d2eecc9fe44b263ed.php 第 491 行.
NOTIC: [8] Use of undefined constant ad_code - assumed 'ad_code' /data/wwwroot/tpshop/Application/Runtime/Cache/Mobile/b5bbc2774616647d2eecc9fe44b263ed.php 第 493 行.
NOTIC: [8] Use of undefined constant title - assumed 'title' /data/wwwroot/tpshop/Application/Runtime/Cache/Mobile/b5bbc2774616647d2eecc9fe44b263ed.php 第 493 行.
NOTIC: [8] Undefined index: title /data/wwwroot/tpshop/Application/Runtime/Cache/Mobile/b5bbc2774616647d2eecc9fe44b263ed.php 第 493 行.
NOTIC: [8] Use of undefined constant style - assumed 'style' /data/wwwroot/tpshop/Application/Runtime/Cache/Mobile/b5bbc2774616647d2eecc9fe44b263ed.php 第 493 行.
NOTIC: [8] Undefined index: style /data/wwwroot/tpshop/Application/Runtime/Cache/Mobile/b5bbc2774616647d2eecc9fe44b263ed.php 第 493 行.
NOTIC: [8] Use of undefined constant position - assumed 'position' /data/wwwroot/tpshop/Application/Runtime/Cache/Mobile/b5bbc2774616647d2eecc9fe44b263ed.php 第 491 行.
NOTIC: [8] Use of undefined constant pid - assumed 'pid' /data/wwwroot/tpshop/Application/Runtime/Cache/Mobile/b5bbc2774616647d2eecc9fe44b263ed.php 第 491 行.
NOTIC: [8] Use of undefined constant edit_ad - assumed 'edit_ad' /data/wwwroot/tpshop/Application/Runtime/Cache/Mobile/b5bbc2774616647d2eecc9fe44b263ed.php 第 491 行.
NOTIC: [8] Undefined index: edit_ad /data/wwwroot/tpshop/Application/Runtime/Cache/Mobile/b5bbc2774616647d2eecc9fe44b263ed.php 第 491 行.
NOTIC: [8] Use of undefined constant ad_code - assumed 'ad_code' /data/wwwroot/tpshop/Application/Runtime/Cache/Mobile/b5bbc2774616647d2eecc9fe44b263ed.php 第 493 行.
NOTIC: [8] Use of undefined constant title - assumed 'title' /data/wwwroot/tpshop/Application/Runtime/Cache/Mobile/b5bbc2774616647d2eecc9fe44b263ed.php 第 493 行.
NOTIC: [8] Undefined index: title /data/wwwroot/tpshop/Application/Runtime/Cache/Mobile/b5bbc2774616647d2eecc9fe44b263ed.php 第 493 行.
NOTIC: [8] Use of undefined constant style - assumed 'style' /data/wwwroot/tpshop/Application/Runtime/Cache/Mobile/b5bbc2774616647d2eecc9fe44b263ed.php 第 493 行.
NOTIC: [8] Undefined index: style /data/wwwroot/tpshop/Application/Runtime/Cache/Mobile/b5bbc2774616647d2eecc9fe44b263ed.php 第 493 行.
NOTIC: [8] Undefined variable: user_id /data/wwwroot/tpshop/Application/Runtime/Cache/Mobile/b5bbc2774616647d2eecc9fe44b263ed.php 第 557 行.
NOTIC: [8] Use of undefined constant HTTP_HOST - assumed 'HTTP_HOST' /data/wwwroot/tpshop/Application/Runtime/Cache/Mobile/b5bbc2774616647d2eecc9fe44b263ed.php 第 677 行.
NOTIC: [8] Use of undefined constant HTTP_HOST - assumed 'HTTP_HOST' /data/wwwroot/tpshop/Application/Runtime/Cache/Mobile/b5bbc2774616647d2eecc9fe44b263ed.php 第 678 行.
INFO: Run Behavior\ParseTemplateBehavior [ RunTime:0.664968s ]
INFO: [ view_parse ] --END-- [ RunTime:0.665024s ]
INFO: [ view_filter ] --START--
INFO: Run Behavior\WriteHtmlCacheBehavior [ RunTime:0.003981s ]
INFO: Run Behavior\TokenBuildBehavior [ RunTime:0.003490s ]
INFO: [ view_filter ] --END-- [ RunTime:0.007544s ]
INFO: [ app_end ] --START--
INFO: Run Behavior\ShowPageTraceBehavior [ RunTime:0.004303s ]
INFO: [ app_end ] --END-- [ RunTime:0.004351s ]

[ 2017-06-25T11:31:36+08:00 ] 182.131.12.12 /index.php?m=Mobile&c=Index&a=ajaxGetMore&p=1
INFO: [ app_init ] --START--
INFO: Run Behavior\BuildLiteBehavior [ RunTime:0.000013s ]
INFO: [ app_init ] --END-- [ RunTime:0.000110s ]
INFO: [ app_begin ] --START--
INFO: Run Behavior\ReadHtmlCacheBehavior [ RunTime:0.000050s ]
INFO: [ app_begin ] --END-- [ RunTime:0.000085s ]
INFO: [ view_begin ] --START--
INFO: Run Home\Behaviors\testBehavior [ RunTime:0.000105s ]
INFO: [ view_begin ] --END-- [ RunTime:0.000171s ]
INFO: [ view_parse ] --START--
INFO: [ template_filter ] --START--
INFO: Run Behavior\ContentReplaceBehavior [ RunTime:0.000043s ]
INFO: [ template_filter ] --END-- [ RunTime:0.000106s ]
NOTIC: [8] Use of undefined constant goods_id - assumed 'goods_id' /data/wwwroot/tpshop/Application/Runtime/Cache/Mobile/1e5b965c4527df62a04c05e6f82297a7.php 第 2 行.
NOTIC: [8] Use of undefined constant goods_id - assumed 'goods_id' /data/wwwroot/tpshop/Application/Runtime/Cache/Mobile/1e5b965c4527df62a04c05e6f82297a7.php 第 8 行.
NOTIC: [8] Use of undefined constant goods_id - assumed 'goods_id' /data/wwwroot/tpshop/Application/Runtime/Cache/Mobile/1e5b965c4527df62a04c05e6f82297a7.php 第 11 行.
NOTIC: [8] Use of undefined constant goods_id - assumed 'goods_id' /data/wwwroot/tpshop/Application/Runtime/Cache/Mobile/1e5b965c4527df62a04c05e6f82297a7.php 第 2 行.
NOTIC: [8] Use of undefined constant goods_id - assumed 'goods_id' /data/wwwroot/tpshop/Application/Runtime/Cache/Mobile/1e5b965c4527df62a04c05e6f82297a7.php 第 8 行.
NOTIC: [8] Use of undefined constant goods_id - assumed 'goods_id' /data/wwwroot/tpshop/Application/Runtime/Cache/Mobile/1e5b965c4527df62a04c05e6f82297a7.php 第 11 行.
NOTIC: [8] Use of undefined constant goods_id - assumed 'goods_id' /data/wwwroot/tpshop/Application/Runtime/Cache/Mobile/1e5b965c4527df62a04c05e6f82297a7.php 第 2 行.
NOTIC: [8] Use of undefined constant goods_id - assumed 'goods_id' /data/wwwroot/tpshop/Application/Runtime/Cache/Mobile/1e5b965c4527df62a04c05e6f82297a7.php 第 8 行.
NOTIC: [8] Use of undefined constant goods_id - assumed 'goods_id' /data/wwwroot/tpshop/Application/Runtime/Cache/Mobile/1e5b965c4527df62a04c05e6f82297a7.php 第 11 行.
NOTIC: [8] Use of undefined constant goods_id - assumed 'goods_id' /data/wwwroot/tpshop/Application/Runtime/Cache/Mobile/1e5b965c4527df62a04c05e6f82297a7.php 第 2 行.
NOTIC: [8] Use of undefined constant goods_id - assumed 'goods_id' /data/wwwroot/tpshop/Application/Runtime/Cache/Mobile/1e5b965c4527df62a04c05e6f82297a7.php 第 8 行.
NOTIC: [8] Use of undefined constant goods_id - assumed 'goods_id' /data/wwwroot/tpshop/Application/Runtime/Cache/Mobile/1e5b965c4527df62a04c05e6f82297a7.php 第 11 行.
NOTIC: [8] Use of undefined constant goods_id - assumed 'goods_id' /data/wwwroot/tpshop/Application/Runtime/Cache/Mobile/1e5b965c4527df62a04c05e6f82297a7.php 第 2 行.
NOTIC: [8] Use of undefined constant goods_id - assumed 'goods_id' /data/wwwroot/tpshop/Application/Runtime/Cache/Mobile/1e5b965c4527df62a04c05e6f82297a7.php 第 8 行.
NOTIC: [8] Use of undefined constant goods_id - assumed 'goods_id' /data/wwwroot/tpshop/Application/Runtime/Cache/Mobile/1e5b965c4527df62a04c05e6f82297a7.php 第 11 行.
NOTIC: [8] Use of undefined constant goods_id - assumed 'goods_id' /data/wwwroot/tpshop/Application/Runtime/Cache/Mobile/1e5b965c4527df62a04c05e6f82297a7.php 第 2 行.
NOTIC: [8] Use of undefined constant goods_id - assumed 'goods_id' /data/wwwroot/tpshop/Application/Runtime/Cache/Mobile/1e5b965c4527df62a04c05e6f82297a7.php 第 8 行.
NOTIC: [8] Use of undefined constant goods_id - assumed 'goods_id' /data/wwwroot/tpshop/Application/Runtime/Cache/Mobile/1e5b965c4527df62a04c05e6f82297a7.php 第 11 行.
NOTIC: [8] Use of undefined constant goods_id - assumed 'goods_id' /data/wwwroot/tpshop/Application/Runtime/Cache/Mobile/1e5b965c4527df62a04c05e6f82297a7.php 第 2 行.
NOTIC: [8] Use of undefined constant goods_id - assumed 'goods_id' /data/wwwroot/tpshop/Application/Runtime/Cache/Mobile/1e5b965c4527df62a04c05e6f82297a7.php 第 8 行.
NOTIC: [8] Use of undefined constant goods_id - assumed 'goods_id' /data/wwwroot/tpshop/Application/Runtime/Cache/Mobile/1e5b965c4527df62a04c05e6f82297a7.php 第 11 行.
NOTIC: [8] Use of undefined constant goods_id - assumed 'goods_id' /data/wwwroot/tpshop/Application/Runtime/Cache/Mobile/1e5b965c4527df62a04c05e6f82297a7.php 第 2 行.
NOTIC: [8] Use of undefined constant goods_id - assumed 'goods_id' /data/wwwroot/tpshop/Application/Runtime/Cache/Mobile/1e5b965c4527df62a04c05e6f82297a7.php 第 8 行.
NOTIC: [8] Use of undefined constant goods_id - assumed 'goods_id' /data/wwwroot/tpshop/Application/Runtime/Cache/Mobile/1e5b965c4527df62a04c05e6f82297a7.php 第 11 行.
NOTIC: [8] Use of undefined constant goods_id - assumed 'goods_id' /data/wwwroot/tpshop/Application/Runtime/Cache/Mobile/1e5b965c4527df62a04c05e6f82297a7.php 第 2 行.
NOTIC: [8] Use of undefined constant goods_id - assumed 'goods_id' /data/wwwroot/tpshop/Application/Runtime/Cache/Mobile/1e5b965c4527df62a04c05e6f82297a7.php 第 8 行.
NOTIC: [8] Use of undefined constant goods_id - assumed 'goods_id' /data/wwwroot/tpshop/Application/Runtime/Cache/Mobile/1e5b965c4527df62a04c05e6f82297a7.php 第 11 行.
NOTIC: [8] Use of undefined constant goods_id - assumed 'goods_id' /data/wwwroot/tpshop/Application/Runtime/Cache/Mobile/1e5b965c4527df62a04c05e6f82297a7.php 第 2 行.
NOTIC: [8] Use of undefined constant goods_id - assumed 'goods_id' /data/wwwroot/tpshop/Application/Runtime/Cache/Mobile/1e5b965c4527df62a04c05e6f82297a7.php 第 8 行.
NOTIC: [8] Use of undefined constant goods_id - assumed 'goods_id' /data/wwwroot/tpshop/Application/Runtime/Cache/Mobile/1e5b965c4527df62a04c05e6f82297a7.php 第 11 行.
INFO: Run Behavior\ParseTemplateBehavior [ RunTime:0.038013s ]
INFO: [ view_parse ] --END-- [ RunTime:0.038103s ]
INFO: [ view_filter ] --START--
INFO: Run Behavior\WriteHtmlCacheBehavior [ RunTime:0.000078s ]
INFO: Run Behavior\TokenBuildBehavior [ RunTime:0.000161s ]
INFO: [ view_filter ] --END-- [ RunTime:0.000292s ]
INFO: [ app_end ] --START--
INFO: Run Behavior\ShowPageTraceBehavior [ RunTime:0.000041s ]
INFO: [ app_end ] --END-- [ RunTime:0.000073s ]

[ 2017-06-25T11:31:40+08:00 ] 140.207.124.105 /
INFO: [ app_init ] --START--
INFO: Run Behavior\BuildLiteBehavior [ RunTime:0.000014s ]
INFO: [ app_init ] --END-- [ RunTime:0.000143s ]
INFO: [ app_begin ] --START--
INFO: Run Behavior\ReadHtmlCacheBehavior [ RunTime:0.000056s ]
INFO: [ app_begin ] --END-- [ RunTime:0.000098s ]
NOTIC: [8] Undefined index: openid /data/wwwroot/tpshop/Application/Mobile/Controller/MobileBaseController.class.php 第 49 行.
NOTIC: [8] Undefined index: openid /data/wwwroot/tpshop/Application/Mobile/Controller/MobileBaseController.class.php 第 127 行.

[ 2017-06-25T11:31:56+08:00 ] 182.131.12.12 /index.php?m=Mobile&c=Goods&a=goodsInfo&id=147
INFO: [ app_init ] --START--
INFO: Run Behavior\BuildLiteBehavior [ RunTime:0.000013s ]
INFO: [ app_init ] --END-- [ RunTime:0.000089s ]
INFO: [ app_begin ] --START--
INFO: Run Behavior\ReadHtmlCacheBehavior [ RunTime:0.000051s ]
INFO: [ app_begin ] --END-- [ RunTime:0.000091s ]
NOTIC: [2] Division by zero /data/wwwroot/tpshop/Application/Home/Logic/GoodsLogic.class.php 第 234 行.
NOTIC: [2] Division by zero /data/wwwroot/tpshop/Application/Home/Logic/GoodsLogic.class.php 第 235 行.
NOTIC: [2] Division by zero /data/wwwroot/tpshop/Application/Home/Logic/GoodsLogic.class.php 第 237 行.
INFO: [ view_begin ] --START--
INFO: Run Home\Behaviors\testBehavior [ RunTime:0.000100s ]
INFO: [ view_begin ] --END-- [ RunTime:0.000155s ]
INFO: [ view_parse ] --START--
NOTIC: [8] Undefined index: level /data/wwwroot/tpshop/ThinkPHP/Library/Think/Template/TagLib/Tpshop.class.php 第 155 行.
INFO: [ template_filter ] --START--
INFO: Run Behavior\ContentReplaceBehavior [ RunTime:0.000183s ]
INFO: [ template_filter ] --END-- [ RunTime:0.000265s ]
NOTIC: [8] Undefined variable: flash_sale /data/wwwroot/tpshop/Application/Runtime/Cache/Mobile/5bd58a10bd20005e3d14c8938586c581.php 第 117 行.
NOTIC: [8] Undefined variable: prom_goods /data/wwwroot/tpshop/Application/Runtime/Cache/Mobile/5bd58a10bd20005e3d14c8938586c581.php 第 134 行.
NOTIC: [8] Undefined variable: prom_order /data/wwwroot/tpshop/Application/Runtime/Cache/Mobile/5bd58a10bd20005e3d14c8938586c581.php 第 134 行.
NOTIC: [8] Use of undefined constant item - assumed 'item' /data/wwwroot/tpshop/Application/Runtime/Cache/Mobile/5bd58a10bd20005e3d14c8938586c581.php 第 164 行.
NOTIC: [8] Use of undefined constant item_id - assumed 'item_id' /data/wwwroot/tpshop/Application/Runtime/Cache/Mobile/5bd58a10bd20005e3d14c8938586c581.php 第 165 行.
NOTIC: [8] Use of undefined constant item - assumed 'item' /data/wwwroot/tpshop/Application/Runtime/Cache/Mobile/5bd58a10bd20005e3d14c8938586c581.php 第 166 行.
NOTIC: [8] Undefined index: flash_sale /data/wwwroot/tpshop/Application/Runtime/Cache/Mobile/5bd58a10bd20005e3d14c8938586c581.php 第 412 行.
NOTIC: [8] Use of undefined constant HTTP_HOST - assumed 'HTTP_HOST' /data/wwwroot/tpshop/Application/Runtime/Cache/Mobile/5bd58a10bd20005e3d14c8938586c581.php 第 449 行.
NOTIC: [8] Use of undefined constant goods_id - assumed 'goods_id' /data/wwwroot/tpshop/Application/Runtime/Cache/Mobile/5bd58a10bd20005e3d14c8938586c581.php 第 449 行.
NOTIC: [8] Use of undefined constant HTTP_HOST - assumed 'HTTP_HOST' /data/wwwroot/tpshop/Application/Runtime/Cache/Mobile/5bd58a10bd20005e3d14c8938586c581.php 第 450 行.
NOTIC: [8] Use of undefined constant goods_id - assumed 'goods_id' /data/wwwroot/tpshop/Application/Runtime/Cache/Mobile/5bd58a10bd20005e3d14c8938586c581.php 第 450 行.
INFO: Run Behavior\ParseTemplateBehavior [ RunTime:0.069959s ]
INFO: [ view_parse ] --END-- [ RunTime:0.070004s ]
INFO: [ view_filter ] --START--
INFO: Run Behavior\WriteHtmlCacheBehavior [ RunTime:0.000057s ]
INFO: Run Behavior\TokenBuildBehavior [ RunTime:0.000246s ]
INFO: [ view_filter ] --END-- [ RunTime:0.000369s ]
INFO: [ app_end ] --START--
INFO: Run Behavior\ShowPageTraceBehavior [ RunTime:0.000042s ]
INFO: [ app_end ] --END-- [ RunTime:0.000077s ]

[ 2017-06-25T11:31:56+08:00 ] 182.131.12.12 /index.php?m=Mobile&c=goods&a=ajaxComment&goods_id=147&commentType=1&p=1
INFO: [ app_init ] --START--
INFO: Run Behavior\BuildLiteBehavior [ RunTime:0.000014s ]
INFO: [ app_init ] --END-- [ RunTime:0.000092s ]
INFO: [ app_begin ] --START--
INFO: Run Behavior\ReadHtmlCacheBehavior [ RunTime:0.016984s ]
INFO: [ app_begin ] --END-- [ RunTime:0.017035s ]
INFO: [ view_begin ] --START--
INFO: Run Home\Behaviors\testBehavior [ RunTime:0.000077s ]
INFO: [ view_begin ] --END-- [ RunTime:0.000130s ]
INFO: [ view_parse ] --START--
INFO: [ template_filter ] --START--
INFO: Run Behavior\ContentReplaceBehavior [ RunTime:0.000044s ]
INFO: [ template_filter ] --END-- [ RunTime:0.000098s ]
INFO: Run Behavior\ParseTemplateBehavior [ RunTime:0.019603s ]
INFO: [ view_parse ] --END-- [ RunTime:0.019643s ]
INFO: [ view_filter ] --START--
INFO: Run Behavior\WriteHtmlCacheBehavior [ RunTime:0.000206s ]
INFO: Run Behavior\TokenBuildBehavior [ RunTime:0.000101s ]
INFO: [ view_filter ] --END-- [ RunTime:0.000363s ]
INFO: [ app_end ] --START--
INFO: Run Behavior\ShowPageTraceBehavior [ RunTime:0.000039s ]
INFO: [ app_end ] --END-- [ RunTime:0.000070s ]

[ 2017-06-25T11:32:07+08:00 ] 61.151.226.202 /index.php?m=Mobile&c=Goods&a=goodsInfo&id=147
INFO: [ app_init ] --START--
INFO: Run Behavior\BuildLiteBehavior [ RunTime:0.000014s ]
INFO: [ app_init ] --END-- [ RunTime:0.000089s ]
INFO: [ app_begin ] --START--
INFO: Run Behavior\ReadHtmlCacheBehavior [ RunTime:0.000095s ]
INFO: [ app_begin ] --END-- [ RunTime:0.000138s ]
NOTIC: [8] Undefined index: openid /data/wwwroot/tpshop/Application/Mobile/Controller/MobileBaseController.class.php 第 49 行.
NOTIC: [8] Undefined index: openid /data/wwwroot/tpshop/Application/Mobile/Controller/MobileBaseController.class.php 第 127 行.

[ 2017-06-25T11:32:29+08:00 ] 123.151.64.201 /index.php?m=Mobile&c=Goods&a=goodsInfo&id=147
INFO: [ app_init ] --START--
INFO: Run Behavior\BuildLiteBehavior [ RunTime:0.000016s ]
INFO: [ app_init ] --END-- [ RunTime:0.000094s ]
INFO: [ app_begin ] --START--
INFO: Run Behavior\ReadHtmlCacheBehavior [ RunTime:0.000057s ]
INFO: [ app_begin ] --END-- [ RunTime:0.000096s ]
NOTIC: [8] Undefined index: openid /data/wwwroot/tpshop/Application/Mobile/Controller/MobileBaseController.class.php 第 49 行.
NOTIC: [8] Undefined index: openid /data/wwwroot/tpshop/Application/Mobile/Controller/MobileBaseController.class.php 第 127 行.

