[ 2017-07-11T03:29:12+08:00 ] 140.207.54.79 /index.php?m=Home&c=Weixin&a=index&signature=f74dbb17f806ac1a51ff3b925a04f5bfb03178f0&timestamp=1499714951&nonce=901999740&openid=obuMewD8sBMyiyOat5CVGAKoO09Q
INFO: [ app_init ] --START--
INFO: Run Behavior\BuildLiteBehavior [ RunTime:0.000023s ]
INFO: [ app_init ] --END-- [ RunTime:0.002549s ]
INFO: [ app_begin ] --START--
INFO: Run Behavior\ReadHtmlCacheBehavior [ RunTime:0.003043s ]
INFO: [ app_begin ] --END-- [ RunTime:0.003118s ]
INFO: [ app_end ] --START--
INFO: Run Behavior\ShowPageTraceBehavior [ RunTime:0.004117s ]
INFO: [ app_end ] --END-- [ RunTime:0.004193s ]

[ 2017-07-11T21:30:48+08:00 ] 116.21.94.76 /index.php?m=Home&c=Cart&a=header_cart_list
INFO: [ app_init ] --START--
INFO: Run Behavior\BuildLiteBehavior [ RunTime:0.000021s ]
INFO: [ app_init ] --END-- [ RunTime:0.000153s ]
INFO: [ app_begin ] --START--
INFO: Run Behavior\ReadHtmlCacheBehavior [ RunTime:0.000105s ]
INFO: [ app_begin ] --END-- [ RunTime:0.000186s ]
NOTIC: [8] Use of undefined constant discount - assumed 'discount' /data/wwwroot/tpshop/Application/Home/Controller/CartController.class.php 第 37 行.
NOTIC: [8] Use of undefined constant discount - assumed 'discount' /data/wwwroot/tpshop/Application/Home/Controller/CartController.class.php 第 37 行.
NOTIC: [8] Use of undefined constant discount - assumed 'discount' /data/wwwroot/tpshop/Application/Home/Controller/CartController.class.php 第 37 行.
NOTIC: [8] Use of undefined constant discount - assumed 'discount' /data/wwwroot/tpshop/Application/Home/Controller/CartController.class.php 第 38 行.
NOTIC: [8] Use of undefined constant user_id - assumed 'user_id' /data/wwwroot/tpshop/Application/Home/Controller/CartController.class.php 第 38 行.
NOTIC: [8] Use of undefined constant user_id - assumed 'user_id' /data/wwwroot/tpshop/Application/Home/Logic/CartLogic.class.php 第 163 行.
INFO: [ view_begin ] --START--
INFO: Run Home\Behaviors\testBehavior [ RunTime:0.000093s ]
INFO: [ view_begin ] --END-- [ RunTime:0.000143s ]
ERR: 模板不存在:./Template/pc/default/Cart/header_cart_list.html

