[ 2017-07-24T09:25:47+08:00 ] 140.207.54.75 /index.php?m=Home&c=Weixin&a=index&signature=3a29b53ac2a1539f795220e5d25dd34a293043f3&timestamp=1500859546&nonce=504259880&openid=obuMewF6B3xizN1IQOxTF0-QwY9Y
INFO: [ app_init ] --START--
INFO: Run Behavior\BuildLiteBehavior [ RunTime:0.000022s ]
INFO: [ app_init ] --END-- [ RunTime:0.004094s ]
INFO: [ app_begin ] --START--
INFO: Run Behavior\ReadHtmlCacheBehavior [ RunTime:0.002580s ]
INFO: [ app_begin ] --END-- [ RunTime:0.002654s ]
INFO: [ app_end ] --START--
INFO: Run Behavior\ShowPageTraceBehavior [ RunTime:0.006263s ]
INFO: [ app_end ] --END-- [ RunTime:0.006641s ]

[ 2017-07-24T09:25:49+08:00 ] 223.86.195.3 /index.php?m=Home&c=Cart&a=header_cart_list
INFO: [ app_init ] --START--
INFO: Run Behavior\BuildLiteBehavior [ RunTime:0.000014s ]
INFO: [ app_init ] --END-- [ RunTime:0.000089s ]
INFO: [ app_begin ] --START--
INFO: Run Behavior\ReadHtmlCacheBehavior [ RunTime:0.000060s ]
INFO: [ app_begin ] --END-- [ RunTime:0.000097s ]
NOTIC: [8] Use of undefined constant discount - assumed 'discount' /data/wwwroot/tpshop/Application/Home/Controller/CartController.class.php 第 37 行.
NOTIC: [8] Use of undefined constant discount - assumed 'discount' /data/wwwroot/tpshop/Application/Home/Controller/CartController.class.php 第 37 行.
NOTIC: [8] Use of undefined constant discount - assumed 'discount' /data/wwwroot/tpshop/Application/Home/Controller/CartController.class.php 第 37 行.
NOTIC: [8] Use of undefined constant discount - assumed 'discount' /data/wwwroot/tpshop/Application/Home/Controller/CartController.class.php 第 38 行.
NOTIC: [8] Use of undefined constant user_id - assumed 'user_id' /data/wwwroot/tpshop/Application/Home/Controller/CartController.class.php 第 38 行.
NOTIC: [8] Use of undefined constant user_id - assumed 'user_id' /data/wwwroot/tpshop/Application/Home/Logic/CartLogic.class.php 第 163 行.
INFO: [ view_begin ] --START--
INFO: Run Home\Behaviors\testBehavior [ RunTime:0.000087s ]
INFO: [ view_begin ] --END-- [ RunTime:0.000134s ]
ERR: 模板不存在:./Template/pc/default/Cart/header_cart_list.html

[ 2017-07-24T09:26:20+08:00 ] 140.207.54.76 /index.php?m=Home&c=Weixin&a=index&signature=f83d34bdd03c2e2e2bedf7e7ddf8047014860ff0&timestamp=1500859580&nonce=924171078&openid=obuMewF6B3xizN1IQOxTF0-QwY9Y
INFO: [ app_init ] --START--
INFO: Run Behavior\BuildLiteBehavior [ RunTime:0.000014s ]
INFO: [ app_init ] --END-- [ RunTime:0.000089s ]
INFO: [ app_begin ] --START--
INFO: Run Behavior\ReadHtmlCacheBehavior [ RunTime:0.000037s ]
INFO: [ app_begin ] --END-- [ RunTime:0.000076s ]
INFO: [ app_end ] --START--
INFO: Run Behavior\ShowPageTraceBehavior [ RunTime:0.000057s ]
INFO: [ app_end ] --END-- [ RunTime:0.000114s ]

