[ 2017-07-18T12:34:29+08:00 ] 140.207.54.80 /index.php?m=Home&c=Weixin&a=index&signature=f16346ff389e8e1473f64fca14e56eb42b084da3&timestamp=1500352468&nonce=2092231415&openid=obuMewIqZXh-KG2gMI1UyiZfYidA
INFO: [ app_init ] --START--
INFO: Run Behavior\BuildLiteBehavior [ RunTime:0.000017s ]
INFO: [ app_init ] --END-- [ RunTime:0.000117s ]
INFO: [ app_begin ] --START--
INFO: Run Behavior\ReadHtmlCacheBehavior [ RunTime:0.025830s ]
INFO: [ app_begin ] --END-- [ RunTime:0.025907s ]

[ 2017-07-18T12:34:39+08:00 ] 101.226.66.193 /index.php?m=Home&c=Weixin&a=index
INFO: [ app_init ] --START--
INFO: Run Behavior\BuildLiteBehavior [ RunTime:0.000016s ]
INFO: [ app_init ] --END-- [ RunTime:0.000099s ]
INFO: [ app_begin ] --START--
INFO: Run Behavior\ReadHtmlCacheBehavior [ RunTime:0.000059s ]
INFO: [ app_begin ] --END-- [ RunTime:0.000099s ]
NOTIC: [8] Undefined index: HTTP_RAW_POST_DATA /data/wwwroot/tpshop/Application/Home/Controller/WeixinController.class.php 第 104 行.

[ 2017-07-18T13:05:56+08:00 ] 220.166.46.113 /index.php?m=Home&c=Cart&a=header_cart_list
INFO: [ app_init ] --START--
INFO: Run Behavior\BuildLiteBehavior [ RunTime:0.000012s ]
INFO: [ app_init ] --END-- [ RunTime:0.000078s ]
INFO: [ app_begin ] --START--
INFO: Run Behavior\ReadHtmlCacheBehavior [ RunTime:0.000203s ]
INFO: [ app_begin ] --END-- [ RunTime:0.000346s ]
NOTIC: [8] Use of undefined constant discount - assumed 'discount' /data/wwwroot/tpshop/Application/Home/Controller/CartController.class.php 第 37 行.
NOTIC: [8] Use of undefined constant discount - assumed 'discount' /data/wwwroot/tpshop/Application/Home/Controller/CartController.class.php 第 37 行.
NOTIC: [8] Use of undefined constant discount - assumed 'discount' /data/wwwroot/tpshop/Application/Home/Controller/CartController.class.php 第 37 行.
NOTIC: [8] Use of undefined constant discount - assumed 'discount' /data/wwwroot/tpshop/Application/Home/Controller/CartController.class.php 第 38 行.
NOTIC: [8] Use of undefined constant user_id - assumed 'user_id' /data/wwwroot/tpshop/Application/Home/Controller/CartController.class.php 第 38 行.
NOTIC: [8] Use of undefined constant user_id - assumed 'user_id' /data/wwwroot/tpshop/Application/Home/Logic/CartLogic.class.php 第 163 行.
INFO: [ view_begin ] --START--
INFO: Run Home\Behaviors\testBehavior [ RunTime:0.000081s ]
INFO: [ view_begin ] --END-- [ RunTime:0.000129s ]
ERR: 模板不存在:./Template/pc/default/Cart/header_cart_list.html

[ 2017-07-18T15:38:09+08:00 ] 140.207.54.76 /index.php?m=Home&c=Weixin&a=index&signature=5c2883283cd978adfb467220f6618156dcf5f814&timestamp=1500363489&nonce=2118939392&openid=obuMewHySeuHk_Y3c22F_7kpGVyI
INFO: [ app_init ] --START--
INFO: Run Behavior\BuildLiteBehavior [ RunTime:0.000026s ]
INFO: [ app_init ] --END-- [ RunTime:0.000193s ]
INFO: [ app_begin ] --START--
INFO: Run Behavior\ReadHtmlCacheBehavior [ RunTime:0.000069s ]
INFO: [ app_begin ] --END-- [ RunTime:0.000117s ]
NOTIC: [8] Undefined offset: 0 /data/wwwroot/tpshop/ThinkPHP/Library/Think/Db/Driver.class.php 第 114 行.
NOTIC: [8] Undefined offset: 0 /data/wwwroot/tpshop/ThinkPHP/Library/Think/Db/Driver.class.php 第 114 行.
NOTIC: [8] Undefined offset: 0 /data/wwwroot/tpshop/ThinkPHP/Library/Think/Db/Driver.class.php 第 114 行.
NOTIC: [8] Undefined offset: 0 /data/wwwroot/tpshop/ThinkPHP/Library/Think/Db/Driver.class.php 第 114 行.
NOTIC: [8] Undefined offset: 0 /data/wwwroot/tpshop/ThinkPHP/Library/Think/Db/Driver.class.php 第 114 行.
NOTIC: [8] Undefined offset: 0 /data/wwwroot/tpshop/ThinkPHP/Library/Think/Db/Driver.class.php 第 114 行.
NOTIC: [8] Undefined offset: 0 /data/wwwroot/tpshop/ThinkPHP/Library/Think/Db/Driver.class.php 第 114 行.
NOTIC: [8] Undefined offset: 0 /data/wwwroot/tpshop/ThinkPHP/Library/Think/Db/Driver.class.php 第 114 行.
NOTIC: [8] Undefined offset: 0 /data/wwwroot/tpshop/ThinkPHP/Library/Think/Db/Driver.class.php 第 114 行.
NOTIC: [8] Undefined index: echostr /data/wwwroot/tpshop/Application/Home/Controller/WeixinController.class.php 第 96 行.

[ 2017-07-18T15:38:13+08:00 ] 140.207.54.76 /index.php?m=Home&c=Weixin&a=index&signature=3a4ce425e977b61fa07f77363ebee81ef5686aba&timestamp=1500363493&nonce=869597969&openid=obuMewHySeuHk_Y3c22F_7kpGVyI
INFO: [ app_init ] --START--
INFO: Run Behavior\BuildLiteBehavior [ RunTime:0.000015s ]
INFO: [ app_init ] --END-- [ RunTime:0.000089s ]
INFO: [ app_begin ] --START--
INFO: Run Behavior\ReadHtmlCacheBehavior [ RunTime:0.000037s ]
INFO: [ app_begin ] --END-- [ RunTime:0.000074s ]
NOTIC: [8] Undefined offset: 0 /data/wwwroot/tpshop/ThinkPHP/Library/Think/Db/Driver.class.php 第 114 行.
NOTIC: [8] Undefined offset: 0 /data/wwwroot/tpshop/ThinkPHP/Library/Think/Db/Driver.class.php 第 114 行.
NOTIC: [8] Undefined offset: 0 /data/wwwroot/tpshop/ThinkPHP/Library/Think/Db/Driver.class.php 第 114 行.
NOTIC: [8] Undefined offset: 0 /data/wwwroot/tpshop/ThinkPHP/Library/Think/Db/Driver.class.php 第 114 行.
NOTIC: [8] Undefined offset: 0 /data/wwwroot/tpshop/ThinkPHP/Library/Think/Db/Driver.class.php 第 114 行.
NOTIC: [8] Undefined offset: 0 /data/wwwroot/tpshop/ThinkPHP/Library/Think/Db/Driver.class.php 第 114 行.
NOTIC: [8] Undefined offset: 0 /data/wwwroot/tpshop/ThinkPHP/Library/Think/Db/Driver.class.php 第 114 行.
NOTIC: [8] Undefined offset: 0 /data/wwwroot/tpshop/ThinkPHP/Library/Think/Db/Driver.class.php 第 114 行.
NOTIC: [8] Undefined offset: 0 /data/wwwroot/tpshop/ThinkPHP/Library/Think/Db/Driver.class.php 第 114 行.
NOTIC: [8] Undefined index: echostr /data/wwwroot/tpshop/Application/Home/Controller/WeixinController.class.php 第 96 行.

[ 2017-07-18T15:38:15+08:00 ] 182.131.10.29 /index.php?m=Home&c=Cart&a=header_cart_list
INFO: [ app_init ] --START--
INFO: Run Behavior\BuildLiteBehavior [ RunTime:0.000010s ]
INFO: [ app_init ] --END-- [ RunTime:0.000073s ]
INFO: [ app_begin ] --START--
INFO: Run Behavior\ReadHtmlCacheBehavior [ RunTime:0.000051s ]
INFO: [ app_begin ] --END-- [ RunTime:0.000087s ]
NOTIC: [8] Undefined offset: 0 /data/wwwroot/tpshop/ThinkPHP/Library/Think/Db/Driver.class.php 第 114 行.
NOTIC: [8] Undefined offset: 0 /data/wwwroot/tpshop/ThinkPHP/Library/Think/Db/Driver.class.php 第 114 行.
NOTIC: [8] Undefined offset: 0 /data/wwwroot/tpshop/ThinkPHP/Library/Think/Db/Driver.class.php 第 114 行.
NOTIC: [8] Undefined offset: 0 /data/wwwroot/tpshop/ThinkPHP/Library/Think/Db/Driver.class.php 第 114 行.
NOTIC: [8] Undefined offset: 0 /data/wwwroot/tpshop/ThinkPHP/Library/Think/Db/Driver.class.php 第 114 行.
NOTIC: [8] Undefined offset: 0 /data/wwwroot/tpshop/ThinkPHP/Library/Think/Db/Driver.class.php 第 114 行.
NOTIC: [8] Undefined offset: 0 /data/wwwroot/tpshop/ThinkPHP/Library/Think/Db/Driver.class.php 第 114 行.
NOTIC: [8] Undefined offset: 0 /data/wwwroot/tpshop/ThinkPHP/Library/Think/Db/Driver.class.php 第 114 行.
NOTIC: [8] Use of undefined constant user_id - assumed 'user_id' /data/wwwroot/tpshop/Application/Home/Logic/CartLogic.class.php 第 163 行.
NOTIC: [8] Undefined index: user_id /data/wwwroot/tpshop/Application/Home/Logic/CartLogic.class.php 第 163 行.
NOTIC: [8] Use of undefined constant user_id - assumed 'user_id' /data/wwwroot/tpshop/Application/Home/Logic/CartLogic.class.php 第 171 行.
NOTIC: [8] Undefined offset: 0 /data/wwwroot/tpshop/ThinkPHP/Library/Think/Db/Driver.class.php 第 114 行.
NOTIC: [8] Undefined offset: 0 /data/wwwroot/tpshop/ThinkPHP/Library/Think/Db/Driver.class.php 第 114 行.
NOTIC: [8] Undefined offset: 0 /data/wwwroot/tpshop/ThinkPHP/Library/Think/Db/Driver.class.php 第 114 行.
NOTIC: [2] Invalid argument supplied for foreach() /data/wwwroot/tpshop/Application/Home/Logic/CartLogic.class.php 第 177 行.
INFO: [ view_begin ] --START--
INFO: Run Home\Behaviors\testBehavior [ RunTime:0.000069s ]
INFO: [ view_begin ] --END-- [ RunTime:0.000113s ]
ERR: 模板不存在:./Template/pc/default/Cart/header_cart_list.html

[ 2017-07-18T15:48:45+08:00 ] 140.207.54.75 /index.php?m=Home&c=Weixin&a=index&signature=892890a8bc3d73e0f8f7af726f989db4f374545b&timestamp=1500364125&nonce=403577449&openid=obuMewHySeuHk_Y3c22F_7kpGVyI
INFO: [ app_init ] --START--
INFO: Run Behavior\BuildLiteBehavior [ RunTime:0.000015s ]
INFO: [ app_init ] --END-- [ RunTime:0.000102s ]
INFO: [ app_begin ] --START--
INFO: Run Behavior\ReadHtmlCacheBehavior [ RunTime:0.000046s ]
INFO: [ app_begin ] --END-- [ RunTime:0.000084s ]
INFO: [ app_end ] --START--
INFO: Run Behavior\ShowPageTraceBehavior [ RunTime:0.000102s ]
INFO: [ app_end ] --END-- [ RunTime:0.000258s ]

[ 2017-07-18T15:48:51+08:00 ] 140.207.54.76 /index.php?m=Home&c=Weixin&a=index&signature=f755c9470e9018078e3870a8cd06d22b84d10be5&timestamp=1500364131&nonce=17243104&openid=obuMewHySeuHk_Y3c22F_7kpGVyI
INFO: [ app_init ] --START--
INFO: Run Behavior\BuildLiteBehavior [ RunTime:0.000013s ]
INFO: [ app_init ] --END-- [ RunTime:0.000085s ]
INFO: [ app_begin ] --START--
INFO: Run Behavior\ReadHtmlCacheBehavior [ RunTime:0.000037s ]
INFO: [ app_begin ] --END-- [ RunTime:0.000075s ]
INFO: [ app_end ] --START--
INFO: Run Behavior\ShowPageTraceBehavior [ RunTime:0.000071s ]
INFO: [ app_end ] --END-- [ RunTime:0.000155s ]

