[ 2017-07-24T09:25:49+08:00 ] 223.86.195.3 /Template/mobile/new/Static/images/loading.gif
INFO: [ app_init ] --START--
INFO: Run Behavior\BuildLiteBehavior [ RunTime:0.000014s ]
INFO: [ app_init ] --END-- [ RunTime:0.000089s ]
ERR: 无法加载模块:Template

[ 2017-07-24T09:26:20+08:00 ] 223.86.195.3 /Template/mobile/new/Static/images/loading.gif
INFO: [ app_init ] --START--
INFO: Run Behavior\BuildLiteBehavior [ RunTime:0.000014s ]
INFO: [ app_init ] --END-- [ RunTime:0.000088s ]
ERR: 无法加载模块:Template

[ 2017-07-24T09:26:49+08:00 ] 223.86.195.3 /Template/mobile/new/Static/images/loading.gif
INFO: [ app_init ] --START--
INFO: Run Behavior\BuildLiteBehavior [ RunTime:0.000015s ]
INFO: [ app_init ] --END-- [ RunTime:0.000095s ]
ERR: 无法加载模块:Template

[ 2017-07-24T09:26:56+08:00 ] 223.86.195.3 /Template/mobile/new/Static/images/loading.gif
INFO: [ app_init ] --START--
INFO: Run Behavior\BuildLiteBehavior [ RunTime:0.000014s ]
INFO: [ app_init ] --END-- [ RunTime:0.000107s ]
ERR: 无法加载模块:Template

[ 2017-07-24T09:27:00+08:00 ] 223.86.195.3 /Template/mobile/new/Static/images/loading.gif
INFO: [ app_init ] --START--
INFO: Run Behavior\BuildLiteBehavior [ RunTime:0.000014s ]
INFO: [ app_init ] --END-- [ RunTime:0.000091s ]
ERR: 无法加载模块:Template

[ 2017-07-24T09:27:02+08:00 ] 223.86.195.3 /Template/mobile/new/Static/images/loading.gif
INFO: [ app_init ] --START--
INFO: Run Behavior\BuildLiteBehavior [ RunTime:0.000014s ]
INFO: [ app_init ] --END-- [ RunTime:0.000091s ]
ERR: 无法加载模块:Template

