[ 2017-06-23T22:18:30+08:00 ] 37.110.33.26 /index.php/Admin/Admin/login
INFO: [ app_init ] --START--
INFO: Run Behavior\BuildLiteBehavior [ RunTime:0.000015s ]
INFO: [ app_init ] --END-- [ RunTime:0.000096s ]
INFO: [ app_begin ] --START--
INFO: Run Behavior\ReadHtmlCacheBehavior [ RunTime:0.000097s ]
INFO: [ app_begin ] --END-- [ RunTime:0.000192s ]
NOTIC: [8] Undefined index: login /data/wwwroot/tpshop/Application/Admin/Common/function.php 第 69 行.
INFO: [ view_begin ] --START--
INFO: Run Home\Behaviors\testBehavior [ RunTime:0.010414s ]
INFO: [ view_begin ] --END-- [ RunTime:0.010527s ]
INFO: [ view_parse ] --START--
INFO: [ template_filter ] --START--
INFO: Run Behavior\ContentReplaceBehavior [ RunTime:0.000052s ]
INFO: [ template_filter ] --END-- [ RunTime:0.000127s ]
INFO: Run Behavior\ParseTemplateBehavior [ RunTime:0.068535s ]
INFO: [ view_parse ] --END-- [ RunTime:0.068610s ]
INFO: [ view_filter ] --START--
INFO: Run Behavior\WriteHtmlCacheBehavior [ RunTime:0.003461s ]
INFO: Run Behavior\TokenBuildBehavior [ RunTime:0.002360s ]
INFO: [ view_filter ] --END-- [ RunTime:0.005901s ]
INFO: [ app_end ] --START--
INFO: Run Behavior\ShowPageTraceBehavior [ RunTime:0.000058s ]
INFO: [ app_end ] --END-- [ RunTime:0.000094s ]

