[ 2017-06-26T11:43:22+08:00 ] 178.140.32.57 /index.php/Admin/Admin/login
INFO: [ app_init ] --START--
INFO: Run Behavior\BuildLiteBehavior [ RunTime:0.000019s ]
INFO: [ app_init ] --END-- [ RunTime:0.000118s ]
INFO: [ app_begin ] --START--
INFO: Run Behavior\ReadHtmlCacheBehavior [ RunTime:0.008782s ]
INFO: [ app_begin ] --END-- [ RunTime:0.008885s ]
NOTIC: [8] Undefined index: login /data/wwwroot/tpshop/Application/Admin/Common/function.php 第 69 行.
INFO: [ view_begin ] --START--
INFO: Run Home\Behaviors\testBehavior [ RunTime:0.008744s ]
INFO: [ view_begin ] --END-- [ RunTime:0.008826s ]
INFO: [ view_parse ] --START--
INFO: [ template_filter ] --START--
INFO: Run Behavior\ContentReplaceBehavior [ RunTime:0.000046s ]
INFO: [ template_filter ] --END-- [ RunTime:0.000145s ]
INFO: Run Behavior\ParseTemplateBehavior [ RunTime:0.047063s ]
INFO: [ view_parse ] --END-- [ RunTime:0.047120s ]
INFO: [ view_filter ] --START--
INFO: Run Behavior\WriteHtmlCacheBehavior [ RunTime:0.006390s ]
INFO: Run Behavior\TokenBuildBehavior [ RunTime:0.002619s ]
INFO: [ view_filter ] --END-- [ RunTime:0.009112s ]
INFO: [ app_end ] --START--
INFO: Run Behavior\ShowPageTraceBehavior [ RunTime:0.003991s ]
INFO: [ app_end ] --END-- [ RunTime:0.004041s ]

